    OpenRGB v0.9+ (1.0rc2)
    Commit:  from 
    Launched: 20260321_094627
====================================================================================================

0     |Info:    [ProfileManager] Found file: teste.orp attempting to validate header
0     |Info:    [ProfileManager] Valid v5 profile found for teste
1059  |Info:    [ResourceManager] Initializing HID interfaces: Success
1059  |Info:    ------------------------------------------------------
1059  |Info:    |               Start device detection               |
1059  |Info:    ------------------------------------------------------
1072  |Info:    ------------------------------------------------------
1072  |Info:    |             Detecting I2C interfaces               |
1072  |Info:    ------------------------------------------------------
1072  |Info:    [ResourceManager] Registering I2C interface: /dev/i2c-3 Device 1002:1638 Subsystem: 1025:151E
1073  |Info:    [ResourceManager] Registering I2C interface: /dev/i2c-1 Device 10DE:1F9D Subsystem: 1025:151E
1073  |Warning: [i2c_smbus_linux] Failed to read i2c device PCI device ID
1073  |Info:    [ResourceManager] Registering I2C interface: /dev/i2c-8 Device 0000:0000 Subsystem: 0000:0000
1073  |Info:    [ResourceManager] Registering I2C interface: /dev/i2c-6 Device 1022:790B Subsystem: 1025:151E
1073  |Warning: [i2c_smbus_linux] Failed to read i2c device PCI device ID
1073  |Info:    [ResourceManager] Registering I2C interface: /dev/i2c-4 Device 0000:0000 Subsystem: 0000:0000
1073  |Info:    [ResourceManager] Registering I2C interface: /dev/i2c-2 Device 10DE:1F9D Subsystem: 1025:151E
1073  |Info:    [ResourceManager] Registering I2C interface: /dev/i2c-0 Device 0000:0000 Subsystem: 0000:0000
1073  |Info:    [ResourceManager] Registering I2C interface: /dev/i2c-ELAN050A:00 Device 0000:0000 Subsystem: 0000:0000
1073  |Info:    [ResourceManager] Registering I2C interface: /dev/i2c-7 Device 1022:790B Subsystem: 1025:151E
1073  |Info:    [ResourceManager] Registering I2C interface: /dev/i2c-5 Device 1022:790B Subsystem: 1025:151E
1073  |Info:    ------------------------------------------------------
1073  |Info:    |               Detecting I2C devices                |
1073  |Info:    ------------------------------------------------------
2238  |Info:    ------------------------------------------------------
2238  |Info:    |            Detecting I2C DIMM modules              |
2238  |Info:    ------------------------------------------------------
2535  |Info:    [ResourceManager] Detected occupied slot 1, bus 8, type FPM
2795  |Info:    [ResourceManager] Detected occupied slot 2, bus 8, type FPM
3571  |Info:    [ResourceManager] Detected occupied slot 1, bus 9, type DDR4
4865  |Info:    [ResourceManager] Detected occupied slot 2, bus 9, type DDR4
5911  |Info:    ------------------------------------------------------
5911  |Info:    |               Detecting I2C PCI devices            |
5911  |Info:    ------------------------------------------------------
5912  |Info:    ------------------------------------------------------
5912  |Info:    |               Detecting HID devices                |
5912  |Info:    ------------------------------------------------------
5946  |Info:    [Razer Deathadder V2] Registering RGB controller
5947  |Info:    [Corsair K65 Mini] Registering RGB controller
5947  |Info:    ------------------------------------------------------
5947  |Info:    |            Detecting libusb HID devices            |
5947  |Info:    ------------------------------------------------------
6041  |Info:    ------------------------------------------------------
6041  |Info:    |              Detecting other devices               |
6041  |Info:    ------------------------------------------------------
6070  |Info:    [ResourceManager] Calling Post-detection callbacks
6070  |Info:    ------------------------------------------------------
6070  |Info:    |                Detection completed                 |
6070  |Info:    ------------------------------------------------------
6070  |Dialog:  <h2>Some internal devices may not be detected:</h2><p>One or more I2C or SMBus interfaces failed to initialize.</p><p><b>RGB DRAM modules, some motherboards' onboard RGB lighting, and RGB Graphics Cards, will not be available in OpenRGB</b> without I2C or SMBus.</p><h4>How to fix this:</h4><p>On Linux, this is usually because the i2c-dev module is not loaded.</p><p>You must load the i2c-dev module along with the correct i2c driver for your motherboard. This is usually i2c-piix4 for AMD systems and i2c-i801 for Intel systems.</p><p>See <a href='https://help.openrgb.org/'>help.openrgb.org</a> for additional troubleshooting steps if you keep seeing this message.<br></p><h3>If you are not using internal RGB on a desktop this message is not important to you.</h3>
6070  |Info:    [ProfileManager] Profile loading: FAILED! for Razer Deathadder V2 @ HID: /dev/hidraw4
6070  |Info:    [ProfileManager] Profile loading: FAILED! for Corsair K65 Mini @ HID: /8950  |ERROR:   [NetworkServer] recv_select failed receiving magic, closing listener
8950  |Info:    [NetworkServer] Closing server connection: 127.0.0.1
19333173|Info:    [NetworkServer] Network server started
19333431|Info:    [NetworkServer] Network server started
19541520|Info:    [ResourceManager] Initializing HID interfaces: Success
19541520|Info:    ------------------------------------------------------
19541520|Info:    |               Start device detection               |
19541520|Info:    ------------------------------------------------------
19541538|Info:    ------------------------------------------------------
19541538|Info:    |             Detecting I2C interfaces               |
19541538|Info:    ------------------------------------------------------
19541538|Info:    [ResourceManager] Registering I2C interface: /dev/i2c-3 Device 1002:1638 Subsystem: 1025:151E
19541538|Info:    [ResourceManager] Registering I2C interface: /dev/i2c-1 Device 10DE:1F9D Subsystem: 1025:151E
19541538|Warning: [i2c_smbus_linux] Failed to read i2c device PCI device ID
19541538|Info:    [ResourceManager] Registering I2C interface: /dev/i2c-8 Device 0000:0000 Subsystem: 0000:0000
19541538|Info:    [ResourceManager] Registering I2C interface: /dev/i2c-6 Device 1022:790B Subsystem: 1025:151E
19541538|Warning: [i2c_smbus_linux] Failed to read i2c device PCI device ID
19541538|Info:    [ResourceManager] Registering I2C interface: /dev/i2c-4 Device 0000:0000 Subsystem: 0000:0000
19541538|Info:    [ResourceManager] Registering I2C interface: /dev/i2c-2 Device 10DE:1F9D Subsystem: 1025:151E
19541538|Info:    [ResourceManager] Registering I2C interface: /dev/i2c-0 Device 0000:0000 Subsystem: 0000:0000
19541539|Info:    [ResourceManager] Registering I2C interface: /dev/i2c-ELAN050A:00 Device 0000:0000 Subsystem: 0000:0000
19541539|Info:    [ResourceManager] Registering I2C interface: /dev/i2c-7 Device 1022:790B Subsystem: 1025:151E
19541539|Info:    [ResourceManager] Registering I2C interface: /dev/i2c-5 Device 1022:790B Subsystem: 1025:151E
19541539|Info:    ------------------------------------------------------
19541539|Info:    |               Detecting I2C devices                |
19541539|Info:    ------------------------------------------------------
19542626|Info:    ------------------------------------------------------
19542626|Info:    |            Detecting I2C DIMM modules              |
19542626|Info:    ------------------------------------------------------
19542802|Info:    [ResourceManager] Detected occupied slot 1, bus 8, type FPM
19542934|Info:    [ResourceManager] Detected occupied slot 2, bus 8, type FPM
19543708|Info:    [ResourceManager] Detected occupied slot 1, bus 9, type DDR4
19544991|Info:    [ResourceManager] Detected occupied slot 2, bus 9, type DDR4
19546020|Info:    ------------------------------------------------------
19546020|Info:    |               Detecting I2C PCI devices            |
19546020|Info:    ------------------------------------------------------
19546022|Info:    ------------------------------------------------------
19546022|Info:    |               Detecting HID devices                |
19546022|Info:    ------------------------------------------------------
19546055|Info:    [Razer Deathadder V2] Registering RGB controller
19546107|Info:    [Corsair K65 Mini] Registering RGB controller
19546107|Info:    ------------------------------------------------------
19546107|Info:    |            Detecting libusb HID devices            |
19546107|Info:    ------------------------------------------------------
19546163|Info:    ------------------------------------------------------
19546163|Info:    |              Detecting other devices               |
19546163|Info:    ------------------------------------------------------
19546180|Info:    [ResourceManager] Calling Post-detection callbacks
19546180|Info:    ------------------------------------------------------
19546180|Info:    |                Detection completed                 |
19546180|Info:    ------------------------------------------------------
19546180|Dialog:  <h2>Some internal devices may not be detected:</h2><p>One or more I2C or SMBus interfaces failed to initialize.</p><p><b>RGB DRAM modules, some motherboards' onboard RGB lighting, and RGB Graphics Cards, will not be available in OpenRGB</b> without I2C or SMBus.</p><h4>How to fix this:</h4><p>On Linux, this is usually because the i2c-dev module is not loaded.</p><p>You must load the i2c-dev module along with the correct i2c driver for your motherboard. This is usually i2c-piix4 for AMD systems and i2c-i801 for Intel systems.</p><p>See <a href='https://help.openrgb.org/'>help.openrgb.org</a> for additional troubleshooting steps if you keep seeing this message.<br></p><h3>If you are not using internal RGB on a desktop this message is not important to you.</h3>
19561109|Info:    [ResourceManager] Initializing HID interfaces: Success
19561109|Info:    ------------------------------------------------------
19561109|Info:    |               Start device detection               |
19561109|Info:    ------------------------------------------------------
19561125|Info:    ------------------------------------------------------
19561125|Info:    |             Detecting I2C interfaces               |
19561125|Info:    ------------------------------------------------------
19561125|Info:    [ResourceManager] Registering I2C interface: /dev/i2c-3 Device 1002:1638 Subsystem: 1025:151E
19561125|Info:    [ResourceManager] Registering I2C interface: /dev/i2c-1 Device 10DE:1F9D Subsystem: 1025:151E
19561125|Warning: [i2c_smbus_linux] Failed to read i2c device PCI device ID
19561125|Info:    [ResourceManager] Registering I2C interface: /dev/i2c-8 Device 0000:0000 Subsystem: 0000:0000
19561125|Info:    [ResourceManager] Registering I2C interface: /dev/i2c-6 Device 1022:790B Subsystem: 1025:151E
19561125|Warning: [i2c_smbus_linux] Failed to read i2c device PCI device ID
19561125|Info:    [ResourceManager] Registering I2C interface: /dev/i2c-4 Device 0000:0000 Subsystem: 0000:0000
19561125|Info:    [ResourceManager] Registering I2C interface: /dev/i2c-2 Device 10DE:1F9D Subsystem: 1025:151E
19561125|Info:    [ResourceManager] Registering I2C interface: /dev/i2c-0 Device 0000:0000 Subsystem: 0000:0000
19561126|Info:    [ResourceManager] Registering I2C interface: /dev/i2c-ELAN050A:00 Device 0000:0000 Subsystem: 0000:0000
19561126|Info:    [ResourceManager] Registering I2C interface: /dev/i2c-7 Device 1022:790B Subsystem: 1025:151E
19561126|Info:    [ResourceManager] Registering I2C interface: /dev/i2c-5 Device 1022:790B Subsystem: 1025:151E
19561126|Info:    ------------------------------------------------------
19561126|Info:    |               Detecting I2C devices                |
19561126|Info:    ------------------------------------------------------
19562203|Info:    ------------------------------------------------------
19562203|Info:    |            Detecting I2C DIMM modules              |
19562203|Info:    ------------------------------------------------------
19562378|Info:    [ResourceManager] Detected occupied slot 1, bus 8, type FPM
19562508|Info:    [ResourceManager] Detected occupied slot 2, bus 8, type FPM
19563279|Info:    [ResourceManager] Detected occupied slot 1, bus 9, type DDR4
19564561|Info:    [ResourceManager] Detected occupied slot 2, bus 9, type DDR4
19565590|Info:    ------------------------------------------------------
19565590|Info:    |               Detecting I2C PCI devices            |
19565590|Info:    ------------------------------------------------------
19565592|Info:    ------------------------------------------------------
19565592|Info:    |               Detecting HID devices                |
19565592|Info:    ------------------------------------------------------
19565621|Info:    [Razer Deathadder V2] Registering RGB controller
19565673|Info:    [Corsair K65 Mini] Registering RGB controller
19565673|Info:    ------------------------------------------------------
19565673|Info:    |            Detecting libusb HID devices            |
19565673|Info:    ------------------------------------------------------
19565727|Info:    ------------------------------------------------------
19565727|Info:    |              Detecting other devices               |
19565727|Info:    ------------------------------------------------------
19565742|Info:    [ResourceManager] Calling Post-detection callbacks
19565742|Info:    ------------------------------------------------------
19565742|Info:    |                Detection completed                 |
19565742|Info:    ------------------------------------------------------
19565742|Dialog:  <h2>Some internal devices may not be detected:</h2><p>One or more I2C or SMBus interfaces failed to initialize.</p><p><b>RGB DRAM modules, some motherboards' onboard RGB lighting, and RGB Graphics Cards, will not be available in OpenRGB</b> without I2C or SMBus.</p><h4>How to fix this:</h4><p>On Linux, this is usually because the i2c-dev module is not loaded.</p><p>You must load the i2c-dev module along with the correct i2c driver for your motherboard. This is usually i2c-piix4 for AMD systems and i2c-i801 for Intel systems.</p><p>See <a href='https://help.openrgb.org/'>help.openrgb.org</a> for additional troubleshooting steps if you keep seeing this message.<br></p><h3>If you are not using internal RGB on a desktop this message is not important to you.</h3>
