    OpenRGB v0.9+ (1.0rc2)
    Commit:  from 
    Launched: 20260228_203716
====================================================================================================

0     |Info:    [ProfileManager] Found file: teste.orp attempting to validate header
0     |Info:    [ProfileManager] Valid v5 profile found for teste
1091  |Info:    [ResourceManager] Initializing HID interfaces: Success
1091  |Info:    ------------------------------------------------------
1091  |Info:    |               Start device detection               |
1091  |Info:    ------------------------------------------------------
1110  |Info:    ------------------------------------------------------
1111  |Info:    |             Detecting I2C interfaces               |
1111  |Info:    ------------------------------------------------------
1111  |Info:    [ResourceManager] Registering I2C interface: /dev/i2c-3 Device 1002:1638 Subsystem: 1025:151E
1111  |Info:    [ResourceManager] Registering I2C interface: /dev/i2c-1 Device 10DE:1F9D Subsystem: 1025:151E
1111  |Warning: [i2c_smbus_linux] Failed to read i2c device PCI device ID
1111  |Info:    [ResourceManager] Registering I2C interface: /dev/i2c-8 Device 0000:0000 Subsystem: 0000:0000
1111  |Info:    [ResourceManager] Registering I2C interface: /dev/i2c-6 Device 1022:790B Subsystem: 1025:151E
1111  |Warning: [i2c_smbus_linux] Failed to read i2c device PCI device ID
1111  |Info:    [ResourceManager] Registering I2C interface: /dev/i2c-4 Device 0000:0000 Subsystem: 0000:0000
1111  |Info:    [ResourceManager] Registering I2C interface: /dev/i2c-2 Device 10DE:1F9D Subsystem: 1025:151E
1111  |Info:    [ResourceManager] Registering I2C interface: /dev/i2c-0 Device 0000:0000 Subsystem: 0000:0000
1111  |Info:    [ResourceManager] Registering I2C interface: /dev/i2c-ELAN050A:00 Device 0000:0000 Subsystem: 0000:0000
1111  |Info:    [ResourceManager] Registering I2C interface: /dev/i2c-7 Device 1022:790B Subsystem: 1025:151E
1112  |Info:    [ResourceManager] Registering I2C interface: /dev/i2c-5 Device 1022:790B Subsystem: 1025:151E
1112  |Info:    ------------------------------------------------------
1112  |Info:    |               Detecting I2C devices                |
1112  |Info:    ------------------------------------------------------
2395  |Info:    ------------------------------------------------------
2395  |Info:    |            Detecting I2C DIMM modules              |
2395  |Info:    ------------------------------------------------------
2626  |Info:    [ResourceManager] Detected occupied slot 1, bus 8, type FPM
2779  |Info:    [ResourceManager] Detected occupied slot 2, bus 8, type FPM
3309  |Info:    [ResourceManager] Detected occupied slot 1, bus 9, type DDR4
4004  |Info:    [ResourceManager] Detected occupied slot 2, bus 9, type DDR4
4606  |Info:    ------------------------------------------------------
4606  |Info:    |               Detecting I2C PCI devices            |
4606  |Info:    ------------------------------------------------------
4607  |Info:    ------------------------------------------------------
4607  |Info:    |               Detecting HID devices                |
4607  |Info:    ------------------------------------------------------
4637  |Info:    [Razer Deathadder V2] Registering RGB controller
4695  |Info:    [Corsair K65 Mini] Registering RGB controller
4695  |Info:    ------------------------------------------------------
4695  |Info:    |            Detecting libusb HID devices            |
4695  |Info:    ------------------------------------------------------
4776  |Info:    ------------------------------------------------------
4776  |Info:    |              Detecting other devices               |
4776  |Info:    ------------------------------------------------------
4866  |Info:    [ResourceManager] Calling Post-detection callbacks
4866  |Info:    ------------------------------------------------------
4866  |Info:    |                Detection completed                 |
4866  |Info:    ------------------------------------------------------
4866  |Dialog:  <h2>Some internal devices may not be detected:</h2><p>One or more I2C or SMBus interfaces failed to initialize.</p><p><b>RGB DRAM modules, some motherboards' onboard RGB lighting, and RGB Graphics Cards, will not be available in OpenRGB</b> without I2C or SMBus.</p><h4>How to fix this:</h4><p>On Linux, this is usually because the i2c-dev module is not loaded.</p><p>You must load the i2c-dev module along with the correct i2c driver for your motherboard. This is usually i2c-piix4 for AMD systems and i2c-i801 for Intel systems.</p><p>See <a href='https://help.openrgb.org/'>help.openrgb.org</a> for additional troubleshooting steps if you keep seeing this message.<br></p><h3>If you are not using internal RGB on a desktop this message is not important to you.</h3>
