    OpenRGB v0.9+ (1.0rc2)
    Commit:  from 
    Launched: 20260202_190703
====================================================================================================

1161  |Info:    [ResourceManager] Initializing HID interfaces: Success
1161  |Info:    ------------------------------------------------------
1161  |Info:    |               Start device detection               |
1161  |Info:    ------------------------------------------------------
1175  |Info:    ------------------------------------------------------
1175  |Info:    |             Detecting I2C interfaces               |
1175  |Info:    ------------------------------------------------------
1175  |Info:    [ResourceManager] Registering I2C interface: /dev/i2c-3 Device 1022:790B Subsystem: 1025:151E
1176  |Info:    [ResourceManager] Registering I2C interface: /dev/i2c-1 Device 1002:1638 Subsystem: 1025:151E
1176  |Warning: [i2c_smbus_linux] Failed to read i2c device PCI device ID
1176  |Info:    [ResourceManager] Registering I2C interface: /dev/i2c-8 Device 0000:0000 Subsystem: 0000:0000
1176  |Info:    [ResourceManager] Registering I2C interface: /dev/i2c-6 Device 10DE:1F9D Subsystem: 1025:151E
1176  |Info:    [ResourceManager] Registering I2C interface: /dev/i2c-4 Device 1022:790B Subsystem: 1025:151E
1176  |Warning: [i2c_smbus_linux] Failed to read i2c device PCI device ID
1176  |Info:    [ResourceManager] Registering I2C interface: /dev/i2c-2 Device 0000:0000 Subsystem: 0000:0000
1176  |Info:    [ResourceManager] Registering I2C interface: /dev/i2c-0 Device 0000:0000 Subsystem: 0000:0000
1176  |Info:    [ResourceManager] Registering I2C interface: /dev/i2c-ELAN050A:00 Device 0000:0000 Subsystem: 0000:0000
1176  |Info:    [ResourceManager] Registering I2C interface: /dev/i2c-7 Device 10DE:1F9D Subsystem: 1025:151E
1176  |Info:    [ResourceManager] Registering I2C interface: /dev/i2c-5 Device 1022:790B Subsystem: 1025:151E
1176  |Info:    ------------------------------------------------------
1176  |Info:    |               Detecting I2C devices                |
1176  |Info:    ------------------------------------------------------
2380  |Info:    ------------------------------------------------------
2380  |Info:    |            Detecting I2C DIMM modules              |
2380  |Info:    ------------------------------------------------------
2766  |Info:    [ResourceManager] Detected occupied slot 1, bus 0, type DDR4
3414  |Info:    [ResourceManager] Detected occupied slot 2, bus 0, type DDR4
4105  |Info:    [ResourceManager] Detected occupied slot 1, bus 9, type FPM
4234  |Info:    [ResourceManager] Detected occupied slot 2, bus 9, type FPM
4234  |Info:    ------------------------------------------------------
4234  |Info:    |               Detecting I2C PCI devices            |
4234  |Info:    ------------------------------------------------------
4236  |Info:    ------------------------------------------------------
4236  |Info:    |               Detecting HID devices                |
4236  |Info:    ------------------------------------------------------
4273  |Info:    [Razer Deathadder V2] Registering RGB controller
4326  |Info:    [Corsair K65 Mini] Registering RGB controller
4326  |Info:    ------------------------------------------------------
4326  |Info:    |            Detecting libusb HID devices            |
4326  |Info:    ------------------------------------------------------
4395  |Info:    ------------------------------------------------------
4395  |Info:    |              Detecting other devices               |
4395  |Info:    ------------------------------------------------------
4444  |Info:    [ResourceManager] Calling Post-detection callbacks
4444  |Info:    ------------------------------------------------------
4444  |Info:    |                Detection completed                 |
4444  |Info:    ------------------------------------------------------
4444  |Dialog:  <h2>Some internal devices may not be detected:</h2><p>One or more I2C or SMBus interfaces failed to initialize.</p><p><b>RGB DRAM modules, some motherboards' onboard RGB lighting, and RGB Graphics Cards, will not be available in OpenRGB</b> without I2C or SMBus.</p><h4>How to fix this:</h4><p>On Linux, this is usually because the i2c-dev module is not loaded.</p><p>You must load the i2c-dev module along with the correct i2c driver for your motherboard. This is usually i2c-piix4 for AMD systems and i2c-i801 for Intel systems.</p><p>See <a href='https://help.openrgb.org/'>help.openrgb.org</a> for additional troubleshooting steps if you keep seeing this message.<br></p><h3>If you are not using internal RGB on a desktop this message is not important to you.</h3>
116554|Info:    [ProfileManager] Found file: teste.orp attempting to validate header
116554|Info:    [ProfileManager] Valid v5 profile found for teste
119742|Info:    [ProfileManager] Profile loading: Succeeded for Razer Deathadder V2 @ HID: /dev/hidraw4
119742|Info:    [ProfileManager] Profile loading: Succeeded for Corsair K65 Mini @ HID: /dev/hidraw2
120502|Info:    [ProfileManager] Profile loading: Succeeded for Razer Deathadder V2 @ HID: /dev/hidraw4
120502|Info:    [ProfileManager] Profile loading: Succeeded for Corsair K65 Mini @ HID: /dev/hidraw2
121000|Info:    [ProfileManager] Profile loading: Succeeded for Razer Deathadder V2 @ HID: /dev/hidraw4
121000|Info:    [ProfileManager] Profile loading: Succeeded for Corsair K65 Mini @ HID: /dev/hidraw2
121175|Info:    [ProfileManager] Profile loading: Succeeded for Razer Deathadder V2 @ HID: /dev/hidraw4
121175|Info:    [ProfileManager] Profile loading: Succeeded for Corsair K65 Mini @ HID: /dev/hidraw2
674475|Info:    [ProfileManager] Found file: teste.orp attempting to validate header
674475|Info:    [ProfileManager] Valid v5 profile found for teste
675216|Info:    [ProfileManager] Found file: teste.orp attempting to validate header
675216|Info:    [ProfileManager] Valid v5 profile found for teste
675376|Info:    [ProfileManager] Found file: teste.orp attempting to validate header
675376|Info:    [ProfileManager] Valid v5 profile found for teste
675520|Info:    [ProfileManager] Found file: teste.orp attempting to validate header
675520|Info:    [ProfileManager] Valid v5 profile found for teste
675666|Info:    [ProfileManager] Found file: teste.orp attempting to validate header
675666|Info:    [ProfileManager] Valid v5 profile found for teste
760611|Info:    [ProfileManager] Profile loading: Succeeded for Razer Deathadder V2 @ HID: /dev/hidraw4
760611|Info:    [ProfileManager] Profile loading: Succeeded for Corsair K65 Mini @ HID: /dev/hidraw2
761123|Info:    [ProfileManager] Profile loading: Succeeded for Razer Deathadder V2 @ HID: /dev/hidraw4
761123|Info:    [ProfileManager] Profile loading: Succeeded for Corsair K65 Mini @ HID: /dev/hidraw2
761451|Info:    [ProfileManager] Profile loading: Succeeded for Razer Deathadder V2 @ HID: /dev/hidraw4
761451|Info:    [ProfileManager] Profile loading: Succeeded for Corsair K65 Mini @ HID: /dev/hidraw2
761632|Info:    [ProfileManager] Profile loading: Succeeded for Razer Deathadder V2 @ HID: /dev/hidraw4
761632|Info:    [ProfileManager] Profile loading: Succeeded for Corsair K65 Mini @ HID: /dev/hidraw2
761812|Info:    [ProfileManager] Profile loading: Succeeded for Razer Deathadder V2 @ HID: /dev/hidraw4
761812|Info:    [ProfileManager] Profile loading: Succeeded for Corsair K65 Mini @ HID: /dev/hidraw2
762010|Info:    [ProfileManager] Profile loading: Succeeded for Razer Deathadder V2 @ HID: /dev/hidraw4
762010|Info:    [ProfileManager] Profile loading: Succeeded for Corsair K65 Mini @ HID: /dev/hidraw2
762159|Info:    [ProfileManager] Profile loading: Succeeded for Razer Deathadder V2 @ HID: /dev/hidraw4
762159|Info:    [ProfileManager] Profile loading: Succeeded for Corsair K65 Mini @ HID: /dev/hidraw2
762321|Info:    [ProfileManager] Profile loading: Succeeded for Razer Deathadder V2 @ HID: /dev/hidraw4
762321|Info:    [ProfileManager] Profile loading: Succeeded for Corsair K65 Mini @ HID: /dev/hidraw2
763955|Info:    [ProfileManager] Profile loading: Succeeded for Razer Deathadder V2 @ HID: /dev/hidraw4
763955|Info:    [ProfileManager] Profile loading: Succeeded for Corsair K65 Mini @ HID: /dev/hidraw2
1592065|ERROR:   [OpenRGBPluginsPage] Failed to install plugin: filesystem error: cannot copy: No such file or directory [] [/home/tanaka/.config/OpenRGB/plugins/]
