    OpenRGB v0.9+ (1.0rc2)
    Commit:  from 
    Launched: 20260222_095351
====================================================================================================

0     |Info:    [ProfileManager] Found file: teste.orp attempting to validate header
0     |Info:    [ProfileManager] Valid v5 profile found for teste
1059  |Info:    [ResourceManager] Initializing HID interfaces: Success
1059  |Info:    ------------------------------------------------------
1059  |Info:    |               Start device detection               |
1059  |Info:    ------------------------------------------------------
1072  |Info:    ------------------------------------------------------
1072  |Info:    |             Detecting I2C interfaces               |
1072  |Info:    ------------------------------------------------------
1073  |Info:    [ResourceManager] Registering I2C interface: /dev/i2c-3 Device 1002:1638 Subsystem: 1025:151E
1073  |Info:    [ResourceManager] Registering I2C interface: /dev/i2c-1 Device 10DE:1F9D Subsystem: 1025:151E
1073  |Warning: [i2c_smbus_linux] Failed to read i2c device PCI device ID
1073  |Info:    [ResourceManager] Registering I2C interface: /dev/i2c-8 Device 0000:0000 Subsystem: 0000:0000
1073  |Info:    [ResourceManager] Registering I2C interface: /dev/i2c-6 Device 1022:790B Subsystem: 1025:151E
1073  |Warning: [i2c_smbus_linux] Failed to read i2c device PCI device ID
1073  |Info:    [ResourceManager] Registering I2C interface: /dev/i2c-4 Device 0000:0000 Subsystem: 0000:0000
1073  |Info:    [ResourceManager] Registering I2C interface: /dev/i2c-2 Device 10DE:1F9D Subsystem: 1025:151E
1073  |Info:    [ResourceManager] Registering I2C interface: /dev/i2c-0 Device 0000:0000 Subsystem: 0000:0000
1073  |Info:    [ResourceManager] Registering I2C interface: /dev/i2c-ELAN050A:00 Device 0000:0000 Subsystem: 0000:0000
1073  |Info:    [ResourceManager] Registering I2C interface: /dev/i2c-7 Device 1022:790B Subsystem: 1025:151E
1073  |Info:    [ResourceManager] Registering I2C interface: /dev/i2c-5 Device 1022:790B Subsystem: 1025:151E
1073  |Info:    ------------------------------------------------------
1073  |Info:    |               Detecting I2C devices                |
1073  |Info:    ------------------------------------------------------
2143  |Info:    ------------------------------------------------------
2143  |Info:    |            Detecting I2C DIMM modules              |
2143  |Info:    ------------------------------------------------------
2313  |Info:    [ResourceManager] Detected occupied slot 1, bus 8, type FPM
2442  |Info:    [ResourceManager] Detected occupied slot 2, bus 8, type FPM
2830  |Info:    [ResourceManager] Detected occupied slot 1, bus 9, type DDR4
3479  |Info:    [ResourceManager] Detected occupied slot 2, bus 9, type DDR4
4003  |Info:    ------------------------------------------------------
4003  |Info:    |               Detecting I2C PCI devices            |
4003  |Info:    ------------------------------------------------------
4005  |Info:    ------------------------------------------------------
4005  |Info:    |               Detecting HID devices                |
4005  |Info:    ------------------------------------------------------
4039  |Info:    [Razer Deathadder V2] Registering RGB controller
4040  |Info:    [Corsair K65 Mini] Registering RGB controller
4040  |Info:    ------------------------------------------------------
4040  |Info:    |            Detecting libusb HID devices            |
4040  |Info:    ------------------------------------------------------
4134  |Info:    ------------------------------------------------------
4134  |Info:    |              Detecting other devices               |
4134  |Info:    ------------------------------------------------------
4170  |Info:    [ResourceManager] Calling Post-detection callbacks
4170  |Info:    ------------------------------------------------------
4170  |Info:    |                Detection completed                 |
4170  |Info:    ------------------------------------------------------
4170  |Dialog:  <h2>Some internal devices may not be detected:</h2><p>One or more I2C or SMBus interfaces failed to initialize.</p><p><b>RGB DRAM modules, some motherboards' onboard RGB lighting, and RGB Graphics Cards, will not be available in OpenRGB</b> without I2C or SMBus.</p><h4>How to fix this:</h4><p>On Linux, this is usually because the i2c-dev module is not loaded.</p><p>You must load the i2c-dev module along with the correct i2c driver for your motherboard. This is usually i2c-piix4 for AMD systems and i2c-i801 for Intel systems.</p><p>See <a href='https://help.openrgb.org/'>help.openrgb.org</a> for additional troubleshooting steps if you keep seeing this message.<br></p><h3>If you are not using internal RGB on a desktop this message is not important to you.</h3>
7042  |Info:    [ResourceManager] Initializing HID interfaces: Success
7043  |Warning: [ResourceManager] Detection coroutine: assigned a new coroutine when one was already scheduled - probably two rescan events sent at once
7043  |Info:    ------------------------------------------------------
7043  |Info:    |               Start device detection               |
7043  |Info:    ------------------------------------------------------
7057  |Info:    ------------------------------------------------------
7057  |Info:    |             Detecting I2C interfaces               |
7057  |Info:    ------------------------------------------------------
7057  |Info:    [ResourceManager] Registering I2C interface: /dev/i2c-3 Device 1002:1638 Subsystem: 1025:151E
7057  |Info:    [ResourceManager] Registering I2C interface: /dev/i2c-1 Device 10DE:1F9D Subsystem: 1025:151E
7057  |Warning: [i2c_smbus_linux] Failed to read i2c device PCI device ID
7057  |Info:    [ResourceManager] Registering I2C interface: /dev/i2c-8 Device 0000:0000 Subsystem: 0000:0000
7057  |Info:    [ResourceManager] Registering I2C interface: /dev/i2c-6 Device 1022:790B Subsystem: 1025:151E
7057  |Warning: [i2c_smbus_linux] Failed to read i2c device PCI device ID
7057  |Info:    [ResourceManager] Registering I2C interface: /dev/i2c-4 Device 0000:0000 Subsystem: 0000:0000
7057  |Info:    [ResourceManager] Registering I2C interface: /dev/i2c-2 Device 10DE:1F9D Subsystem: 1025:151E
7057  |Info:    [ResourceManager] Registering I2C interface: /dev/i2c-0 Device 0000:0000 Subsystem: 0000:0000
7057  |Info:    [ResourceManager] Registering I2C interface: /dev/i2c-ELAN050A:00 Device 0000:0000 Subsystem: 0000:0000
7058  |Info:    [ResourceManager] Registering I2C interface: /dev/i2c-7 Device 1022:790B Subsystem: 1025:151E
7058  |Info:    [ResourceManager] Registering I2C interface: /dev/i2c-5 Device 1022:790B Subsystem: 1025:151E
7058  |Info:    ------------------------------------------------------
7058  |Info:    |               Detecting I2C devices                |
7058  |Info:    ------------------------------------------------------
8133  |Info:    ------------------------------------------------------
8133  |Info:    |            Detecting I2C DIMM modules              |
8133  |Info:    ------------------------------------------------------
8303  |Info:    [ResourceManager] Detected occupied slot 1, bus 8, type FPM
8433  |Info:    [ResourceManager] Detected occupied slot 2, bus 8, type FPM
8822  |Info:    [ResourceManager] Detected occupied slot 1, bus 9, type DDR4
9471  |Info:    [ResourceManager] Detected occupied slot 2, bus 9, type DDR4
9995  |Info:    ------------------------------------------------------
9995  |Info:    |               Detecting I2C PCI devices            |
9995  |Info:    ------------------------------------------------------
9998  |Info:    ------------------------------------------------------
9998  |Info:    |               Detecting HID devices                |
9998  |Info:    ------------------------------------------------------
10032 |Info:    [Razer Deathadder V2] Registering RGB controller
10033 |Info:    [Corsair K65 Mini] Registering RGB controller
10033 |Info:    ------------------------------------------------------
10033 |Info:    |            Detecting libusb HID devices            |
10033 |Info:    ------------------------------------------------------
10114 |Info:    ------------------------------------------------------
10114 |Info:    |              Detecting other devices               |
10114 |Info:    ------------------------------------------------------
10129 |Info:    [ResourceManager] Calling Post-detection callbacks
10129 |Info:    ------------------------------------------------------
10129 |Info:    |                Detection completed                 |
10129 |Info:    ------------------------------------------------------
10129 |Dialog:  <h2>Some internal devices may not be detected:</h2><p>One or more I2C or SMBus interfaces failed to initialize.</p><p><b>RGB DRAM modules, some motherboards' onboard RGB lighting, and RGB Graphics Cards, will not be available in OpenRGB</b> without I2C or SMBus.</p><h4>How to fix this:</h4><p>On Linux, this is usually because the i2c-dev module is not loaded.</p><p>You must load the i2c-dev module along with the correct i2c driver for your motherboard. This is usually i2c-piix4 for AMD systems and i2c-i801 for Intel systems.</p><p>See <a href='https://help.openrgb.org/'>help.openrgb.org</a> for additional troubleshooting steps if you keep seeing this message.<br></p><h3>If you are not using internal RGB on a desktop this message is not important to you.</h3>
