    OpenRGB v0.9+ (1.0rc2)
    Commit:  from 
    Launched: 20260306_185525
====================================================================================================

0     |Info:    [ProfileManager] Found file: teste.orp attempting to validate header
0     |Info:    [ProfileManager] Valid v5 profile found for teste
1074  |Info:    [ResourceManager] Initializing HID interfaces: Success
1074  |Info:    ------------------------------------------------------
1074  |Info:    |               Start device detection               |
1074  |Info:    ------------------------------------------------------
1080  |Info:    ------------------------------------------------------
1080  |Info:    |             Detecting I2C interfaces               |
1080  |Info:    ------------------------------------------------------
1080  |Info:    [ResourceManager] Registering I2C interface: /dev/i2c-3 Device 1002:1638 Subsystem: 1025:151E
1080  |Info:    [ResourceManager] Registering I2C interface: /dev/i2c-1 Device 10DE:1F9D Subsystem: 1025:151E
1080  |Warning: [i2c_smbus_linux] Failed to read i2c device PCI device ID
1080  |Info:    [ResourceManager] Registering I2C interface: /dev/i2c-8 Device 0000:0000 Subsystem: 0000:0000
1080  |Info:    [ResourceManager] Registering I2C interface: /dev/i2c-6 Device 1022:790B Subsystem: 1025:151E
1081  |Warning: [i2c_smbus_linux] Failed to read i2c device PCI device ID
1081  |Info:    [ResourceManager] Registering I2C interface: /dev/i2c-4 Device 0000:0000 Subsystem: 0000:0000
1081  |Info:    [ResourceManager] Registering I2C interface: /dev/i2c-2 Device 10DE:1F9D Subsystem: 1025:151E
1081  |Info:    [ResourceManager] Registering I2C interface: /dev/i2c-0 Device 0000:0000 Subsystem: 0000:0000
1081  |Info:    [ResourceManager] Registering I2C interface: /dev/i2c-ELAN050A:00 Device 0000:0000 Subsystem: 0000:0000
1081  |Info:    [ResourceManager] Registering I2C interface: /dev/i2c-7 Device 1022:790B Subsystem: 1025:151E
1081  |Info:    [ResourceManager] Registering I2C interface: /dev/i2c-5 Device 1022:790B Subsystem: 1025:151E
1081  |Info:    ------------------------------------------------------
1081  |Info:    |               Detecting I2C devices                |
1081  |Info:    ------------------------------------------------------
2182  |Info:    ------------------------------------------------------
2182  |Info:    |            Detecting I2C DIMM modules              |
2182  |Info:    ------------------------------------------------------
2352  |Info:    [ResourceManager] Detected occupied slot 1, bus 8, type FPM
2481  |Info:    [ResourceManager] Detected occupied slot 2, bus 8, type FPM
2869  |Info:    [ResourceManager] Detected occupied slot 1, bus 9, type DDR4
3515  |Info:    [ResourceManager] Detected occupied slot 2, bus 9, type DDR4
4034  |Info:    ------------------------------------------------------
4034  |Info:    |               Detecting I2C PCI devices            |
4034  |Info:    ------------------------------------------------------
4036  |Info:    ------------------------------------------------------
4036  |Info:    |               Detecting HID devices                |
4036  |Info:    ------------------------------------------------------
4089  |Info:    [Corsair K65 Mini] Registering RGB controller
4089  |Info:    ------------------------------------------------------
4089  |Info:    |            Detecting libusb HID devices            |
4089  |Info:    ------------------------------------------------------
4122  |Info:    ------------------------------------------------------
4122  |Info:    |              Detecting other devices               |
4122  |Info:    ------------------------------------------------------
4167  |Info:    [ResourceManager] Calling Post-detection callbacks
4167  |Info:    ------------------------------------------------------
4167  |Info:    |                Detection completed                 |
4167  |Info:    ------------------------------------------------------
4167  |Dialog:  <h2>Some internal devices may not be detected:</h2><p>One or more I2C or SMBus interfaces failed to initialize.</p><p><b>RGB DRAM modules, some motherboards' onboard RGB lighting, and RGB Graphics Cards, will not be available in OpenRGB</b> without I2C or SMBus.</p><h4>How to fix this:</h4><p>On Linux, this is usually because the i2c-dev module is not loaded.</p><p>You must load the i2c-dev module along with the correct i2c driver for your motherboard. This is usually i2c-piix4 for AMD systems and i2c-i801 for Intel systems.</p><p>See <a href='https://help.openrgb.org/'>help.openrgb.org</a> for additional troubleshooting steps if you keep seeing this message.<br></p><h3>If you are not using internal RGB on a desktop this message is not important to you.</h3>
10091 |Info:    [ResourceManager] Initializing HID interfaces: Success
10091 |Info:    ------------------------------------------------------
10091 |Info:    |               Start device detection               |
10091 |Info:    ------------------------------------------------------
10098 |Info:    ------------------------------------------------------
10098 |Info:    |             Detecting I2C interfaces               |
10098 |Info:    ------------------------------------------------------
10098 |Info:    [ResourceManager] Registering I2C interface: /dev/i2c-3 Device 1002:1638 Subsystem: 1025:151E
10098 |Info:    [ResourceManager] Registering I2C interface: /dev/i2c-1 Device 10DE:1F9D Subsystem: 1025:151E
10098 |Warning: [i2c_smbus_linux] Failed to read i2c device PCI device ID
10098 |Info:    [ResourceManager] Registering I2C interface: /dev/i2c-8 Device 0000:0000 Subsystem: 0000:0000
10098 |Info:    [ResourceManager] Registering I2C interface: /dev/i2c-6 Device 1022:790B Subsystem: 1025:151E
10098 |Warning: [i2c_smbus_linux] Failed to read i2c device PCI device ID
10098 |Info:    [ResourceManager] Registering I2C interface: /dev/i2c-4 Device 0000:0000 Subsystem: 0000:0000
10098 |Info:    [ResourceManager] Registering I2C interface: /dev/i2c-2 Device 10DE:1F9D Subsystem: 1025:151E
10098 |Info:    [ResourceManager] Registering I2C interface: /dev/i2c-0 Device 0000:0000 Subsystem: 0000:0000
10098 |Info:    [ResourceManager] Registering I2C interface: /dev/i2c-ELAN050A:00 Device 0000:0000 Subsystem: 0000:0000
10099 |Info:    [ResourceManager] Registering I2C interface: /dev/i2c-7 Device 1022:790B Subsystem: 1025:151E
10099 |Info:    [ResourceManager] Registering I2C interface: /dev/i2c-5 Device 1022:790B Subsystem: 1025:151E
10099 |Info:    ------------------------------------------------------
10099 |Info:    |               Detecting I2C devices                |
10099 |Info:    ------------------------------------------------------
11183 |Info:    ------------------------------------------------------
11183 |Info:    |            Detecting I2C DIMM modules              |
11183 |Info:    ------------------------------------------------------
11355 |Info:    [ResourceManager] Detected occupied slot 1, bus 8, type FPM
11484 |Info:    [ResourceManager] Detected occupied slot 2, bus 8, type FPM
11871 |Info:    [ResourceManager] Detected occupied slot 1, bus 9, type DDR4
12517 |Info:    [ResourceManager] Detected occupied slot 2, bus 9, type DDR4
13037 |Info:    ------------------------------------------------------
13037 |Info:    |               Detecting I2C PCI devices            |
13037 |Info:    ------------------------------------------------------
13040 |Info:    ------------------------------------------------------
13040 |Info:    |               Detecting HID devices                |
13040 |Info:    ------------------------------------------------------
13092 |Info:    [Corsair K65 Mini] Registering RGB controller
13092 |Info:    ------------------------------------------------------
13092 |Info:    |            Detecting libusb HID devices            |
13092 |Info:    ------------------------------------------------------
13099 |Info:    ------------------------------------------------------
13099 |Info:    |              Detecting other devices               |
13099 |Info:    ------------------------------------------------------
13110 |Info:    [ResourceManager] Calling Post-detection callbacks
13110 |Info:    ------------------------------------------------------
13110 |Info:    |                Detection completed                 |
13110 |Info:    ------------------------------------------------------
13110 |Dialog:  <h2>Some internal devices may not be detected:</h2><p>One or more I2C or SMBus interfaces failed to initialize.</p><p><b>RGB DRAM modules, some motherboards' onboard RGB lighting, and RGB Graphics Cards, will not be available in OpenRGB</b> without I2C or SMBus.</p><h4>How to fix this:</h4><p>On Linux, this is usually because the i2c-dev module is not loaded.</p><p>You must load the i2c-dev module along with the correct i2c driver for your motherboard. This is usually i2c-piix4 for AMD systems and i2c-i801 for Intel systems.</p><p>See <a href='https://help.openrgb.org/'>help.openrgb.org</a> for additional troubleshooting steps if you keep seeing this message.<br></p><h3>If you are not using internal RGB on a desktop this message is not important to you.</h3>
