    OpenRGB v0.9+ (1.0rc2)
    Commit:  from 
    Launched: 20260307_092908
====================================================================================================

0     |Info:    [ProfileManager] Found file: teste.orp attempting to validate header
0     |Info:    [ProfileManager] Valid v5 profile found for teste
1063  |Info:    [ResourceManager] Initializing HID interfaces: Success
1063  |Info:    ------------------------------------------------------
1063  |Info:    |               Start device detection               |
1063  |Info:    ------------------------------------------------------
1076  |Info:    ------------------------------------------------------
1076  |Info:    |             Detecting I2C interfaces               |
1076  |Info:    ------------------------------------------------------
1077  |Info:    [ResourceManager] Registering I2C interface: /dev/i2c-3 Device 1002:1638 Subsystem: 1025:151E
1077  |Info:    [ResourceManager] Registering I2C interface: /dev/i2c-1 Device 10DE:1F9D Subsystem: 1025:151E
1077  |Warning: [i2c_smbus_linux] Failed to read i2c device PCI device ID
1077  |Info:    [ResourceManager] Registering I2C interface: /dev/i2c-8 Device 0000:0000 Subsystem: 0000:0000
1077  |Info:    [ResourceManager] Registering I2C interface: /dev/i2c-6 Device 1022:790B Subsystem: 1025:151E
1077  |Warning: [i2c_smbus_linux] Failed to read i2c device PCI device ID
1077  |Info:    [ResourceManager] Registering I2C interface: /dev/i2c-4 Device 0000:0000 Subsystem: 0000:0000
1077  |Info:    [ResourceManager] Registering I2C interface: /dev/i2c-2 Device 10DE:1F9D Subsystem: 1025:151E
1077  |Info:    [ResourceManager] Registering I2C interface: /dev/i2c-0 Device 0000:0000 Subsystem: 0000:0000
1077  |Info:    [ResourceManager] Registering I2C interface: /dev/i2c-ELAN050A:00 Device 0000:0000 Subsystem: 0000:0000
1077  |Info:    [ResourceManager] Registering I2C interface: /dev/i2c-7 Device 1022:790B Subsystem: 1025:151E
1077  |Info:    [ResourceManager] Registering I2C interface: /dev/i2c-5 Device 1022:790B Subsystem: 1025:151E
1077  |Info:    ------------------------------------------------------
1077  |Info:    |               Detecting I2C devices                |
1077  |Info:    ------------------------------------------------------
2166  |Info:    ------------------------------------------------------
2166  |Info:    |            Detecting I2C DIMM modules              |
2166  |Info:    ------------------------------------------------------
2340  |Info:    [ResourceManager] Detected occupied slot 1, bus 8, type FPM
2469  |Info:    [ResourceManager] Detected occupied slot 2, bus 8, type FPM
3240  |Info:    [ResourceManager] Detected occupied slot 1, bus 9, type DDR4
4521  |Info:    [ResourceManager] Detected occupied slot 2, bus 9, type DDR4
5553  |Info:    ------------------------------------------------------
5553  |Info:    |               Detecting I2C PCI devices            |
5553  |Info:    ------------------------------------------------------
5554  |Info:    ------------------------------------------------------
5554  |Info:    |               Detecting HID devices                |
5554  |Info:    ------------------------------------------------------
5582  |Info:    [Razer Deathadder V2] Registering RGB controller
5635  |Info:    [Corsair K65 Mini] Registering RGB controller
5635  |Info:    ------------------------------------------------------
5635  |Info:    |            Detecting libusb HID devices            |
5635  |Info:    ------------------------------------------------------
5704  |Info:    ------------------------------------------------------
5704  |Info:    |              Detecting other devices               |
5704  |Info:    ------------------------------------------------------
5745  |Info:    [ResourceManager] Calling Post-detection callbacks
5745  |Info:    ------------------------------------------------------
5745  |Info:    |                Detection completed                 |
5745  |Info:    ------------------------------------------------------
5745  |Dialog:  <h2>Some internal devices may not be detected:</h2><p>One or more I2C or SMBus interfaces failed to initialize.</p><p><b>RGB DRAM modules, some motherboards' onboard RGB lighting, and RGB Graphics Cards, will not be available in OpenRGB</b> without I2C or SMBus.</p><h4>How to fix this:</h4><p>On Linux, this is usually because the i2c-dev module is not loaded.</p><p>You must load the i2c-dev module along with the correct i2c driver for your motherboard. This is usually i2c-piix4 for AMD systems and i2c-i801 for Intel systems.</p><p>See <a href='https://help.openrgb.org/'>help.openrgb.org</a> for additional troubleshooting steps if you keep seeing this message.<br></p><h3>If you are not using internal RGB on a desktop this message is not important to you.</h3>
14636 |Info:    [ResourceManager] Initializing HID interfaces: Success
14636 |Info:    ------------------------------------------------------
14636 |Info:    |               Start device detection               |
14636 |Info:    ------------------------------------------------------
14655 |Info:    ------------------------------------------------------
14655 |Info:    |             Detecting I2C interfaces               |
14655 |Info:    ------------------------------------------------------
14655 |Info:    [ResourceManager] Registering I2C interface: /dev/i2c-3 Device 1002:1638 Subsystem: 1025:151E
14655 |Info:    [ResourceManager] Registering I2C interface: /dev/i2c-1 Device 10DE:1F9D Subsystem: 1025:151E
14655 |Warning: [i2c_smbus_linux] Failed to read i2c device PCI device ID
14655 |Info:    [ResourceManager] Registering I2C interface: /dev/i2c-8 Device 0000:0000 Subsystem: 0000:0000
14655 |Info:    [ResourceManager] Registering I2C interface: /dev/i2c-6 Device 1022:790B Subsystem: 1025:151E
14655 |Warning: [i2c_smbus_linux] Failed to read i2c device PCI device ID
14655 |Info:    [ResourceManager] Registering I2C interface: /dev/i2c-4 Device 0000:0000 Subsystem: 0000:0000
14655 |Info:    [ResourceManager] Registering I2C interface: /dev/i2c-2 Device 10DE:1F9D Subsystem: 1025:151E
14655 |Info:    [ResourceManager] Registering I2C interface: /dev/i2c-0 Device 0000:0000 Subsystem: 0000:0000
14655 |Info:    [ResourceManager] Registering I2C interface: /dev/i2c-ELAN050A:00 Device 0000:0000 Subsystem: 0000:0000
14656 |Info:    [ResourceManager] Registering I2C interface: /dev/i2c-7 Device 1022:790B Subsystem: 1025:151E
14656 |Info:    [ResourceManager] Registering I2C interface: /dev/i2c-5 Device 1022:790B Subsystem: 1025:151E
14656 |Info:    ------------------------------------------------------
14656 |Info:    |               Detecting I2C devices                |
14656 |Info:    ------------------------------------------------------
15730 |Info:    ------------------------------------------------------
15730 |Info:    |            Detecting I2C DIMM modules              |
15730 |Info:    ------------------------------------------------------
15904 |Info:    [ResourceManager] Detected occupied slot 1, bus 8, type FPM
16032 |Info:    [ResourceManager] Detected occupied slot 2, bus 8, type FPM
16804 |Info:    [ResourceManager] Detected occupied slot 1, bus 9, type DDR4
18087 |Info:    [ResourceManager] Detected occupied slot 2, bus 9, type DDR4
19118 |Info:    ------------------------------------------------------
19118 |Info:    |               Detecting I2C PCI devices            |
19118 |Info:    ------------------------------------------------------
19120 |Info:    ------------------------------------------------------
19120 |Info:    |               Detecting HID devices                |
19120 |Info:    ------------------------------------------------------
19153 |Info:    [Razer Deathadder V2] Registering RGB controller
19206 |Info:    [Corsair K65 Mini] Registering RGB controller
19206 |Info:    ------------------------------------------------------
19206 |Info:    |            Detecting libusb HID devices            |
19206 |Info:    ------------------------------------------------------
19260 |Info:    ------------------------------------------------------
19260 |Info:    |              Detecting other devices               |
19260 |Info:    ------------------------------------------------------
19274 |Info:    [ResourceManager] Calling Post-detection callbacks
19274 |Info:    ------------------------------------------------------
19274 |Info:    |                Detection completed                 |
19274 |Info:    ------------------------------------------------------
19274 |Dialog:  <h2>Some internal devices may not be detected:</h2><p>One or more I2C or SMBus interfaces failed to initialize.</p><p><b>RGB DRAM modules, some motherboards' onboard RGB lighting, and RGB Graphics Cards, will not be available in OpenRGB</b> without I2C or SMBus.</p><h4>How to fix this:</h4><p>On Linux, this is usually because the i2c-dev module is not loaded.</p><p>You must load the i2c-dev module along with the correct i2c driver for your motherboard. This is usually i2c-piix4 for AMD systems and i2c-i801 for Intel systems.</p><p>See <a href='https://help.openrgb.org/'>help.openrgb.org</a> for additional troubleshooting steps if you keep seeing this message.<br></p><h3>If you are not using internal RGB on a desktop this message is not important to you.</h3>
