    OpenRGB v0.9+ (1.0rc2)
    Commit:  from 
    Launched: 20260131_142703
====================================================================================================

73    |Info:    [ResourceManager] Initializing HID interfaces: Success
73    |Info:    ------------------------------------------------------
73    |Info:    |               Start device detection               |
73    |Info:    ------------------------------------------------------
82    |Info:    ------------------------------------------------------
82    |Info:    |             Detecting I2C interfaces               |
82    |Info:    ------------------------------------------------------
82    |Info:    [ResourceManager] Registering I2C interface: /dev/i2c-3 Device 1022:790B Subsystem: 1025:151E
82    |Info:    [ResourceManager] Registering I2C interface: /dev/i2c-1 Device 1002:1638 Subsystem: 1025:151E
82    |Warning: [i2c_smbus_linux] Failed to read i2c device PCI device ID
82    |Info:    [ResourceManager] Registering I2C interface: /dev/i2c-8 Device 0000:0000 Subsystem: 0000:0000
83    |Info:    [ResourceManager] Registering I2C interface: /dev/i2c-6 Device 10DE:1F9D Subsystem: 1025:151E
83    |Info:    [ResourceManager] Registering I2C interface: /dev/i2c-4 Device 1022:790B Subsystem: 1025:151E
83    |Warning: [i2c_smbus_linux] Failed to read i2c device PCI device ID
83    |Info:    [ResourceManager] Registering I2C interface: /dev/i2c-2 Device 0000:0000 Subsystem: 0000:0000
83    |Info:    [ResourceManager] Registering I2C interface: /dev/i2c-0 Device 0000:0000 Subsystem: 0000:0000
83    |Info:    [ResourceManager] Registering I2C interface: /dev/i2c-ELAN050A:00 Device 0000:0000 Subsystem: 0000:0000
83    |Info:    [ResourceManager] Registering I2C interface: /dev/i2c-7 Device 10DE:1F9D Subsystem: 1025:151E
83    |Info:    [ResourceManager] Registering I2C interface: /dev/i2c-5 Device 1022:790B Subsystem: 1025:151E
83    |Info:    ------------------------------------------------------
83    |Info:    |               Detecting I2C devices                |
83    |Info:    ------------------------------------------------------
1180  |Info:    ------------------------------------------------------
1180  |Info:    |            Detecting I2C DIMM modules              |
1180  |Info:    ------------------------------------------------------
1567  |Info:    [ResourceManager] Detected occupied slot 1, bus 0, type DDR4
2212  |Info:    [ResourceManager] Detected occupied slot 2, bus 0, type DDR4
2903  |Info:    [ResourceManager] Detected occupied slot 1, bus 9, type FPM
3032  |Info:    [ResourceManager] Detected occupied slot 2, bus 9, type FPM
3032  |Info:    ------------------------------------------------------
3032  |Info:    |               Detecting I2C PCI devices            |
3032  |Info:    ------------------------------------------------------
3033  |Info:    ------------------------------------------------------
3033  |Info:    |               Detecting HID devices                |
3033  |Info:    ------------------------------------------------------
3073  |Info:    [Razer Deathadder V2] Registering RGB controller
3073  |Info:    ------------------------------------------------------
3073  |Info:    |            Detecting libusb HID devices            |
3073  |Info:    ------------------------------------------------------
3142  |Info:    ------------------------------------------------------
3142  |Info:    |              Detecting other devices               |
3142  |Info:    ------------------------------------------------------
3189  |Info:    [ResourceManager] Calling Post-detection callbacks
3189  |Info:    ------------------------------------------------------
3189  |Info:    |                Detection completed                 |
3189  |Info:    ------------------------------------------------------
3189  |Dialog:  <h2>Some internal devices may not be detected:</h2><p>One or more I2C or SMBus interfaces failed to initialize.</p><p><b>RGB DRAM modules, some motherboards' onboard RGB lighting, and RGB Graphics Cards, will not be available in OpenRGB</b> without I2C or SMBus.</p><h4>How to fix this:</h4><p>On Linux, this is usually because the i2c-dev module is not loaded.</p><p>You must load the i2c-dev module along with the correct i2c driver for your motherboard. This is usually i2c-piix4 for AMD systems and i2c-i801 for Intel systems.</p><p>See <a href='https://help.openrgb.org/'>help.openrgb.org</a> for additional troubleshooting steps if you keep seeing this message.<br></p><h3>If you are not using internal RGB on a desktop this message is not important to you.</h3>
