    OpenRGB v0.9+ (1.0rc2)
    Commit:  from 
    Launched: 20260131_130547
====================================================================================================

73    |Info:    [ResourceManager] Initializing HID interfaces: Success
73    |Info:    ------------------------------------------------------
73    |Info:    |               Start device detection               |
73    |Info:    ------------------------------------------------------
85    |Info:    ------------------------------------------------------
85    |Info:    |             Detecting I2C interfaces               |
85    |Info:    ------------------------------------------------------
85    |Info:    [ResourceManager] Registering I2C interface: /dev/i2c-3 Device 1022:790B Subsystem: 1025:151E
85    |Info:    [ResourceManager] Registering I2C interface: /dev/i2c-1 Device 1002:1638 Subsystem: 1025:151E
85    |Warning: [i2c_smbus_linux] Failed to read i2c device PCI device ID
85    |Info:    [ResourceManager] Registering I2C interface: /dev/i2c-8 Device 0000:0000 Subsystem: 0000:0000
85    |Info:    [ResourceManager] Registering I2C interface: /dev/i2c-6 Device 10DE:1F9D Subsystem: 1025:151E
85    |Info:    [ResourceManager] Registering I2C interface: /dev/i2c-4 Device 1022:790B Subsystem: 1025:151E
85    |Warning: [i2c_smbus_linux] Failed to read i2c device PCI device ID
85    |Info:    [ResourceManager] Registering I2C interface: /dev/i2c-2 Device 0000:0000 Subsystem: 0000:0000
85    |Info:    [ResourceManager] Registering I2C interface: /dev/i2c-0 Device 0000:0000 Subsystem: 0000:0000
85    |Info:    [ResourceManager] Registering I2C interface: /dev/i2c-ELAN050A:00 Device 0000:0000 Subsystem: 0000:0000
85    |Info:    [ResourceManager] Registering I2C interface: /dev/i2c-7 Device 10DE:1F9D Subsystem: 1025:151E
85    |Info:    [ResourceManager] Registering I2C interface: /dev/i2c-5 Device 1022:790B Subsystem: 1025:151E
85    |Info:    ------------------------------------------------------
85    |Info:    |               Detecting I2C devices                |
85    |Info:    ------------------------------------------------------
1167  |Info:    ------------------------------------------------------
1167  |Info:    |            Detecting I2C DIMM modules              |
1167  |Info:    ------------------------------------------------------
1554  |Info:    [ResourceManager] Detected occupied slot 1, bus 0, type DDR4
2207  |Info:    [ResourceManager] Detected occupied slot 2, bus 0, type DDR4
2898  |Info:    [ResourceManager] Detected occupied slot 1, bus 9, type FPM
3027  |Info:    [ResourceManager] Detected occupied slot 2, bus 9, type FPM
3027  |Info:    ------------------------------------------------------
3027  |Info:    |               Detecting I2C PCI devices            |
3027  |Info:    ------------------------------------------------------
3029  |Info:    ------------------------------------------------------
3029  |Info:    |               Detecting HID devices                |
3029  |Info:    ------------------------------------------------------
3063  |Info:    [Razer Deathadder V2] Registering RGB controller
3063  |Info:    ------------------------------------------------------
3063  |Info:    |            Detecting libusb HID devices            |
3063  |Info:    ------------------------------------------------------
3129  |Info:    ------------------------------------------------------
3129  |Info:    |              Detecting other devices               |
3129  |Info:    ------------------------------------------------------
3183  |Info:    [ResourceManager] Calling Post-detection callbacks
3183  |Info:    ------------------------------------------------------
3183  |Info:    |                Detection completed                 |
3183  |Info:    ------------------------------------------------------
3183  |Dialog:  <h2>Some internal devices may not be detected:</h2><p>One or more I2C or SMBus interfaces failed to initialize.</p><p><b>RGB DRAM modules, some motherboards' onboard RGB lighting, and RGB Graphics Cards, will not be available in OpenRGB</b> without I2C or SMBus.</p><h4>How to fix this:</h4><p>On Linux, this is usually because the i2c-dev module is not loaded.</p><p>You must load the i2c-dev module along with the correct i2c driver for your motherboard. This is usually i2c-piix4 for AMD systems and i2c-i801 for Intel systems.</p><p>See <a href='https://help.openrgb.org/'>help.openrgb.org</a> for additional troubleshooting steps if you keep seeing this message.<br></p><h3>If you are not using internal RGB on a desktop this message is not important to you.</h3>
5378  |Info:    [ResourceManager] Initializing HID interfaces: Success
5378  |Info:    ------------------------------------------------------
5378  |Info:    |               Start device detection               |
5378  |Info:    ------------------------------------------------------
5390  |Info:    ------------------------------------------------------
5390  |Info:    |             Detecting I2C interfaces               |
5390  |Info:    ------------------------------------------------------
5390  |Info:    [ResourceManager] Registering I2C interface: /dev/i2c-3 Device 1022:790B Subsystem: 1025:151E
5390  |Info:    [ResourceManager] Registering I2C interface: /dev/i2c-1 Device 1002:1638 Subsystem: 1025:151E
5390  |Warning: [i2c_smbus_linux] Failed to read i2c device PCI device ID
5390  |Info:    [ResourceManager] Registering I2C interface: /dev/i2c-8 Device 0000:0000 Subsystem: 0000:0000
5390  |Info:    [ResourceManager] Registering I2C interface: /dev/i2c-6 Device 10DE:1F9D Subsystem: 1025:151E
5390  |Info:    [ResourceManager] Registering I2C interface: /dev/i2c-4 Device 1022:790B Subsystem: 1025:151E
5390  |Warning: [i2c_smbus_linux] Failed to read i2c device PCI device ID
5390  |Info:    [ResourceManager] Registering I2C interface: /dev/i2c-2 Device 0000:0000 Subsystem: 0000:0000
5391  |Info:    [ResourceManager] Registering I2C interface: /dev/i2c-0 Device 0000:0000 Subsystem: 0000:0000
5391  |Info:    [ResourceManager] Registering I2C interface: /dev/i2c-ELAN050A:00 Device 0000:0000 Subsystem: 0000:0000
5391  |Info:    [ResourceManager] Registering I2C interface: /dev/i2c-7 Device 10DE:1F9D Subsystem: 1025:151E
5391  |Info:    [ResourceManager] Registering I2C interface: /dev/i2c-5 Device 1022:790B Subsystem: 1025:151E
5391  |Info:    ------------------------------------------------------
5391  |Info:    |               Detecting I2C devices                |
5391  |Info:    ------------------------------------------------------
6471  |Info:    ------------------------------------------------------
6471  |Info:    |            Detecting I2C DIMM modules              |
6471  |Info:    ------------------------------------------------------
6861  |Info:    [ResourceManager] Detected occupied slot 1, bus 0, type DDR4
7507  |Info:    [ResourceManager] Detected occupied slot 2, bus 0, type DDR4
8202  |Info:    [ResourceManager] Detected occupied slot 1, bus 9, type FPM
8331  |Info:    [ResourceManager] Detected occupied slot 2, bus 9, type FPM
8331  |Info:    ------------------------------------------------------
8331  |Info:    |               Detecting I2C PCI devices            |
8331  |Info:    ------------------------------------------------------
8332  |Info:    ------------------------------------------------------
8332  |Info:    |               Detecting HID devices                |
8332  |Info:    ------------------------------------------------------
8365  |Info:    [Razer Deathadder V2] Registering RGB controller
8365  |Info:    ------------------------------------------------------
8365  |Info:    |            Detecting libusb HID devices            |
8365  |Info:    ------------------------------------------------------
8415  |Info:    ------------------------------------------------------
8415  |Info:    |              Detecting other devices               |
8415  |Info:    ------------------------------------------------------
8433  |Info:    [ResourceManager] Calling Post-detection callbacks
8433  |Info:    ------------------------------------------------------
8433  |Info:    |                Detection completed                 |
8433  |Info:    ------------------------------------------------------
8433  |Dialog:  <h2>Some internal devices may not be detected:</h2><p>One or more I2C or SMBus interfaces failed to initialize.</p><p><b>RGB DRAM modules, some motherboards' onboard RGB lighting, and RGB Graphics Cards, will not be available in OpenRGB</b> without I2C or SMBus.</p><h4>How to fix this:</h4><p>On Linux, this is usually because the i2c-dev module is not loaded.</p><p>You must load the i2c-dev module along with the correct i2c driver for your motherboard. This is usually i2c-piix4 for AMD systems and i2c-i801 for Intel systems.</p><p>See <a href='https://help.openrgb.org/'>help.openrgb.org</a> for additional troubleshooting steps if you keep seeing this message.<br></p><h3>If you are not using internal RGB on a desktop this message is not important to you.</h3>
16774 |Info:    [ResourceManager] Initializing HID interfaces: Success
16774 |Info:    ------------------------------------------------------
16774 |Info:    |               Start device detection               |
16774 |Info:    ------------------------------------------------------
16786 |Info:    ------------------------------------------------------
16786 |Info:    |             Detecting I2C interfaces               |
16786 |Info:    ------------------------------------------------------
16786 |Info:    [ResourceManager] Registering I2C interface: /dev/i2c-3 Device 1022:790B Subsystem: 1025:151E
16787 |Info:    [ResourceManager] Registering I2C interface: /dev/i2c-1 Device 1002:1638 Subsystem: 1025:151E
16787 |Warning: [i2c_smbus_linux] Failed to read i2c device PCI device ID
16787 |Info:    [ResourceManager] Registering I2C interface: /dev/i2c-8 Device 0000:0000 Subsystem: 0000:0000
16787 |Info:    [ResourceManager] Registering I2C interface: /dev/i2c-6 Device 10DE:1F9D Subsystem: 1025:151E
16787 |Info:    [ResourceManager] Registering I2C interface: /dev/i2c-4 Device 1022:790B Subsystem: 1025:151E
16787 |Warning: [i2c_smbus_linux] Failed to read i2c device PCI device ID
16787 |Info:    [ResourceManager] Registering I2C interface: /dev/i2c-2 Device 0000:0000 Subsystem: 0000:0000
16787 |Info:    [ResourceManager] Registering I2C interface: /dev/i2c-0 Device 0000:0000 Subsystem: 0000:0000
16787 |Info:    [ResourceManager] Registering I2C interface: /dev/i2c-ELAN050A:00 Device 0000:0000 Subsystem: 0000:0000
16787 |Info:    [ResourceManager] Registering I2C interface: /dev/i2c-7 Device 10DE:1F9D Subsystem: 1025:151E
16787 |Info:    [ResourceManager] Registering I2C interface: /dev/i2c-5 Device 1022:790B Subsystem: 1025:151E
16787 |Info:    ------------------------------------------------------
16787 |Info:    |               Detecting I2C devices                |
16787 |Info:    ------------------------------------------------------
17869 |Info:    ------------------------------------------------------
17869 |Info:    |            Detecting I2C DIMM modules              |
17869 |Info:    ------------------------------------------------------
18257 |Info:    [ResourceManager] Detected occupied slot 1, bus 0, type DDR4
18903 |Info:    [ResourceManager] Detected occupied slot 2, bus 0, type DDR4
19596 |Info:    [ResourceManager] Detected occupied slot 1, bus 9, type FPM
19725 |Info:    [ResourceManager] Detected occupied slot 2, bus 9, type FPM
19725 |Info:    ------------------------------------------------------
19725 |Info:    |               Detecting I2C PCI devices            |
19725 |Info:    ------------------------------------------------------
19727 |Info:    ------------------------------------------------------
19727 |Info:    |               Detecting HID devices                |
19727 |Info:    ------------------------------------------------------
19761 |Info:    [Razer Deathadder V2] Registering RGB controller
19761 |Info:    ------------------------------------------------------
19761 |Info:    |            Detecting libusb HID devices            |
19761 |Info:    ------------------------------------------------------
19810 |Info:    ------------------------------------------------------
19810 |Info:    |              Detecting other devices               |
19810 |Info:    ------------------------------------------------------
19825 |Info:    [ResourceManager] Calling Post-detection callbacks
19825 |Info:    ------------------------------------------------------
19825 |Info:    |                Detection completed                 |
19825 |Info:    ------------------------------------------------------
19825 |Dialog:  <h2>Some internal devices may not be detected:</h2><p>One or more I2C or SMBus interfaces failed to initialize.</p><p><b>RGB DRAM modules, some motherboards' onboard RGB lighting, and RGB Graphics Cards, will not be available in OpenRGB</b> without I2C or SMBus.</p><h4>How to fix this:</h4><p>On Linux, this is usually because the i2c-dev module is not loaded.</p><p>You must load the i2c-dev module along with the correct i2c driver for your motherboard. This is usually i2c-piix4 for AMD systems and i2c-i801 for Intel systems.</p><p>See <a href='https://help.openrgb.org/'>help.openrgb.org</a> for additional troubleshooting steps if you keep seeing this message.<br></p><h3>If you are not using internal RGB on a desktop this message is not important to you.</h3>
