    OpenRGB v0.9+ (1.0rc2)
    Commit:  from 
    Launched: 20260220_081108
====================================================================================================

0     |Info:    [ProfileManager] Found file: teste.orp attempting to validate header
0     |Info:    [ProfileManager] Valid v5 profile found for teste
1061  |Info:    [ResourceManager] Initializing HID interfaces: Success
1061  |Info:    ------------------------------------------------------
1061  |Info:    |               Start device detection               |
1061  |Info:    ------------------------------------------------------
1077  |Info:    ------------------------------------------------------
1077  |Info:    |             Detecting I2C interfaces               |
1077  |Info:    ------------------------------------------------------
1077  |Info:    [ResourceManager] Registering I2C interface: /dev/i2c-3 Device 1002:1638 Subsystem: 1025:151E
1077  |Info:    [ResourceManager] Registering I2C interface: /dev/i2c-1 Device 10DE:1F9D Subsystem: 1025:151E
1077  |Warning: [i2c_smbus_linux] Failed to read i2c device PCI device ID
1077  |Info:    [ResourceManager] Registering I2C interface: /dev/i2c-8 Device 0000:0000 Subsystem: 0000:0000
1078  |Info:    [ResourceManager] Registering I2C interface: /dev/i2c-6 Device 1022:790B Subsystem: 1025:151E
1078  |Warning: [i2c_smbus_linux] Failed to read i2c device PCI device ID
1078  |Info:    [ResourceManager] Registering I2C interface: /dev/i2c-4 Device 0000:0000 Subsystem: 0000:0000
1078  |Info:    [ResourceManager] Registering I2C interface: /dev/i2c-2 Device 10DE:1F9D Subsystem: 1025:151E
1078  |Info:    [ResourceManager] Registering I2C interface: /dev/i2c-0 Device 0000:0000 Subsystem: 0000:0000
1078  |Info:    [ResourceManager] Registering I2C interface: /dev/i2c-ELAN050A:00 Device 0000:0000 Subsystem: 0000:0000
1078  |Info:    [ResourceManager] Registering I2C interface: /dev/i2c-7 Device 1022:790B Subsystem: 1025:151E
1078  |Info:    [ResourceManager] Registering I2C interface: /dev/i2c-5 Device 1022:790B Subsystem: 1025:151E
1078  |Info:    ------------------------------------------------------
1078  |Info:    |               Detecting I2C devices                |
1078  |Info:    ------------------------------------------------------
2150  |Info:    ------------------------------------------------------
2150  |Info:    |            Detecting I2C DIMM modules              |
2150  |Info:    ------------------------------------------------------
2319  |Info:    [ResourceManager] Detected occupied slot 1, bus 8, type FPM
2450  |Info:    [ResourceManager] Detected occupied slot 2, bus 8, type FPM
2842  |Info:    [ResourceManager] Detected occupied slot 1, bus 9, type DDR4
3492  |Info:    [ResourceManager] Detected occupied slot 2, bus 9, type DDR4
4015  |Info:    ------------------------------------------------------
4015  |Info:    |               Detecting I2C PCI devices            |
4015  |Info:    ------------------------------------------------------
4017  |Info:    ------------------------------------------------------
4017  |Info:    |               Detecting HID devices                |
4017  |Info:    ------------------------------------------------------
4050  |Info:    [Razer Deathadder V2] Registering RGB controller
4103  |Info:    [Corsair K65 Mini] Registering RGB controller
4103  |Info:    ------------------------------------------------------
4103  |Info:    |            Detecting libusb HID devices            |
4103  |Info:    ------------------------------------------------------
4197  |Info:    ------------------------------------------------------
4197  |Info:    |              Detecting other devices               |
4197  |Info:    ------------------------------------------------------
4230  |Info:    [ResourceManager] Calling Post-detection callbacks
4230  |Info:    ------------------------------------------------------
4230  |Info:    |                Detection completed                 |
4230  |Info:    ------------------------------------------------------
4230  |Dialog:  <h2>Some internal devices may not be detected:</h2><p>One or more I2C or SMBus interfaces failed to initialize.</p><p><b>RGB DRAM modules, some motherboards' onboard RGB lighting, and RGB Graphics Cards, will not be available in OpenRGB</b> without I2C or SMBus.</p><h4>How to fix this:</h4><p>On Linux, this is usually because the i2c-dev module is not loaded.</p><p>You must load the i2c-dev module along with the correct i2c driver for your motherboard. This is usually i2c-piix4 for AMD systems and i2c-i801 for Intel systems.</p><p>See <a href='https://help.openrgb.org/'>help.openrgb.org</a> for additional troubleshooting steps if you keep seeing this message.<br></p><h3>If you are not using internal RGB on a desktop this message is not important to you.</h3>
34104 |Info:    [ResourceManager] Initializing HID interfaces: Success
34104 |Info:    ------------------------------------------------------
34104 |Info:    |               Start device detection               |
34104 |Info:    ------------------------------------------------------
34122 |Info:    ------------------------------------------------------
34122 |Info:    |             Detecting I2C interfaces               |
34122 |Info:    ------------------------------------------------------
34122 |Info:    [ResourceManager] Registering I2C interface: /dev/i2c-3 Device 1002:1638 Subsystem: 1025:151E
34122 |Info:    [ResourceManager] Registering I2C interface: /dev/i2c-1 Device 10DE:1F9D Subsystem: 1025:151E
34122 |Warning: [i2c_smbus_linux] Failed to read i2c device PCI device ID
34122 |Info:    [ResourceManager] Registering I2C interface: /dev/i2c-8 Device 0000:0000 Subsystem: 0000:0000
34122 |Info:    [ResourceManager] Registering I2C interface: /dev/i2c-6 Device 1022:790B Subsystem: 1025:151E
34122 |Warning: [i2c_smbus_linux] Failed to read i2c device PCI device ID
34122 |Info:    [ResourceManager] Registering I2C interface: /dev/i2c-4 Device 0000:0000 Subsystem: 0000:0000
34122 |Info:    [ResourceManager] Registering I2C interface: /dev/i2c-2 Device 10DE:1F9D Subsystem: 1025:151E
34122 |Info:    [ResourceManager] Registering I2C interface: /dev/i2c-0 Device 0000:0000 Subsystem: 0000:0000
34122 |Info:    [ResourceManager] Registering I2C interface: /dev/i2c-ELAN050A:00 Device 0000:0000 Subsystem: 0000:0000
34123 |Info:    [ResourceManager] Registering I2C interface: /dev/i2c-7 Device 1022:790B Subsystem: 1025:151E
34123 |Info:    [ResourceManager] Registering I2C interface: /dev/i2c-5 Device 1022:790B Subsystem: 1025:151E
34123 |Info:    ------------------------------------------------------
34123 |Info:    |               Detecting I2C devices                |
34123 |Info:    ------------------------------------------------------
35194 |Info:    ------------------------------------------------------
35194 |Info:    |            Detecting I2C DIMM modules              |
35194 |Info:    ------------------------------------------------------
35364 |Info:    [ResourceManager] Detected occupied slot 1, bus 8, type FPM
35493 |Info:    [ResourceManager] Detected occupied slot 2, bus 8, type FPM
35882 |Info:    [ResourceManager] Detected occupied slot 1, bus 9, type DDR4
36532 |Info:    [ResourceManager] Detected occupied slot 2, bus 9, type DDR4
37056 |Info:    ------------------------------------------------------
37056 |Info:    |               Detecting I2C PCI devices            |
37056 |Info:    ------------------------------------------------------
37059 |Info:    ------------------------------------------------------
37059 |Info:    |               Detecting HID devices                |
37059 |Info:    ------------------------------------------------------
37092 |Info:    [Razer Deathadder V2] Registering RGB controller
37145 |Info:    [Corsair K65 Mini] Registering RGB controller
37145 |Info:    ------------------------------------------------------
37145 |Info:    |            Detecting libusb HID devices            |
37145 |Info:    ------------------------------------------------------
37226 |Info:    ------------------------------------------------------
37226 |Info:    |              Detecting other devices               |
37226 |Info:    ------------------------------------------------------
37246 |Info:    [ResourceManager] Calling Post-detection callbacks
37246 |Info:    ------------------------------------------------------
37246 |Info:    |                Detection completed                 |
37246 |Info:    ------------------------------------------------------
37246 |Dialog:  <h2>Some internal devices may not be detected:</h2><p>One or more I2C or SMBus interfaces failed to initialize.</p><p><b>RGB DRAM modules, some motherboards' onboard RGB lighting, and RGB Graphics Cards, will not be available in OpenRGB</b> without I2C or SMBus.</p><h4>How to fix this:</h4><p>On Linux, this is usually because the i2c-dev module is not loaded.</p><p>You must load the i2c-dev module along with the correct i2c driver for your motherboard. This is usually i2c-piix4 for AMD systems and i2c-i801 for Intel systems.</p><p>See <a href='https://help.openrgb.org/'>help.openrgb.org</a> for additional troubleshooting steps if you keep seeing this message.<br></p><h3>If you are not using internal RGB on a desktop this message is not important to you.</h3>
