    OpenRGB v0.9+ (1.0rc2)
    Commit:  from 
    Launched: 20260322_161752
====================================================================================================

0     |Info:    [ProfileManager] Found file: teste.orp attempting to validate header
0     |Info:    [ProfileManager] Valid v5 profile found for teste
1060  |Info:    [ResourceManager] Initializing HID interfaces: Success
1060  |Info:    ------------------------------------------------------
1060  |Info:    |               Start device detection               |
1060  |Info:    ------------------------------------------------------
1074  |Info:    ------------------------------------------------------
1074  |Info:    |             Detecting I2C interfaces               |
1074  |Info:    ------------------------------------------------------
1074  |Info:    [ResourceManager] Registering I2C interface: /dev/i2c-3 Device 1002:1638 Subsystem: 1025:151E
1074  |Info:    [ResourceManager] Registering I2C interface: /dev/i2c-1 Device 10DE:1F9D Subsystem: 1025:151E
1074  |Warning: [i2c_smbus_linux] Failed to read i2c device PCI device ID
1074  |Info:    [ResourceManager] Registering I2C interface: /dev/i2c-8 Device 0000:0000 Subsystem: 0000:0000
1074  |Info:    [ResourceManager] Registering I2C interface: /dev/i2c-6 Device 1022:790B Subsystem: 1025:151E
1074  |Warning: [i2c_smbus_linux] Failed to read i2c device PCI device ID
1074  |Info:    [ResourceManager] Registering I2C interface: /dev/i2c-4 Device 0000:0000 Subsystem: 0000:0000
1074  |Info:    [ResourceManager] Registering I2C interface: /dev/i2c-2 Device 10DE:1F9D Subsystem: 1025:151E
1074  |Info:    [ResourceManager] Registering I2C interface: /dev/i2c-0 Device 0000:0000 Subsystem: 0000:0000
1074  |Info:    [ResourceManager] Registering I2C interface: /dev/i2c-ELAN050A:00 Device 0000:0000 Subsystem: 0000:0000
1074  |Info:    [ResourceManager] Registering I2C interface: /dev/i2c-7 Device 1022:790B Subsystem: 1025:151E
1074  |Info:    [ResourceManager] Registering I2C interface: /dev/i2c-5 Device 1022:790B Subsystem: 1025:151E
1074  |Info:    ------------------------------------------------------
1074  |Info:    |               Detecting I2C devices                |
1074  |Info:    ------------------------------------------------------
2158  |Info:    ------------------------------------------------------
2158  |Info:    |            Detecting I2C DIMM modules              |
2158  |Info:    ------------------------------------------------------
2332  |Info:    [ResourceManager] Detected occupied slot 1, bus 8, type FPM
2461  |Info:    [ResourceManager] Detected occupied slot 2, bus 8, type FPM
3225  |Info:    [ResourceManager] Detected occupied slot 1, bus 9, type DDR4
4511  |Info:    [ResourceManager] Detected occupied slot 2, bus 9, type DDR4
5539  |Info:    ------------------------------------------------------
5539  |Info:    |               Detecting I2C PCI devices            |
5539  |Info:    ------------------------------------------------------
5540  |Info:    ------------------------------------------------------
5540  |Info:    |               Detecting HID devices                |
5540  |Info:    ------------------------------------------------------
5573  |Info:    [Razer Deathadder V2] Registering RGB controller
5575  |Info:    [Corsair K65 Mini] Registering RGB controller
5575  |Info:    ------------------------------------------------------
5575  |Info:    |            Detecting libusb HID devices            |
5575  |Info:    ------------------------------------------------------
5652  |Info:    ------------------------------------------------------
5652  |Info:    |              Detecting other devices               |
5652  |Info:    ------------------------------------------------------
5717  |Info:    [ResourceManager] Calling Post-detection callbacks
5717  |Info:    ------------------------------------------------------
5717  |Info:    |                Detection completed                 |
5717  |Info:    ------------------------------------------------------
5717  |Dialog:  <h2>Some internal devices may not be detected:</h2><p>One or more I2C or SMBus interfaces failed to initialize.</p><p><b>RGB DRAM modules, some motherboards' onboard RGB lighting, and RGB Graphics Cards, will not be available in OpenRGB</b> without I2C or SMBus.</p><h4>How to fix this:</h4><p>On Linux, this is usually because the i2c-dev module is not loaded.</p><p>You must load the i2c-dev module along with the correct i2c driver for your motherboard. This is usually i2c-piix4 for AMD systems and i2c-i801 for Intel systems.</p><p>See <a href='https://help.openrgb.org/'>help.openrgb.org</a> for additional troubleshooting steps if you keep seeing this message.<br></p><h3>If you are not using internal RGB on a desktop this message is not important to you.</h3>
32577 |Info:    [ResourceManager] Initializing HID interfaces: Success
32577 |Info:    ------------------------------------------------------
32577 |Info:    |               Start device detection               |
32577 |Info:    ------------------------------------------------------
32591 |Info:    ------------------------------------------------------
32591 |Info:    |             Detecting I2C interfaces               |
32591 |Info:    ------------------------------------------------------
32591 |Info:    [ResourceManager] Registering I2C interface: /dev/i2c-3 Device 1002:1638 Subsystem: 1025:151E
32591 |Info:    [ResourceManager] Registering I2C interface: /dev/i2c-1 Device 10DE:1F9D Subsystem: 1025:151E
32591 |Warning: [i2c_smbus_linux] Failed to read i2c device PCI device ID
32591 |Info:    [ResourceManager] Registering I2C interface: /dev/i2c-8 Device 0000:0000 Subsystem: 0000:0000
32591 |Info:    [ResourceManager] Registering I2C interface: /dev/i2c-6 Device 1022:790B Subsystem: 1025:151E
32591 |Warning: [i2c_smbus_linux] Failed to read i2c device PCI device ID
32591 |Info:    [ResourceManager] Registering I2C interface: /dev/i2c-4 Device 0000:0000 Subsystem: 0000:0000
32591 |Info:    [ResourceManager] Registering I2C interface: /dev/i2c-2 Device 10DE:1F9D Subsystem: 1025:151E
32591 |Info:    [ResourceManager] Registering I2C interface: /dev/i2c-0 Device 0000:0000 Subsystem: 0000:0000
32592 |Info:    [ResourceManager] Registering I2C interface: /dev/i2c-ELAN050A:00 Device 0000:0000 Subsystem: 0000:0000
32592 |Info:    [ResourceManager] Registering I2C interface: /dev/i2c-7 Device 1022:790B Subsystem: 1025:151E
32592 |Info:    [ResourceManager] Registering I2C interface: /dev/i2c-5 Device 1022:790B Subsystem: 1025:151E
32592 |Info:    ------------------------------------------------------
32592 |Info:    |               Detecting I2C devices                |
32592 |Info:    ------------------------------------------------------
33671 |Info:    ------------------------------------------------------
33671 |Info:    |            Detecting I2C DIMM modules              |
33671 |Info:    ------------------------------------------------------
33849 |Info:    [ResourceManager] Detected occupied slot 1, bus 8, type FPM
33977 |Info:    [ResourceManager] Detected occupied slot 2, bus 8, type FPM
34744 |Info:    [ResourceManager] Detected occupied slot 1, bus 9, type DDR4
36029 |Info:    [ResourceManager] Detected occupied slot 2, bus 9, type DDR4
37059 |Info:    ------------------------------------------------------
37059 |Info:    |               Detecting I2C PCI devices            |
37060 |Info:    ------------------------------------------------------
37062 |Info:    ------------------------------------------------------
37062 |Info:    |               Detecting HID devices                |
37062 |Info:    ------------------------------------------------------
37094 |Info:    [Razer Deathadder V2] Registering RGB controller
37095 |Info:    [Corsair K65 Mini] Registering RGB controller
37096 |Info:    ------------------------------------------------------
37096 |Info:    |            Detecting libusb HID devices            |
37096 |Info:    ------------------------------------------------------
37149 |Info:    ------------------------------------------------------
37149 |Info:    |              Detecting other devices               |
37149 |Info:    ------------------------------------------------------
37164 |Info:    [ResourceManager] Calling Post-detection callbacks
37164 |Info:    ------------------------------------------------------
37164 |Info:    |                Detection completed                 |
37164 |Info:    ------------------------------------------------------
37164 |Dialog:  <h2>Some internal devices may not be detected:</h2><p>One or more I2C or SMBus interfaces failed to initialize.</p><p><b>RGB DRAM modules, some motherboards' onboard RGB lighting, and RGB Graphics Cards, will not be available in OpenRGB</b> without I2C or SMBus.</p><h4>How to fix this:</h4><p>On Linux, this is usually because the i2c-dev module is not loaded.</p><p>You must load the i2c-dev module along with the correct i2c driver for your motherboard. This is usually i2c-piix4 for AMD systems and i2c-i801 for Intel systems.</p><p>See <a href='https://help.openrgb.org/'>help.openrgb.org</a> for additional troubleshooting steps if you keep seeing this message.<br></p><h3>If you are not using internal RGB on a desktop this message is not important to you.</h3>
