    OpenRGB v0.9+ (1.0rc2)
    Commit:  from 
    Launched: 20260209_191656
====================================================================================================

0     |Info:    [ProfileManager] Found file: teste.orp attempting to validate header
7     |Info:    [ProfileManager] Valid v5 profile found for teste
1184  |Info:    [ResourceManager] Initializing HID interfaces: Success
1184  |Info:    ------------------------------------------------------
1184  |Info:    |               Start device detection               |
1184  |Info:    ------------------------------------------------------
1192  |Info:    ------------------------------------------------------
1192  |Info:    |             Detecting I2C interfaces               |
1193  |Info:    ------------------------------------------------------
1193  |Info:    [ResourceManager] Registering I2C interface: /dev/i2c-3 Device 1002:1638 Subsystem: 1025:151E
1193  |Info:    [ResourceManager] Registering I2C interface: /dev/i2c-1 Device 10DE:1F9D Subsystem: 1025:151E
1194  |Info:    [ResourceManager] Registering I2C interface: /dev/i2c-6 Device 1022:790B Subsystem: 1025:151E
1194  |Warning: [i2c_smbus_linux] Failed to read i2c device PCI device ID
1195  |Info:    [ResourceManager] Registering I2C interface: /dev/i2c-4 Device 0000:0000 Subsystem: 0000:0000
1196  |Info:    [ResourceManager] Registering I2C interface: /dev/i2c-2 Device 10DE:1F9D Subsystem: 1025:151E
1196  |Info:    [ResourceManager] Registering I2C interface: /dev/i2c-0 Device 0000:0000 Subsystem: 0000:0000
1197  |Info:    [ResourceManager] Registering I2C interface: /dev/i2c-ELAN050A:00 Device 0000:0000 Subsystem: 0000:0000
1198  |Info:    [ResourceManager] Registering I2C interface: /dev/i2c-7 Device 1022:790B Subsystem: 1025:151E
1198  |Info:    [ResourceManager] Registering I2C interface: /dev/i2c-5 Device 1022:790B Subsystem: 1025:151E
1198  |Info:    ------------------------------------------------------
1198  |Info:    |               Detecting I2C devices                |
1198  |Info:    ------------------------------------------------------
2331  |Info:    ------------------------------------------------------
2331  |Info:    |            Detecting I2C DIMM modules              |
2331  |Info:    ------------------------------------------------------
2509  |Info:    [ResourceManager] Detected occupied slot 1, bus 7, type FPM
2644  |Info:    [ResourceManager] Detected occupied slot 2, bus 7, type FPM
3046  |Info:    [ResourceManager] Detected occupied slot 1, bus 8, type DDR4
3711  |Info:    [ResourceManager] Detected occupied slot 2, bus 8, type DDR4
4254  |Info:    ------------------------------------------------------
4254  |Info:    |               Detecting I2C PCI devices            |
4254  |Info:    ------------------------------------------------------
4261  |Info:    ------------------------------------------------------
4261  |Info:    |               Detecting HID devices                |
4261  |Info:    ------------------------------------------------------
4261  |Info:    ------------------------------------------------------
4261  |Info:    |            Detecting libusb HID devices            |
4261  |Info:    ------------------------------------------------------
4277  |Info:    ------------------------------------------------------
4277  |Info:    |              Detecting other devices               |
4277  |Info:    ------------------------------------------------------
4318  |Info:    [ResourceManager] Calling Post-detection callbacks
4318  |Info:    ------------------------------------------------------
4318  |Info:    |                Detection completed                 |
4318  |Info:    ------------------------------------------------------
4318  |Dialog:  <h2>Some internal devices may not be detected:</h2><p>One or more I2C or SMBus interfaces failed to initialize.</p><p><b>RGB DRAM modules, some motherboards' onboard RGB lighting, and RGB Graphics Cards, will not be available in OpenRGB</b> without I2C or SMBus.</p><h4>How to fix this:</h4><p>On Linux, this is usually because the i2c-dev module is not loaded.</p><p>You must load the i2c-dev module along with the correct i2c driver for your motherboard. This is usually i2c-piix4 for AMD systems and i2c-i801 for Intel systems.</p><p>See <a href='https://help.openrgb.org/'>help.openrgb.org</a> for additional troubleshooting steps if you keep seeing this message.<br></p><h3>If you are not using internal RGB on a desktop this message is not important to you.</h3>
4320  |Info:    [NetworkServer] Network connection thread started on port 6742
5159  |Info:    [NetworkServer] Network server started
