    OpenRGB v0.9+ (1.0rc2)
    Commit:  from 
    Launched: 20260226_185815
====================================================================================================

0     |Info:    [ProfileManager] Found file: teste.orp attempting to validate header
0     |Info:    [ProfileManager] Valid v5 profile found for teste
1064  |Info:    [ResourceManager] Initializing HID interfaces: Success
1064  |Info:    ------------------------------------------------------
1064  |Info:    |               Start device detection               |
1064  |Info:    ------------------------------------------------------
1065  |Info:    ------------------------------------------------------
1065  |Info:    |             Detecting I2C interfaces               |
1065  |Info:    ------------------------------------------------------
1065  |Info:    [ResourceManager] Registering I2C interface: /dev/i2c-3 Device 1002:1638 Subsystem: 1025:151E
1065  |Info:    [ResourceManager] Registering I2C interface: /dev/i2c-1 Device 10DE:1F9D Subsystem: 1025:151E
1066  |Info:    [ResourceManager] Registering I2C interface: /dev/i2c-6 Device 1022:790B Subsystem: 1025:151E
1066  |Warning: [i2c_smbus_linux] Failed to read i2c device PCI device ID
1066  |Info:    [ResourceManager] Registering I2C interface: /dev/i2c-4 Device 0000:0000 Subsystem: 0000:0000
1066  |Info:    [ResourceManager] Registering I2C interface: /dev/i2c-2 Device 10DE:1F9D Subsystem: 1025:151E
1066  |Info:    [ResourceManager] Registering I2C interface: /dev/i2c-0 Device 0000:0000 Subsystem: 0000:0000
1066  |Info:    [ResourceManager] Registering I2C interface: /dev/i2c-ELAN050A:00 Device 0000:0000 Subsystem: 0000:0000
1066  |Info:    [ResourceManager] Registering I2C interface: /dev/i2c-7 Device 1022:790B Subsystem: 1025:151E
1066  |Info:    [ResourceManager] Registering I2C interface: /dev/i2c-5 Device 1022:790B Subsystem: 1025:151E
1066  |Info:    ------------------------------------------------------
1066  |Info:    |               Detecting I2C devices                |
1066  |Info:    ------------------------------------------------------
2142  |Info:    ------------------------------------------------------
2142  |Info:    |            Detecting I2C DIMM modules              |
2142  |Info:    ------------------------------------------------------
2311  |Info:    [ResourceManager] Detected occupied slot 1, bus 7, type FPM
2440  |Info:    [ResourceManager] Detected occupied slot 2, bus 7, type FPM
2827  |Info:    [ResourceManager] Detected occupied slot 1, bus 8, type DDR4
3472  |Info:    [ResourceManager] Detected occupied slot 2, bus 8, type DDR4
3993  |Info:    ------------------------------------------------------
3993  |Info:    |               Detecting I2C PCI devices            |
3993  |Info:    ------------------------------------------------------
3995  |Info:    ------------------------------------------------------
3995  |Info:    |               Detecting HID devices                |
3995  |Info:    ------------------------------------------------------
3995  |Info:    ------------------------------------------------------
3995  |Info:    |            Detecting libusb HID devices            |
3995  |Info:    ------------------------------------------------------
3999  |Info:    ------------------------------------------------------
3999  |Info:    |              Detecting other devices               |
3999  |Info:    ------------------------------------------------------
4023  |Info:    [ResourceManager] Calling Post-detection callbacks
4023  |Info:    ------------------------------------------------------
4023  |Info:    |                Detection completed                 |
4023  |Info:    ------------------------------------------------------
4023  |Dialog:  <h2>Some internal devices may not be detected:</h2><p>One or more I2C or SMBus interfaces failed to initialize.</p><p><b>RGB DRAM modules, some motherboards' onboard RGB lighting, and RGB Graphics Cards, will not be available in OpenRGB</b> without I2C or SMBus.</p><h4>How to fix this:</h4><p>On Linux, this is usually because the i2c-dev module is not loaded.</p><p>You must load the i2c-dev module along with the correct i2c driver for your motherboard. This is usually i2c-piix4 for AMD systems and i2c-i801 for Intel systems.</p><p>See <a href='https://help.openrgb.org/'>help.openrgb.org</a> for additional troubleshooting steps if you keep seeing this message.<br></p><h3>If you are not using internal RGB on a desktop this message is not important to you.</h3>
