    OpenRGB v0.9+ (1.0rc2)
    Commit:  from 
    Launched: 20260131_134732
====================================================================================================

75    |Info:    [ResourceManager] Initializing HID interfaces: Success
75    |Info:    ------------------------------------------------------
75    |Info:    |               Start device detection               |
75    |Info:    ------------------------------------------------------
93    |Info:    ------------------------------------------------------
93    |Info:    |             Detecting I2C interfaces               |
93    |Info:    ------------------------------------------------------
93    |Info:    [ResourceManager] Registering I2C interface: /dev/i2c-3 Device 1022:790B Subsystem: 1025:151E
93    |Info:    [ResourceManager] Registering I2C interface: /dev/i2c-1 Device 1002:1638 Subsystem: 1025:151E
93    |Warning: [i2c_smbus_linux] Failed to read i2c device PCI device ID
93    |Info:    [ResourceManager] Registering I2C interface: /dev/i2c-8 Device 0000:0000 Subsystem: 0000:0000
95    |Info:    [ResourceManager] Registering I2C interface: /dev/i2c-6 Device 10DE:1F9D Subsystem: 1025:151E
95    |Info:    [ResourceManager] Registering I2C interface: /dev/i2c-4 Device 1022:790B Subsystem: 1025:151E
95    |Warning: [i2c_smbus_linux] Failed to read i2c device PCI device ID
96    |Info:    [ResourceManager] Registering I2C interface: /dev/i2c-2 Device 0000:0000 Subsystem: 0000:0000
96    |Info:    [ResourceManager] Registering I2C interface: /dev/i2c-0 Device 0000:0000 Subsystem: 0000:0000
96    |Info:    [ResourceManager] Registering I2C interface: /dev/i2c-ELAN050A:00 Device 0000:0000 Subsystem: 0000:0000
96    |Info:    [ResourceManager] Registering I2C interface: /dev/i2c-7 Device 10DE:1F9D Subsystem: 1025:151E
96    |Info:    [ResourceManager] Registering I2C interface: /dev/i2c-5 Device 1022:790B Subsystem: 1025:151E
96    |Info:    ------------------------------------------------------
96    |Info:    |               Detecting I2C devices                |
96    |Info:    ------------------------------------------------------
1196  |Info:    ------------------------------------------------------
1196  |Info:    |            Detecting I2C DIMM modules              |
1196  |Info:    ------------------------------------------------------
1584  |Info:    [ResourceManager] Detected occupied slot 1, bus 0, type DDR4
2229  |Info:    [ResourceManager] Detected occupied slot 2, bus 0, type DDR4
2920  |Info:    [ResourceManager] Detected occupied slot 1, bus 9, type FPM
3049  |Info:    [ResourceManager] Detected occupied slot 2, bus 9, type FPM
3049  |Info:    ------------------------------------------------------
3049  |Info:    |               Detecting I2C PCI devices            |
3049  |Info:    ------------------------------------------------------
3052  |Info:    ------------------------------------------------------
3052  |Info:    |               Detecting HID devices                |
3052  |Info:    ------------------------------------------------------
3092  |Info:    [Razer Deathadder V2] Registering RGB controller
3147  |Info:    [Corsair K65 Mini] Registering RGB controller
3147  |Info:    ------------------------------------------------------
3147  |Info:    |            Detecting libusb HID devices            |
3147  |Info:    ------------------------------------------------------
3216  |Info:    ------------------------------------------------------
3216  |Info:    |              Detecting other devices               |
3216  |Info:    ------------------------------------------------------
3274  |Info:    [ResourceManager] Calling Post-detection callbacks
3274  |Info:    ------------------------------------------------------
3274  |Info:    |                Detection completed                 |
3274  |Info:    ------------------------------------------------------
3274  |Dialog:  <h2>Some internal devices may not be detected:</h2><p>One or more I2C or SMBus interfaces failed to initialize.</p><p><b>RGB DRAM modules, some motherboards' onboard RGB lighting, and RGB Graphics Cards, will not be available in OpenRGB</b> without I2C or SMBus.</p><h4>How to fix this:</h4><p>On Linux, this is usually because the i2c-dev module is not loaded.</p><p>You must load the i2c-dev module along with the correct i2c driver for your motherboard. This is usually i2c-piix4 for AMD systems and i2c-i801 for Intel systems.</p><p>See <a href='https://help.openrgb.org/'>help.openrgb.org</a> for additional troubleshooting steps if you keep seeing this message.<br></p><h3>If you are not using internal RGB on a desktop this message is not important to you.</h3>
942206|Info:    [ResourceManager] Initializing HID interfaces: Success
942206|Info:    ------------------------------------------------------
942206|Info:    |               Start device detection               |
942206|Info:    ------------------------------------------------------
942219|Info:    ------------------------------------------------------
942219|Info:    |             Detecting I2C interfaces               |
942219|Info:    ------------------------------------------------------
942219|Info:    [ResourceManager] Registering I2C interface: /dev/i2c-3 Device 1022:790B Subsystem: 1025:151E
942219|Info:    [ResourceManager] Registering I2C interface: /dev/i2c-1 Device 1002:1638 Subsystem: 1025:151E
942219|Warning: [i2c_smbus_linux] Failed to read i2c device PCI device ID
942220|Info:    [ResourceManager] Registering I2C interface: /dev/i2c-8 Device 0000:0000 Subsystem: 0000:0000
942220|Info:    [ResourceManager] Registering I2C interface: /dev/i2c-6 Device 10DE:1F9D Subsystem: 1025:151E
942220|Info:    [ResourceManager] Registering I2C interface: /dev/i2c-4 Device 1022:790B Subsystem: 1025:151E
942220|Warning: [i2c_smbus_linux] Failed to read i2c device PCI device ID
942220|Info:    [ResourceManager] Registering I2C interface: /dev/i2c-2 Device 0000:0000 Subsystem: 0000:0000
942220|Info:    [ResourceManager] Registering I2C interface: /dev/i2c-0 Device 0000:0000 Subsystem: 0000:0000
942220|Info:    [ResourceManager] Registering I2C interface: /dev/i2c-ELAN050A:00 Device 0000:0000 Subsystem: 0000:0000
942220|Info:    [ResourceManager] Registering I2C interface: /dev/i2c-7 Device 10DE:1F9D Subsystem: 1025:151E
942220|Info:    [ResourceManager] Registering I2C interface: /dev/i2c-5 Device 1022:790B Subsystem: 1025:151E
942220|Info:    ------------------------------------------------------
942220|Info:    |               Detecting I2C devices                |
942220|Info:    ------------------------------------------------------
943307|Info:    ------------------------------------------------------
943307|Info:    |            Detecting I2C DIMM modules              |
943307|Info:    ------------------------------------------------------
943694|Info:    [ResourceManager] Detected occupied slot 1, bus 0, type DDR4
944339|Info:    [ResourceManager] Detected occupied slot 2, bus 0, type DDR4
945031|Info:    [ResourceManager] Detected occupied slot 1, bus 9, type FPM
945160|Info:    [ResourceManager] Detected occupied slot 2, bus 9, type FPM
945160|Info:    ------------------------------------------------------
945160|Info:    |               Detecting I2C PCI devices            |
945160|Info:    ------------------------------------------------------
945162|Info:    ------------------------------------------------------
945162|Info:    |               Detecting HID devices                |
945162|Info:    ------------------------------------------------------
945195|Info:    [Razer Deathadder V2] Registering RGB controller
945249|Info:    [Corsair K65 Mini] Registering RGB controller
945249|Info:    ------------------------------------------------------
945249|Info:    |            Detecting libusb HID devices            |
945249|Info:    ------------------------------------------------------
945303|Info:    ------------------------------------------------------
945303|Info:    |              Detecting other devices               |
945303|Info:    ------------------------------------------------------
945318|Info:    [ResourceManager] Calling Post-detection callbacks
945318|Info:    ------------------------------------------------------
945318|Info:    |                Detection completed                 |
945318|Info:    ------------------------------------------------------
945318|Dialog:  <h2>Some internal devices may not be detected:</h2><p>One or more I2C or SMBus interfaces failed to initialize.</p><p><b>RGB DRAM modules, some motherboards' onboard RGB lighting, and RGB Graphics Cards, will not be available in OpenRGB</b> without I2C or SMBus.</p><h4>How to fix this:</h4><p>On Linux, this is usually because the i2c-dev module is not loaded.</p><p>You must load the i2c-dev module along with the correct i2c driver for your motherboard. This is usually i2c-piix4 for AMD systems and i2c-i801 for Intel systems.</p><p>See <a href='https://help.openrgb.org/'>help.openrgb.org</a> for additional troubleshooting steps if you keep seeing this message.<br></p><h3>If you are not using internal RGB on a desktop this message is not important to you.</h3>
