    OpenRGB v0.9+ (1.0rc2)
    Commit:  from 
    Launched: 20260213_074703
====================================================================================================

0     |Info:    [ProfileManager] Found file: teste.orp attempting to validate header
0     |Info:    [ProfileManager] Valid v5 profile found for teste
1076  |Info:    [ResourceManager] Initializing HID interfaces: Success
1076  |Info:    ------------------------------------------------------
1076  |Info:    |               Start device detection               |
1076  |Info:    ------------------------------------------------------
1109  |Info:    ------------------------------------------------------
1109  |Info:    |             Detecting I2C interfaces               |
1109  |Info:    ------------------------------------------------------
1110  |Info:    [ResourceManager] Registering I2C interface: /dev/i2c-3 Device 1002:1638 Subsystem: 1025:151E
1110  |Info:    [ResourceManager] Registering I2C interface: /dev/i2c-1 Device 10DE:1F9D Subsystem: 1025:151E
1110  |Warning: [i2c_smbus_linux] Failed to read i2c device PCI device ID
1110  |Info:    [ResourceManager] Registering I2C interface: /dev/i2c-8 Device 0000:0000 Subsystem: 0000:0000
1111  |Info:    [ResourceManager] Registering I2C interface: /dev/i2c-6 Device 1022:790B Subsystem: 1025:151E
1111  |Warning: [i2c_smbus_linux] Failed to read i2c device PCI device ID
1111  |Info:    [ResourceManager] Registering I2C interface: /dev/i2c-4 Device 0000:0000 Subsystem: 0000:0000
1111  |Info:    [ResourceManager] Registering I2C interface: /dev/i2c-2 Device 10DE:1F9D Subsystem: 1025:151E
1111  |Info:    [ResourceManager] Registering I2C interface: /dev/i2c-0 Device 0000:0000 Subsystem: 0000:0000
1112  |Info:    [ResourceManager] Registering I2C interface: /dev/i2c-ELAN050A:00 Device 0000:0000 Subsystem: 0000:0000
1112  |Info:    [ResourceManager] Registering I2C interface: /dev/i2c-7 Device 1022:790B Subsystem: 1025:151E
1112  |Info:    [ResourceManager] Registering I2C interface: /dev/i2c-5 Device 1022:790B Subsystem: 1025:151E
1112  |Info:    ------------------------------------------------------
1112  |Info:    |               Detecting I2C devices                |
1112  |Info:    ------------------------------------------------------
2251  |Info:    ------------------------------------------------------
2251  |Info:    |            Detecting I2C DIMM modules              |
2251  |Info:    ------------------------------------------------------
2425  |Info:    [ResourceManager] Detected occupied slot 1, bus 8, type FPM
2555  |Info:    [ResourceManager] Detected occupied slot 2, bus 8, type FPM
2948  |Info:    [ResourceManager] Detected occupied slot 1, bus 9, type DDR4
3606  |Info:    [ResourceManager] Detected occupied slot 2, bus 9, type DDR4
4132  |Info:    ------------------------------------------------------
4132  |Info:    |               Detecting I2C PCI devices            |
4132  |Info:    ------------------------------------------------------
4135  |Info:    ------------------------------------------------------
4135  |Info:    |               Detecting HID devices                |
4135  |Info:    ------------------------------------------------------
4170  |Info:    [Razer Deathadder V2] Registering RGB controller
4224  |Info:    [Corsair K65 Mini] Registering RGB controller
4225  |Info:    ------------------------------------------------------
4225  |Info:    |            Detecting libusb HID devices            |
4225  |Info:    ------------------------------------------------------
4346  |Info:    ------------------------------------------------------
4346  |Info:    |              Detecting other devices               |
4346  |Info:    ------------------------------------------------------
4440  |Info:    [ResourceManager] Calling Post-detection callbacks
4440  |Info:    ------------------------------------------------------
4440  |Info:    |                Detection completed                 |
4440  |Info:    ------------------------------------------------------
4440  |Dialog:  <h2>Some internal devices may not be detected:</h2><p>One or more I2C or SMBus interfaces failed to initialize.</p><p><b>RGB DRAM modules, some motherboards' onboard RGB lighting, and RGB Graphics Cards, will not be available in OpenRGB</b> without I2C or SMBus.</p><h4>How to fix this:</h4><p>On Linux, this is usually because the i2c-dev module is not loaded.</p><p>You must load the i2c-dev module along with the correct i2c driver for your motherboard. This is usually i2c-piix4 for AMD systems and i2c-i801 for Intel systems.</p><p>See <a href='https://help.openrgb.org/'>help.openrgb.org</a> for additional troubleshooting steps if you keep seeing this message.<br></p><h3>If you are not using internal RGB on a desktop this message is not important to you.</h3>
20566497|Info:    [ResourceManager] Initializing HID interfaces: Success
20566497|Warning: [ResourceManager] Detection coroutine: assigned a new coroutine when one was already scheduled - probably two rescan events sent at once
20566497|Info:    ------------------------------------------------------
20566497|Info:    |               Start device detection               |
20566497|Info:    ------------------------------------------------------
20566515|Info:    ------------------------------------------------------
20566515|Info:    |             Detecting I2C interfaces               |
20566515|Info:    ------------------------------------------------------
20566515|Info:    [ResourceManager] Registering I2C interface: /dev/i2c-3 Device 1002:1638 Subsystem: 1025:151E
20566516|Info:    [ResourceManager] Registering I2C interface: /dev/i2c-1 Device 10DE:1F9D Subsystem: 1025:151E
20566516|Warning: [i2c_smbus_linux] Failed to read i2c device PCI device ID
20566516|Info:    [ResourceManager] Registering I2C interface: /dev/i2c-8 Device 0000:0000 Subsystem: 0000:0000
20566516|Info:    [ResourceManager] Registering I2C interface: /dev/i2c-6 Device 1022:790B Subsystem: 1025:151E
20566516|Warning: [i2c_smbus_linux] Failed to read i2c device PCI device ID
20566516|Info:    [ResourceManager] Registering I2C interface: /dev/i2c-4 Device 0000:0000 Subsystem: 0000:0000
20566516|Info:    [ResourceManager] Registering I2C interface: /dev/i2c-2 Device 10DE:1F9D Subsystem: 1025:151E
20566516|Info:    [ResourceManager] Registering I2C interface: /dev/i2c-0 Device 0000:0000 Subsystem: 0000:0000
20566516|Info:    [ResourceManager] Registering I2C interface: /dev/i2c-ELAN050A:00 Device 0000:0000 Subsystem: 0000:0000
20566516|Info:    [ResourceManager] Registering I2C interface: /dev/i2c-7 Device 1022:790B Subsystem: 1025:151E
20566516|Info:    [ResourceManager] Registering I2C interface: /dev/i2c-5 Device 1022:790B Subsystem: 1025:151E
20566516|Info:    ------------------------------------------------------
20566516|Info:    |               Detecting I2C devices                |
20566516|Info:    ------------------------------------------------------
20567588|Info:    ------------------------------------------------------
20567588|Info:    |            Detecting I2C DIMM modules              |
20567588|Info:    ------------------------------------------------------
20567757|Info:    [ResourceManager] Detected occupied slot 1, bus 8, type FPM
20567886|Info:    [ResourceManager] Detected occupied slot 2, bus 8, type FPM
20568276|Info:    [ResourceManager] Detected occupied slot 1, bus 9, type DDR4
20568931|Info:    [ResourceManager] Detected occupied slot 2, bus 9, type DDR4
20569460|Info:    ------------------------------------------------------
20569460|Info:    |               Detecting I2C PCI devices            |
20569460|Info:    ------------------------------------------------------
20569464|Info:    ------------------------------------------------------
20569464|Info:    |               Detecting HID devices                |
20569464|Info:    ------------------------------------------------------
20569498|Info:    [Razer Deathadder V2] Registering RGB controller
20569551|Info:    [Corsair K65 Mini] Registering RGB controller
20569551|Info:    ------------------------------------------------------
20569551|Info:    |            Detecting libusb HID devices            |
20569551|Info:    ------------------------------------------------------
