    OpenRGB v0.9+ (1.0rc2)
    Commit:  from 
    Launched: 20260210_183445
====================================================================================================

0     |Info:    [ProfileManager] Found file: teste.orp attempting to validate header
0     |Info:    [ProfileManager] Valid v5 profile found for teste
1073  |Info:    [ResourceManager] Initializing HID interfaces: Success
1073  |Info:    ------------------------------------------------------
1073  |Info:    |               Start device detection               |
1073  |Info:    ------------------------------------------------------
1096  |Info:    ------------------------------------------------------
1096  |Info:    |             Detecting I2C interfaces               |
1096  |Info:    ------------------------------------------------------
1096  |Info:    [ResourceManager] Registering I2C interface: /dev/i2c-3 Device 1002:1638 Subsystem: 1025:151E
1096  |Info:    [ResourceManager] Registering I2C interface: /dev/i2c-1 Device 10DE:1F9D Subsystem: 1025:151E
1096  |Warning: [i2c_smbus_linux] Failed to read i2c device PCI device ID
1096  |Info:    [ResourceManager] Registering I2C interface: /dev/i2c-8 Device 0000:0000 Subsystem: 0000:0000
1096  |Info:    [ResourceManager] Registering I2C interface: /dev/i2c-6 Device 1022:790B Subsystem: 1025:151E
1096  |Warning: [i2c_smbus_linux] Failed to read i2c device PCI device ID
1096  |Info:    [ResourceManager] Registering I2C interface: /dev/i2c-4 Device 0000:0000 Subsystem: 0000:0000
1096  |Info:    [ResourceManager] Registering I2C interface: /dev/i2c-2 Device 10DE:1F9D Subsystem: 1025:151E
1096  |Info:    [ResourceManager] Registering I2C interface: /dev/i2c-0 Device 0000:0000 Subsystem: 0000:0000
1096  |Info:    [ResourceManager] Registering I2C interface: /dev/i2c-ELAN050A:00 Device 0000:0000 Subsystem: 0000:0000
1097  |Info:    [ResourceManager] Registering I2C interface: /dev/i2c-7 Device 1022:790B Subsystem: 1025:151E
1097  |Info:    [ResourceManager] Registering I2C interface: /dev/i2c-5 Device 1022:790B Subsystem: 1025:151E
1097  |Info:    ------------------------------------------------------
1097  |Info:    |               Detecting I2C devices                |
1097  |Info:    ------------------------------------------------------
2201  |Info:    ------------------------------------------------------
2201  |Info:    |            Detecting I2C DIMM modules              |
2201  |Info:    ------------------------------------------------------
2370  |Info:    [ResourceManager] Detected occupied slot 1, bus 8, type FPM
2499  |Info:    [ResourceManager] Detected occupied slot 2, bus 8, type FPM
2887  |Info:    [ResourceManager] Detected occupied slot 1, bus 9, type DDR4
3532  |Info:    [ResourceManager] Detected occupied slot 2, bus 9, type DDR4
4051  |Info:    ------------------------------------------------------
4051  |Info:    |               Detecting I2C PCI devices            |
4051  |Info:    ------------------------------------------------------
4054  |Info:    ------------------------------------------------------
4054  |Info:    |               Detecting HID devices                |
4054  |Info:    ------------------------------------------------------
4087  |Info:    [Razer Deathadder V2] Registering RGB controller
4140  |Info:    [Corsair K65 Mini] Registering RGB controller
4140  |Info:    ------------------------------------------------------
4140  |Info:    |            Detecting libusb HID devices            |
4140  |Info:    ------------------------------------------------------
4239  |Info:    ------------------------------------------------------
4239  |Info:    |              Detecting other devices               |
4239  |Info:    ------------------------------------------------------
4298  |Info:    [ResourceManager] Calling Post-detection callbacks
4298  |Info:    ------------------------------------------------------
4298  |Info:    |                Detection completed                 |
4298  |Info:    ------------------------------------------------------
4298  |Dialog:  <h2>Some internal devices may not be detected:</h2><p>One or more I2C or SMBus interfaces failed to initialize.</p><p><b>RGB DRAM modules, some motherboards' onboard RGB lighting, and RGB Graphics Cards, will not be available in OpenRGB</b> without I2C or SMBus.</p><h4>How to fix this:</h4><p>On Linux, this is usually because the i2c-dev module is not loaded.</p><p>You must load the i2c-dev module along with the correct i2c driver for your motherboard. This is usually i2c-piix4 for AMD systems and i2c-i801 for Intel systems.</p><p>See <a href='https://help.openrgb.org/'>help.openrgb.org</a> for additional troubleshooting steps if you keep seeing this message.<br></p><h3>If you are not using internal RGB on a desktop this message is not important to you.</h3>
162276|Info:    [NetworkServer] Network connection thread started on port 6742
163069|Info:    [NetworkServer] Network server started
178149|Info:    [ResourceManager] Initializing HID interfaces: Success
178149|Info:    ------------------------------------------------------
178149|Info:    |               Start device detection               |
178149|Info:    ------------------------------------------------------
178175|Info:    ------------------------------------------------------
178175|Info:    |             Detecting I2C interfaces               |
178175|Info:    ------------------------------------------------------
178175|Info:    [ResourceManager] Registering I2C interface: /dev/i2c-3 Device 1002:1638 Subsystem: 1025:151E
178175|Info:    [ResourceManager] Registering I2C interface: /dev/i2c-1 Device 10DE:1F9D Subsystem: 1025:151E
178175|Warning: [i2c_smbus_linux] Failed to read i2c device PCI device ID
178175|Info:    [ResourceManager] Registering I2C interface: /dev/i2c-8 Device 0000:0000 Subsystem: 0000:0000
178175|Info:    [ResourceManager] Registering I2C interface: /dev/i2c-6 Device 1022:790B Subsystem: 1025:151E
178176|Warning: [i2c_smbus_linux] Failed to read i2c device PCI device ID
178176|Info:    [ResourceManager] Registering I2C interface: /dev/i2c-4 Device 0000:0000 Subsystem: 0000:0000
178176|Info:    [ResourceManager] Registering I2C interface: /dev/i2c-2 Device 10DE:1F9D Subsystem: 1025:151E
178176|Info:    [ResourceManager] Registering I2C interface: /dev/i2c-0 Device 0000:0000 Subsystem: 0000:0000
178176|Info:    [ResourceManager] Registering I2C interface: /dev/i2c-ELAN050A:00 Device 0000:0000 Subsystem: 0000:0000
178176|Info:    [ResourceManager] Registering I2C interface: /dev/i2c-7 Device 1022:790B Subsystem: 1025:151E
178176|Info:    [ResourceManager] Registering I2C interface: /dev/i2c-5 Device 1022:790B Subsystem: 1025:151E
178176|Info:    ------------------------------------------------------
178176|Info:    |               Detecting I2C devices                |
178176|Info:    ------------------------------------------------------
179254|Info:    ------------------------------------------------------
179254|Info:    |            Detecting I2C DIMM modules              |
179254|Info:    ------------------------------------------------------
179423|Info:    [ResourceManager] Detected occupied slot 1, bus 8, type FPM
179552|Info:    [ResourceManager] Detected occupied slot 2, bus 8, type FPM
179939|Info:    [ResourceManager] Detected occupied slot 1, bus 9, type DDR4
180584|Info:    [ResourceManager] Detected occupied slot 2, bus 9, type DDR4
181103|Info:    ------------------------------------------------------
181103|Info:    |               Detecting I2C PCI devices            |
181103|Info:    ------------------------------------------------------
181107|Info:    ------------------------------------------------------
181107|Info:    |               Detecting HID devices                |
181107|Info:    ------------------------------------------------------
181141|Info:    [Razer Deathadder V2] Registering RGB controller
181194|Info:    [Corsair K65 Mini] Registering RGB controller
181194|Info:    ------------------------------------------------------
181194|Info:    |            Detecting libusb HID devices            |
181194|Info:    ------------------------------------------------------
181275|Info:    ------------------------------------------------------
181275|Info:    |              Detecting other devices               |
181275|Info:    ------------------------------------------------------
181296|Info:    [ResourceManager] Calling Post-detection callbacks
181296|Info:    ------------------------------------------------------
181296|Info:    |                Detection completed                 |
181297|Info:    ------------------------------------------------------
181297|Dialog:  <h2>Some internal devices may not be detected:</h2><p>One or more I2C or SMBus interfaces failed to initialize.</p><p><b>RGB DRAM modules, some motherboards' onboard RGB lighting, and RGB Graphics Cards, will not be available in OpenRGB</b> without I2C or SMBus.</p><h4>How to fix this:</h4><p>On Linux, this is usually because the i2c-dev module is not loaded.</p><p>You must load the i2c-dev module along with the correct i2c driver for your motherboard. This is usually i2c-piix4 for AMD systems and i2c-i801 for Intel systems.</p><p>See <a href='https://help.openrgb.org/'>help.openrgb.org</a> for additional troubleshooting steps if you keep seeing this message.<br></p><h3>If you are not using internal RGB on a desktop this message is not important to you.</h3>
13756313|Info:    [ResourceManager] Initializing HID interfaces: Success
13756313|Info:    ------------------------------------------------------
13756313|Info:    |               Start device detection               |
13756313|Info:    ------------------------------------------------------
13756333|Info:    ------------------------------------------------------
13756333|Info:    |             Detecting I2C interfaces               |
13756333|Info:    ------------------------------------------------------
13756333|Info:    [ResourceManager] Registering I2C interface: /dev/i2c-3 Device 1002:1638 Subsystem: 1025:151E
13756334|Info:    [ResourceManager] Registering I2C interface: /dev/i2c-1 Device 10DE:1F9D Subsystem: 1025:151E
13756334|Warning: [i2c_smbus_linux] Failed to read i2c device PCI device ID
13756334|Info:    [ResourceManager] Registering I2C interface: /dev/i2c-8 Device 0000:0000 Subsystem: 0000:0000
13756334|Info:    [ResourceManager] Registering I2C interface: /dev/i2c-6 Device 1022:790B Subsystem: 1025:151E
13756334|Warning: [i2c_smbus_linux] Failed to read i2c device PCI device ID
13756334|Info:    [ResourceManager] Registering I2C interface: /dev/i2c-4 Device 0000:0000 Subsystem: 0000:0000
13756334|Info:    [ResourceManager] Registering I2C interface: /dev/i2c-2 Device 10DE:1F9D Subsystem: 1025:151E
13756334|Info:    [ResourceManager] Registering I2C interface: /dev/i2c-0 Device 0000:0000 Subsystem: 0000:0000
13756334|Info:    [ResourceManager] Registering I2C interface: /dev/i2c-ELAN050A:00 Device 0000:0000 Subsystem: 0000:0000
13756334|Info:    [ResourceManager] Registering I2C interface: /dev/i2c-7 Device 1022:790B Subsystem: 1025:151E
13756334|Info:    [ResourceManager] Registering I2C interface: /dev/i2c-5 Device 1022:790B Subsystem: 1025:151E
13756334|Info:    ------------------------------------------------------
13756334|Info:    |               Detecting I2C devices                |
13756334|Info:    ------------------------------------------------------
13757419|Info:    ------------------------------------------------------
13757419|Info:    |            Detecting I2C DIMM modules              |
13757419|Info:    ------------------------------------------------------
13757590|Info:    [ResourceManager] Detected occupied slot 1, bus 8, type FPM
13757720|Info:    [ResourceManager] Detected occupied slot 2, bus 8, type FPM
13758117|Info:    [ResourceManager] Detected occupied slot 1, bus 9, type DDR4
13758779|Info:    [ResourceManager] Detected occupied slot 2, bus 9, type DDR4
13759315|Info:    ------------------------------------------------------
13759315|Info:    |               Detecting I2C PCI devices            |
13759315|Info:    ------------------------------------------------------
13759318|Info:    ------------------------------------------------------
13759318|Info:    |               Detecting HID devices                |
13759318|Info:    ------------------------------------------------------
13759351|Info:    [Razer Deathadder V2] Registering RGB controller
13759405|Info:    [Corsair K65 Mini] Registering RGB controller
13759405|Info:    ------------------------------------------------------
13759405|Info:    |            Detecting libusb HID devices            |
13759405|Info:    ------------------------------------------------------
13760485|Info:    ------------------------------------------------------
13760485|Info:    |              Detecting other devices               |
13760485|Info:    ------------------------------------------------------
13760509|Info:    [ResourceManager] Calling Post-detection callbacks
13760509|Info:    ------------------------------------------------------
13760509|Info:    |                Detection completed                 |
13760509|Info:    ------------------------------------------------------
13760509|Dialog:  <h2>Some internal devices may not be detected:</h2><p>One or more I2C or SMBus interfaces failed to initialize.</p><p><b>RGB DRAM modules, some motherboards' onboard RGB lighting, and RGB Graphics Cards, will not be available in OpenRGB</b> without I2C or SMBus.</p><h4>How to fix this:</h4><p>On Linux, this is usually because the i2c-dev module is not loaded.</p><p>You must load the i2c-dev module along with the correct i2c driver for your motherboard. This is usually i2c-piix4 for AMD systems and i2c-i801 for Intel systems.</p><p>See <a href='https://help.openrgb.org/'>help.openrgb.org</a> for additional troubleshooting steps if you keep seeing this message.<br></p><h3>If you are not using internal RGB on a desktop this message is not important to you.</h3>
13778061|Info:    [NetworkServer] Closing server connection: 127.0.0.1
13778061|Info:    [NetworkServer] Connection thread closed
13778061|ERROR:   [NetworkServer] recv_select failed receiving magic, closing listener
13792805|ERROR:   [NetworkServer] Could not bind network socket. Is port 6742 already being used?
13804758|ERROR:   [NetworkServer] Could not bind network socket. Is port 6742 already being used?
13816630|ERROR:   [NetworkServer] Could not bind network socket. Is port 6742 already being used?
