    OpenRGB v0.9+ (1.0rc2)
    Commit:  from 
    Launched: 20260131_104417
====================================================================================================

71    |Info:    [ResourceManager] Initializing HID interfaces: Success
71    |Info:    ------------------------------------------------------
71    |Info:    |               Start device detection               |
71    |Info:    ------------------------------------------------------
89    |Info:    ------------------------------------------------------
89    |Info:    |             Detecting I2C interfaces               |
89    |Info:    ------------------------------------------------------
89    |Info:    [ResourceManager] Registering I2C interface: /dev/i2c-3 Device 1022:790B Subsystem: 1025:151E
89    |Info:    [ResourceManager] Registering I2C interface: /dev/i2c-1 Device 1002:1638 Subsystem: 1025:151E
89    |Warning: [i2c_smbus_linux] Failed to read i2c device PCI device ID
89    |Info:    [ResourceManager] Registering I2C interface: /dev/i2c-8 Device 0000:0000 Subsystem: 0000:0000
90    |Info:    [ResourceManager] Registering I2C interface: /dev/i2c-6 Device 10DE:1F9D Subsystem: 1025:151E
90    |Info:    [ResourceManager] Registering I2C interface: /dev/i2c-4 Device 1022:790B Subsystem: 1025:151E
90    |Warning: [i2c_smbus_linux] Failed to read i2c device PCI device ID
90    |Info:    [ResourceManager] Registering I2C interface: /dev/i2c-2 Device 0000:0000 Subsystem: 0000:0000
90    |Info:    [ResourceManager] Registering I2C interface: /dev/i2c-0 Device 0000:0000 Subsystem: 0000:0000
90    |Info:    [ResourceManager] Registering I2C interface: /dev/i2c-ELAN050A:00 Device 0000:0000 Subsystem: 0000:0000
90    |Info:    [ResourceManager] Registering I2C interface: /dev/i2c-7 Device 10DE:1F9D Subsystem: 1025:151E
90    |Info:    [ResourceManager] Registering I2C interface: /dev/i2c-5 Device 1022:790B Subsystem: 1025:151E
90    |Info:    ------------------------------------------------------
90    |Info:    |               Detecting I2C devices                |
90    |Info:    ------------------------------------------------------
1206  |Info:    ------------------------------------------------------
1206  |Info:    |            Detecting I2C DIMM modules              |
1206  |Info:    ------------------------------------------------------
1593  |Info:    [ResourceManager] Detected occupied slot 1, bus 0, type DDR4
2241  |Info:    [ResourceManager] Detected occupied slot 2, bus 0, type DDR4
2932  |Info:    [ResourceManager] Detected occupied slot 1, bus 9, type FPM
3060  |Info:    [ResourceManager] Detected occupied slot 2, bus 9, type FPM
3060  |Info:    ------------------------------------------------------
3060  |Info:    |               Detecting I2C PCI devices            |
3060  |Info:    ------------------------------------------------------
3063  |Info:    ------------------------------------------------------
3063  |Info:    |               Detecting HID devices                |
3063  |Info:    ------------------------------------------------------
3097  |Info:    [Razer Deathadder V2] Registering RGB controller
3150  |Info:    [Corsair K65 Mini] Registering RGB controller
3150  |Info:    ------------------------------------------------------
3150  |Info:    |            Detecting libusb HID devices            |
3150  |Info:    ------------------------------------------------------
3219  |Info:    ------------------------------------------------------
3219  |Info:    |              Detecting other devices               |
3219  |Info:    ------------------------------------------------------
3272  |Info:    [ResourceManager] Calling Post-detection callbacks
3272  |Info:    ------------------------------------------------------
3272  |Info:    |                Detection completed                 |
3272  |Info:    ------------------------------------------------------
3272  |Dialog:  <h2>Some internal devices may not be detected:</h2><p>One or more I2C or SMBus interfaces failed to initialize.</p><p><b>RGB DRAM modules, some motherboards' onboard RGB lighting, and RGB Graphics Cards, will not be available in OpenRGB</b> without I2C or SMBus.</p><h4>How to fix this:</h4><p>On Linux, this is usually because the i2c-dev module is not loaded.</p><p>You must load the i2c-dev module along with the correct i2c driver for your motherboard. This is usually i2c-piix4 for AMD systems and i2c-i801 for Intel systems.</p><p>See <a href='https://help.openrgb.org/'>help.openrgb.org</a> for additional troubleshooting steps if you keep seeing this message.<br></p><h3>If you are not using internal RGB on a desktop this message is not important to you.</h3>
57154 |Info:    [ResourceManager] Initializing HID interfaces: Success
57154 |Info:    ------------------------------------------------------
57154 |Info:    |               Start device detection               |
57154 |Info:    ------------------------------------------------------
57172 |Info:    ------------------------------------------------------
57172 |Info:    |             Detecting I2C interfaces               |
57172 |Info:    ------------------------------------------------------
57173 |Info:    [ResourceManager] Registering I2C interface: /dev/i2c-3 Device 1022:790B Subsystem: 1025:151E
57173 |Info:    [ResourceManager] Registering I2C interface: /dev/i2c-1 Device 1002:1638 Subsystem: 1025:151E
57173 |Warning: [i2c_smbus_linux] Failed to read i2c device PCI device ID
57173 |Info:    [ResourceManager] Registering I2C interface: /dev/i2c-8 Device 0000:0000 Subsystem: 0000:0000
57173 |Info:    [ResourceManager] Registering I2C interface: /dev/i2c-6 Device 10DE:1F9D Subsystem: 1025:151E
57173 |Info:    [ResourceManager] Registering I2C interface: /dev/i2c-4 Device 1022:790B Subsystem: 1025:151E
57173 |Warning: [i2c_smbus_linux] Failed to read i2c device PCI device ID
57173 |Info:    [ResourceManager] Registering I2C interface: /dev/i2c-2 Device 0000:0000 Subsystem: 0000:0000
57173 |Info:    [ResourceManager] Registering I2C interface: /dev/i2c-0 Device 0000:0000 Subsystem: 0000:0000
57173 |Info:    [ResourceManager] Registering I2C interface: /dev/i2c-ELAN050A:00 Device 0000:0000 Subsystem: 0000:0000
57173 |Info:    [ResourceManager] Registering I2C interface: /dev/i2c-7 Device 10DE:1F9D Subsystem: 1025:151E
57173 |Info:    [ResourceManager] Registering I2C interface: /dev/i2c-5 Device 1022:790B Subsystem: 1025:151E
57173 |Info:    ------------------------------------------------------
57173 |Info:    |               Detecting I2C devices                |
57173 |Info:    ------------------------------------------------------
58268 |Info:    ------------------------------------------------------
58268 |Info:    |            Detecting I2C DIMM modules              |
58268 |Info:    ------------------------------------------------------
58655 |Info:    [ResourceManager] Detected occupied slot 1, bus 0, type DDR4
59301 |Info:    [ResourceManager] Detected occupied slot 2, bus 0, type DDR4
59994 |Info:    [ResourceManager] Detected occupied slot 1, bus 9, type FPM
60124 |Info:    [ResourceManager] Detected occupied slot 2, bus 9, type FPM
60124 |Info:    ------------------------------------------------------
60124 |Info:    |               Detecting I2C PCI devices            |
60124 |Info:    ------------------------------------------------------
60126 |Info:    ------------------------------------------------------
60126 |Info:    |               Detecting HID devices                |
60126 |Info:    ------------------------------------------------------
60159 |Info:    [Razer Deathadder V2] Registering RGB controller
60212 |Info:    [Corsair K65 Mini] Registering RGB controller
60212 |Info:    ------------------------------------------------------
60212 |Info:    |            Detecting libusb HID devices            |
60212 |Info:    ------------------------------------------------------
60266 |Info:    ------------------------------------------------------
60266 |Info:    |              Detecting other devices               |
60266 |Info:    ------------------------------------------------------
60286 |Info:    [ResourceManager] Calling Post-detection callbacks
60286 |Info:    ------------------------------------------------------
60286 |Info:    |                Detection completed                 |
60286 |Info:    ------------------------------------------------------
60286 |Dialog:  <h2>Some internal devices may not be detected:</h2><p>One or more I2C or SMBus interfaces failed to initialize.</p><p><b>RGB DRAM modules, some motherboards' onboard RGB lighting, and RGB Graphics Cards, will not be available in OpenRGB</b> without I2C or SMBus.</p><h4>How to fix this:</h4><p>On Linux, this is usually because the i2c-dev module is not loaded.</p><p>You must load the i2c-dev module along with the correct i2c driver for your motherboard. This is usually i2c-piix4 for AMD systems and i2c-i801 for Intel systems.</p><p>See <a href='https://help.openrgb.org/'>help.openrgb.org</a> for additional troubleshooting steps if you keep seeing this message.<br></p><h3>If you are not using internal RGB on a desktop this message is not important to you.</h3>
75932 |Info:    [ProfileManager] Profile loading: FAILED! for Razer Deathadder V2 @ HID: /dev/hidraw4
75932 |Info:    [ProfileManager] Profile loading: FAILED! for Corsair K65 Mini @ HID: /dev/hidraw3
