    OpenRGB v0.9+ (1.0rc2)
    Commit:  from 
    Launched: 20260224_145613
====================================================================================================

0     |Info:    [ProfileManager] Found file: teste.orp attempting to validate header
0     |Info:    [ProfileManager] Valid v5 profile found for teste
1053  |Info:    [ResourceManager] Initializing HID interfaces: Success
1053  |Info:    ------------------------------------------------------
1053  |Info:    |               Start device detection               |
1053  |Info:    ------------------------------------------------------
1067  |Info:    ------------------------------------------------------
1067  |Info:    |             Detecting I2C interfaces               |
1067  |Info:    ------------------------------------------------------
1067  |Info:    [ResourceManager] Registering I2C interface: /dev/i2c-3 Device 1002:1638 Subsystem: 1025:151E
1067  |Info:    [ResourceManager] Registering I2C interface: /dev/i2c-1 Device 10DE:1F9D Subsystem: 1025:151E
1067  |Info:    [ResourceManager] Registering I2C interface: /dev/i2c-6 Device 1022:790B Subsystem: 1025:151E
1067  |Warning: [i2c_smbus_linux] Failed to read i2c device PCI device ID
1067  |Info:    [ResourceManager] Registering I2C interface: /dev/i2c-4 Device 0000:0000 Subsystem: 0000:0000
1067  |Info:    [ResourceManager] Registering I2C interface: /dev/i2c-2 Device 10DE:1F9D Subsystem: 1025:151E
1067  |Info:    [ResourceManager] Registering I2C interface: /dev/i2c-0 Device 0000:0000 Subsystem: 0000:0000
1067  |Info:    [ResourceManager] Registering I2C interface: /dev/i2c-ELAN050A:00 Device 0000:0000 Subsystem: 0000:0000
1067  |Info:    [ResourceManager] Registering I2C interface: /dev/i2c-7 Device 1022:790B Subsystem: 1025:151E
1067  |Info:    [ResourceManager] Registering I2C interface: /dev/i2c-5 Device 1022:790B Subsystem: 1025:151E
1067  |Info:    ------------------------------------------------------
1067  |Info:    |               Detecting I2C devices                |
1067  |Info:    ------------------------------------------------------
2136  |Info:    ------------------------------------------------------
2136  |Info:    |            Detecting I2C DIMM modules              |
2136  |Info:    ------------------------------------------------------
2306  |Info:    [ResourceManager] Detected occupied slot 1, bus 7, type FPM
2436  |Info:    [ResourceManager] Detected occupied slot 2, bus 7, type FPM
2827  |Info:    [ResourceManager] Detected occupied slot 1, bus 8, type DDR4
3473  |Info:    [ResourceManager] Detected occupied slot 2, bus 8, type DDR4
3996  |Info:    ------------------------------------------------------
3996  |Info:    |               Detecting I2C PCI devices            |
3996  |Info:    ------------------------------------------------------
3997  |Info:    ------------------------------------------------------
3997  |Info:    |               Detecting HID devices                |
3997  |Info:    ------------------------------------------------------
4031  |Info:    [Razer Deathadder V2] Registering RGB controller
4083  |Info:    [Corsair K65 Mini] Registering RGB controller
4083  |Info:    ------------------------------------------------------
4083  |Info:    |            Detecting libusb HID devices            |
4083  |Info:    ------------------------------------------------------
4179  |Info:    ------------------------------------------------------
4179  |Info:    |              Detecting other devices               |
4179  |Info:    ------------------------------------------------------
4210  |Info:    [ResourceManager] Calling Post-detection callbacks
4210  |Info:    ------------------------------------------------------
4210  |Info:    |                Detection completed                 |
4210  |Info:    ------------------------------------------------------
4211  |Dialog:  <h2>Some internal devices may not be detected:</h2><p>One or more I2C or SMBus interfaces failed to initialize.</p><p><b>RGB DRAM modules, some motherboards' onboard RGB lighting, and RGB Graphics Cards, will not be available in OpenRGB</b> without I2C or SMBus.</p><h4>How to fix this:</h4><p>On Linux, this is usually because the i2c-dev module is not loaded.</p><p>You must load the i2c-dev module along with the correct i2c driver for your motherboard. This is usually i2c-piix4 for AMD systems and i2c-i801 for Intel systems.</p><p>See <a href='https://help.openrgb.org/'>help.openrgb.org</a> for additional troubleshooting steps if you keep seeing this message.<br></p><h3>If you are not using internal RGB on a desktop this message is not important to you.</h3>
10084 |Info:    [ResourceManager] Initializing HID interfaces: Success
10084 |Warning: [ResourceManager] Detection coroutine: assigned a new coroutine when one was already scheduled - probably two rescan events sent at once
10084 |Info:    ------------------------------------------------------
10084 |Info:    |               Start device detection               |
10084 |Info:    ------------------------------------------------------
10098 |Info:    ------------------------------------------------------
10098 |Info:    |             Detecting I2C interfaces               |
10098 |Info:    ------------------------------------------------------
10098 |Info:    [ResourceManager] Registering I2C interface: /dev/i2c-3 Device 1002:1638 Subsystem: 1025:151E
10098 |Info:    [ResourceManager] Registering I2C interface: /dev/i2c-1 Device 10DE:1F9D Subsystem: 1025:151E
10099 |Info:    [ResourceManager] Registering I2C interface: /dev/i2c-6 Device 1022:790B Subsystem: 1025:151E
10099 |Warning: [i2c_smbus_linux] Failed to read i2c device PCI device ID
10099 |Info:    [ResourceManager] Registering I2C interface: /dev/i2c-4 Device 0000:0000 Subsystem: 0000:0000
10099 |Info:    [ResourceManager] Registering I2C interface: /dev/i2c-2 Device 10DE:1F9D Subsystem: 1025:151E
10099 |Info:    [ResourceManager] Registering I2C interface: /dev/i2c-0 Device 0000:0000 Subsystem: 0000:0000
10099 |Info:    [ResourceManager] Registering I2C interface: /dev/i2c-ELAN050A:00 Device 0000:0000 Subsystem: 0000:0000
10099 |Info:    [ResourceManager] Registering I2C interface: /dev/i2c-7 Device 1022:790B Subsystem: 1025:151E
10099 |Info:    [ResourceManager] Registering I2C interface: /dev/i2c-5 Device 1022:790B Subsystem: 1025:151E
10099 |Info:    ------------------------------------------------------
10099 |Info:    |               Detecting I2C devices                |
10099 |Info:    ------------------------------------------------------
11164 |Info:    ------------------------------------------------------
11164 |Info:    |            Detecting I2C DIMM modules              |
11164 |Info:    ------------------------------------------------------
11334 |Info:    [ResourceManager] Detected occupied slot 1, bus 7, type FPM
11463 |Info:    [ResourceManager] Detected occupied slot 2, bus 7, type FPM
11852 |Info:    [ResourceManager] Detected occupied slot 1, bus 8, type DDR4
12500 |Info:    [ResourceManager] Detected occupied slot 2, bus 8, type DDR4
13024 |Info:    ------------------------------------------------------
13024 |Info:    |               Detecting I2C PCI devices            |
13024 |Info:    ------------------------------------------------------
13026 |Info:    ------------------------------------------------------
13026 |Info:    |               Detecting HID devices                |
13026 |Info:    ------------------------------------------------------
13060 |Info:    [Razer Deathadder V2] Registering RGB controller
13112 |Info:    [Corsair K65 Mini] Registering RGB controller
13112 |Info:    ------------------------------------------------------
13112 |Info:    |            Detecting libusb HID devices            |
13112 |Info:    ------------------------------------------------------
13193 |Info:    ------------------------------------------------------
13193 |Info:    |              Detecting other devices               |
13193 |Info:    ------------------------------------------------------
13208 |Info:    [ResourceManager] Calling Post-detection callbacks
13208 |Info:    ------------------------------------------------------
13208 |Info:    |                Detection completed                 |
13208 |Info:    ------------------------------------------------------
13208 |Dialog:  <h2>Some internal devices may not be detected:</h2><p>One or more I2C or SMBus interfaces failed to initialize.</p><p><b>RGB DRAM modules, some motherboards' onboard RGB lighting, and RGB Graphics Cards, will not be available in OpenRGB</b> without I2C or SMBus.</p><h4>How to fix this:</h4><p>On Linux, this is usually because the i2c-dev module is not loaded.</p><p>You must load the i2c-dev module along with the correct i2c driver for your motherboard. This is usually i2c-piix4 for AMD systems and i2c-i801 for Intel systems.</p><p>See <a href='https://help.openrgb.org/'>help.openrgb.org</a> for additional troubleshooting steps if you keep seeing this message.<br></p><h3>If you are not using internal RGB on a desktop this message is not important to you.</h3>
