    OpenRGB v0.9+ (1.0rc2)
    Commit:  from 
    Launched: 20260308_162619
====================================================================================================

0     |Info:    [ProfileManager] Found file: teste.orp attempting to validate header
0     |Info:    [ProfileManager] Valid v5 profile found for teste
1063  |Info:    [ResourceManager] Initializing HID interfaces: Success
1063  |Info:    ------------------------------------------------------
1063  |Info:    |               Start device detection               |
1063  |Info:    ------------------------------------------------------
1075  |Info:    ------------------------------------------------------
1075  |Info:    |             Detecting I2C interfaces               |
1075  |Info:    ------------------------------------------------------
1075  |Info:    [ResourceManager] Registering I2C interface: /dev/i2c-3 Device 1002:1638 Subsystem: 1025:151E
1076  |Info:    [ResourceManager] Registering I2C interface: /dev/i2c-1 Device 10DE:1F9D Subsystem: 1025:151E
1076  |Warning: [i2c_smbus_linux] Failed to read i2c device PCI device ID
1076  |Info:    [ResourceManager] Registering I2C interface: /dev/i2c-8 Device 0000:0000 Subsystem: 0000:0000
1076  |Info:    [ResourceManager] Registering I2C interface: /dev/i2c-6 Device 1022:790B Subsystem: 1025:151E
1076  |Warning: [i2c_smbus_linux] Failed to read i2c device PCI device ID
1076  |Info:    [ResourceManager] Registering I2C interface: /dev/i2c-4 Device 0000:0000 Subsystem: 0000:0000
1076  |Info:    [ResourceManager] Registering I2C interface: /dev/i2c-2 Device 10DE:1F9D Subsystem: 1025:151E
1076  |Info:    [ResourceManager] Registering I2C interface: /dev/i2c-0 Device 0000:0000 Subsystem: 0000:0000
1076  |Info:    [ResourceManager] Registering I2C interface: /dev/i2c-ELAN050A:00 Device 0000:0000 Subsystem: 0000:0000
1076  |Info:    [ResourceManager] Registering I2C interface: /dev/i2c-7 Device 1022:790B Subsystem: 1025:151E
1076  |Info:    [ResourceManager] Registering I2C interface: /dev/i2c-5 Device 1022:790B Subsystem: 1025:151E
1076  |Info:    ------------------------------------------------------
1076  |Info:    |               Detecting I2C devices                |
1076  |Info:    ------------------------------------------------------
2154  |Info:    ------------------------------------------------------
2154  |Info:    |            Detecting I2C DIMM modules              |
2154  |Info:    ------------------------------------------------------
2325  |Info:    [ResourceManager] Detected occupied slot 1, bus 8, type FPM
2454  |Info:    [ResourceManager] Detected occupied slot 2, bus 8, type FPM
2841  |Info:    [ResourceManager] Detected occupied slot 1, bus 9, type DDR4
3487  |Info:    [ResourceManager] Detected occupied slot 2, bus 9, type DDR4
4007  |Info:    ------------------------------------------------------
4007  |Info:    |               Detecting I2C PCI devices            |
4007  |Info:    ------------------------------------------------------
4008  |Info:    ------------------------------------------------------
4008  |Info:    |               Detecting HID devices                |
4008  |Info:    ------------------------------------------------------
4036  |Info:    [Razer Deathadder V2] Registering RGB controller
4088  |Info:    [Corsair K65 Mini] Registering RGB controller
4088  |Info:    ------------------------------------------------------
4088  |Info:    |            Detecting libusb HID devices            |
4088  |Info:    ------------------------------------------------------
4154  |Info:    ------------------------------------------------------
4154  |Info:    |              Detecting other devices               |
4154  |Info:    ------------------------------------------------------
4194  |Info:    [ResourceManager] Calling Post-detection callbacks
4194  |Info:    ------------------------------------------------------
4194  |Info:    |                Detection completed                 |
4194  |Info:    ------------------------------------------------------
4194  |Dialog:  <h2>Some internal devices may not be detected:</h2><p>One or more I2C or SMBus interfaces failed to initialize.</p><p><b>RGB DRAM modules, some motherboards' onboard RGB lighting, and RGB Graphics Cards, will not be available in OpenRGB</b> without I2C or SMBus.</p><h4>How to fix this:</h4><p>On Linux, this is usually because the i2c-dev module is not loaded.</p><p>You must load the i2c-dev module along with the correct i2c driver for your motherboard. This is usually i2c-piix4 for AMD systems and i2c-i801 for Intel systems.</p><p>See <a href='https://help.openrgb.org/'>help.openrgb.org</a> for additional troubleshooting steps if you keep seeing this message.<br></p><h3>If you are not using internal RGB on a desktop this message is not important to you.</h3>
10090 |Info:    [ResourceManager] Initializing HID interfaces: Success
10090 |Info:    ------------------------------------------------------
10090 |Info:    |               Start device detection               |
10090 |Info:    ------------------------------------------------------
10103 |Info:    ------------------------------------------------------
10103 |Info:    |             Detecting I2C interfaces               |
10103 |Info:    ------------------------------------------------------
10103 |Info:    [ResourceManager] Registering I2C interface: /dev/i2c-3 Device 1002:1638 Subsystem: 1025:151E
10103 |Info:    [ResourceManager] Registering I2C interface: /dev/i2c-1 Device 10DE:1F9D Subsystem: 1025:151E
10103 |Warning: [i2c_smbus_linux] Failed to read i2c device PCI device ID
10103 |Info:    [ResourceManager] Registering I2C interface: /dev/i2c-8 Device 0000:0000 Subsystem: 0000:0000
10103 |Info:    [ResourceManager] Registering I2C interface: /dev/i2c-6 Device 1022:790B Subsystem: 1025:151E
10103 |Warning: [i2c_smbus_linux] Failed to read i2c device PCI device ID
10103 |Info:    [ResourceManager] Registering I2C interface: /dev/i2c-4 Device 0000:0000 Subsystem: 0000:0000
10103 |Info:    [ResourceManager] Registering I2C interface: /dev/i2c-2 Device 10DE:1F9D Subsystem: 1025:151E
10103 |Info:    [ResourceManager] Registering I2C interface: /dev/i2c-0 Device 0000:0000 Subsystem: 0000:0000
10103 |Info:    [ResourceManager] Registering I2C interface: /dev/i2c-ELAN050A:00 Device 0000:0000 Subsystem: 0000:0000
10103 |Info:    [ResourceManager] Registering I2C interface: /dev/i2c-7 Device 1022:790B Subsystem: 1025:151E
10103 |Info:    [ResourceManager] Registering I2C interface: /dev/i2c-5 Device 1022:790B Subsystem: 1025:151E
10103 |Info:    ------------------------------------------------------
10103 |Info:    |               Detecting I2C devices                |
10103 |Info:    ------------------------------------------------------
11189 |Info:    ------------------------------------------------------
11189 |Info:    |            Detecting I2C DIMM modules              |
11189 |Info:    ------------------------------------------------------
11360 |Info:    [ResourceManager] Detected occupied slot 1, bus 8, type FPM
11490 |Info:    [ResourceManager] Detected occupied slot 2, bus 8, type FPM
11878 |Info:    [ResourceManager] Detected occupied slot 1, bus 9, type DDR4
12525 |Info:    [ResourceManager] Detected occupied slot 2, bus 9, type DDR4
13045 |Info:    ------------------------------------------------------
13045 |Info:    |               Detecting I2C PCI devices            |
13045 |Info:    ------------------------------------------------------
13048 |Info:    ------------------------------------------------------
13048 |Info:    |               Detecting HID devices                |
13048 |Info:    ------------------------------------------------------
13080 |Info:    [Razer Deathadder V2] Registering RGB controller
13132 |Info:    [Corsair K65 Mini] Registering RGB controller
13132 |Info:    ------------------------------------------------------
13132 |Info:    |            Detecting libusb HID devices            |
13132 |Info:    ------------------------------------------------------
13186 |Info:    ------------------------------------------------------
13186 |Info:    |              Detecting other devices               |
13186 |Info:    ------------------------------------------------------
13200 |Info:    [ResourceManager] Calling Post-detection callbacks
13200 |Info:    ------------------------------------------------------
13200 |Info:    |                Detection completed                 |
13200 |Info:    ------------------------------------------------------
13200 |Dialog:  <h2>Some internal devices may not be detected:</h2><p>One or more I2C or SMBus interfaces failed to initialize.</p><p><b>RGB DRAM modules, some motherboards' onboard RGB lighting, and RGB Graphics Cards, will not be available in OpenRGB</b> without I2C or SMBus.</p><h4>How to fix this:</h4><p>On Linux, this is usually because the i2c-dev module is not loaded.</p><p>You must load the i2c-dev module along with the correct i2c driver for your motherboard. This is usually i2c-piix4 for AMD systems and i2c-i801 for Intel systems.</p><p>See <a href='https://help.openrgb.org/'>help.openrgb.org</a> for additional troubleshooting steps if you keep seeing this message.<br></p><h3>If you are not using internal RGB on a desktop this message is not important to you.</h3>
