    OpenRGB v0.9+ (1.0rc2)
    Commit:  from 
    Launched: 20260209_071637
====================================================================================================

0     |Info:    [ProfileManager] Found file: teste.orp attempting to validate header
0     |Info:    [ProfileManager] Valid v5 profile found for teste
1091  |Info:    [ResourceManager] Initializing HID interfaces: Success
1091  |Info:    ------------------------------------------------------
1091  |Info:    |               Start device detection               |
1091  |Info:    ------------------------------------------------------
1105  |Info:    ------------------------------------------------------
1105  |Info:    |             Detecting I2C interfaces               |
1105  |Info:    ------------------------------------------------------
1105  |Info:    [ResourceManager] Registering I2C interface: /dev/i2c-3 Device 1002:1638 Subsystem: 1025:151E
1105  |Info:    [ResourceManager] Registering I2C interface: /dev/i2c-1 Device 10DE:1F9D Subsystem: 1025:151E
1105  |Warning: [i2c_smbus_linux] Failed to read i2c device PCI device ID
1106  |Info:    [ResourceManager] Registering I2C interface: /dev/i2c-8 Device 0000:0000 Subsystem: 0000:0000
1106  |Info:    [ResourceManager] Registering I2C interface: /dev/i2c-6 Device 1022:790B Subsystem: 1025:151E
1106  |Warning: [i2c_smbus_linux] Failed to read i2c device PCI device ID
1106  |Info:    [ResourceManager] Registering I2C interface: /dev/i2c-4 Device 0000:0000 Subsystem: 0000:0000
1106  |Info:    [ResourceManager] Registering I2C interface: /dev/i2c-2 Device 10DE:1F9D Subsystem: 1025:151E
1106  |Info:    [ResourceManager] Registering I2C interface: /dev/i2c-0 Device 0000:0000 Subsystem: 0000:0000
1106  |Info:    [ResourceManager] Registering I2C interface: /dev/i2c-ELAN050A:00 Device 0000:0000 Subsystem: 0000:0000
1106  |Info:    [ResourceManager] Registering I2C interface: /dev/i2c-7 Device 1022:790B Subsystem: 1025:151E
1106  |Info:    [ResourceManager] Registering I2C interface: /dev/i2c-5 Device 1022:790B Subsystem: 1025:151E
1106  |Info:    ------------------------------------------------------
1106  |Info:    |               Detecting I2C devices                |
1106  |Info:    ------------------------------------------------------
2216  |Info:    ------------------------------------------------------
2216  |Info:    |            Detecting I2C DIMM modules              |
2216  |Info:    ------------------------------------------------------
2391  |Info:    [ResourceManager] Detected occupied slot 1, bus 8, type FPM
2521  |Info:    [ResourceManager] Detected occupied slot 2, bus 8, type FPM
2907  |Info:    [ResourceManager] Detected occupied slot 1, bus 9, type DDR4
3571  |Info:    [ResourceManager] Detected occupied slot 2, bus 9, type DDR4
4090  |Info:    ------------------------------------------------------
4090  |Info:    |               Detecting I2C PCI devices            |
4090  |Info:    ------------------------------------------------------
4092  |Info:    ------------------------------------------------------
4092  |Info:    |               Detecting HID devices                |
4092  |Info:    ------------------------------------------------------
4119  |Info:    [Razer Deathadder V2] Registering RGB controller
4171  |Info:    [Corsair K65 Mini] Registering RGB controller
4171  |Info:    ------------------------------------------------------
4171  |Info:    |            Detecting libusb HID devices            |
4171  |Info:    ------------------------------------------------------
4266  |Info:    ------------------------------------------------------
4266  |Info:    |              Detecting other devices               |
4266  |Info:    ------------------------------------------------------
4297  |Info:    [ResourceManager] Calling Post-detection callbacks
4297  |Info:    ------------------------------------------------------
4297  |Info:    |                Detection completed                 |
4297  |Info:    ------------------------------------------------------
4297  |Dialog:  <h2>Some internal devices may not be detected:</h2><p>One or more I2C or SMBus interfaces failed to initialize.</p><p><b>RGB DRAM modules, some motherboards' onboard RGB lighting, and RGB Graphics Cards, will not be available in OpenRGB</b> without I2C or SMBus.</p><h4>How to fix this:</h4><p>On Linux, this is usually because the i2c-dev module is not loaded.</p><p>You must load the i2c-dev module along with the correct i2c driver for your motherboard. This is usually i2c-piix4 for AMD systems and i2c-i801 for Intel systems.</p><p>See <a href='https://help.openrgb.org/'>help.openrgb.org</a> for additional troubleshooting steps if you keep seeing this message.<br></p><h3>If you are not using internal RGB on a desktop this message is not important to you.</h3>
4298  |Info:    [NetworkServer] Network connection thread started on port 6742
5091  |Info:    [NetworkServer] Network server started
