    OpenRGB v0.9+ (1.0rc2)
    Commit:  from 
    Launched: 20260201_115749
====================================================================================================

1059  |Info:    [ResourceManager] Initializing HID interfaces: Success
1059  |Info:    ------------------------------------------------------
1059  |Info:    |               Start device detection               |
1059  |Info:    ------------------------------------------------------
1074  |Info:    ------------------------------------------------------
1074  |Info:    |             Detecting I2C interfaces               |
1074  |Info:    ------------------------------------------------------
1074  |Info:    [ResourceManager] Registering I2C interface: /dev/i2c-3 Device 1022:790B Subsystem: 1025:151E
1074  |Info:    [ResourceManager] Registering I2C interface: /dev/i2c-1 Device 1002:1638 Subsystem: 1025:151E
1074  |Warning: [i2c_smbus_linux] Failed to read i2c device PCI device ID
1074  |Info:    [ResourceManager] Registering I2C interface: /dev/i2c-8 Device 0000:0000 Subsystem: 0000:0000
1074  |Info:    [ResourceManager] Registering I2C interface: /dev/i2c-6 Device 10DE:1F9D Subsystem: 1025:151E
1074  |Info:    [ResourceManager] Registering I2C interface: /dev/i2c-4 Device 1022:790B Subsystem: 1025:151E
1074  |Warning: [i2c_smbus_linux] Failed to read i2c device PCI device ID
1074  |Info:    [ResourceManager] Registering I2C interface: /dev/i2c-2 Device 0000:0000 Subsystem: 0000:0000
1074  |Info:    [ResourceManager] Registering I2C interface: /dev/i2c-0 Device 0000:0000 Subsystem: 0000:0000
1074  |Info:    [ResourceManager] Registering I2C interface: /dev/i2c-ELAN050A:00 Device 0000:0000 Subsystem: 0000:0000
1074  |Info:    [ResourceManager] Registering I2C interface: /dev/i2c-7 Device 10DE:1F9D Subsystem: 1025:151E
1074  |Info:    [ResourceManager] Registering I2C interface: /dev/i2c-5 Device 1022:790B Subsystem: 1025:151E
1074  |Info:    ------------------------------------------------------
1074  |Info:    |               Detecting I2C devices                |
1074  |Info:    ------------------------------------------------------
2153  |Info:    ------------------------------------------------------
2153  |Info:    |            Detecting I2C DIMM modules              |
2153  |Info:    ------------------------------------------------------
2543  |Info:    [ResourceManager] Detected occupied slot 1, bus 0, type DDR4
3190  |Info:    [ResourceManager] Detected occupied slot 2, bus 0, type DDR4
3882  |Info:    [ResourceManager] Detected occupied slot 1, bus 9, type FPM
4011  |Info:    [ResourceManager] Detected occupied slot 2, bus 9, type FPM
4011  |Info:    ------------------------------------------------------
4011  |Info:    |               Detecting I2C PCI devices            |
4011  |Info:    ------------------------------------------------------
4013  |Info:    ------------------------------------------------------
4013  |Info:    |               Detecting HID devices                |
4013  |Info:    ------------------------------------------------------
4045  |Info:    [Razer Deathadder V2] Registering RGB controller
4098  |Info:    [Corsair K65 Mini] Registering RGB controller
4098  |Info:    ------------------------------------------------------
4098  |Info:    |            Detecting libusb HID devices            |
4098  |Info:    ------------------------------------------------------
4167  |Info:    ------------------------------------------------------
4168  |Info:    |              Detecting other devices               |
4168  |Info:    ------------------------------------------------------
4210  |Info:    [ResourceManager] Calling Post-detection callbacks
4210  |Info:    ------------------------------------------------------
4210  |Info:    |                Detection completed                 |
4210  |Info:    ------------------------------------------------------
4210  |Dialog:  <h2>Some internal devices may not be detected:</h2><p>One or more I2C or SMBus interfaces failed to initialize.</p><p><b>RGB DRAM modules, some motherboards' onboard RGB lighting, and RGB Graphics Cards, will not be available in OpenRGB</b> without I2C or SMBus.</p><h4>How to fix this:</h4><p>On Linux, this is usually because the i2c-dev module is not loaded.</p><p>You must load the i2c-dev module along with the correct i2c driver for your motherboard. This is usually i2c-piix4 for AMD systems and i2c-i801 for Intel systems.</p><p>See <a href='https://help.openrgb.org/'>help.openrgb.org</a> for additional troubleshooting steps if you keep seeing this message.<br></p><h3>If you are not using internal RGB on a desktop this message is not important to you.</h3>
154102|Info:    [ResourceManager] Initializing HID interfaces: Success
154102|Info:    ------------------------------------------------------
154102|Info:    |               Start device detection               |
154102|Info:    ------------------------------------------------------
154126|Info:    ------------------------------------------------------
154126|Info:    |             Detecting I2C interfaces               |
154126|Info:    ------------------------------------------------------
154126|Info:    [ResourceManager] Registering I2C interface: /dev/i2c-3 Device 1022:790B Subsystem: 1025:151E
154127|Info:    [ResourceManager] Registering I2C interface: /dev/i2c-1 Device 1002:1638 Subsystem: 1025:151E
154127|Warning: [i2c_smbus_linux] Failed to read i2c device PCI device ID
154127|Info:    [ResourceManager] Registering I2C interface: /dev/i2c-8 Device 0000:0000 Subsystem: 0000:0000
154127|Info:    [ResourceManager] Registering I2C interface: /dev/i2c-6 Device 10DE:1F9D Subsystem: 1025:151E
154127|Info:    [ResourceManager] Registering I2C interface: /dev/i2c-4 Device 1022:790B Subsystem: 1025:151E
154127|Warning: [i2c_smbus_linux] Failed to read i2c device PCI device ID
154127|Info:    [ResourceManager] Registering I2C interface: /dev/i2c-2 Device 0000:0000 Subsystem: 0000:0000
154127|Info:    [ResourceManager] Registering I2C interface: /dev/i2c-0 Device 0000:0000 Subsystem: 0000:0000
154127|Info:    [ResourceManager] Registering I2C interface: /dev/i2c-ELAN050A:00 Device 0000:0000 Subsystem: 0000:0000
154127|Info:    [ResourceManager] Registering I2C interface: /dev/i2c-7 Device 10DE:1F9D Subsystem: 1025:151E
154127|Info:    [ResourceManager] Registering I2C interface: /dev/i2c-5 Device 1022:790B Subsystem: 1025:151E
154127|Info:    ------------------------------------------------------
154127|Info:    |               Detecting I2C devices                |
154127|Info:    ------------------------------------------------------
155206|Info:    ------------------------------------------------------
155206|Info:    |            Detecting I2C DIMM modules              |
155206|Info:    ------------------------------------------------------
155594|Info:    [ResourceManager] Detected occupied slot 1, bus 0, type DDR4
156241|Info:    [ResourceManager] Detected occupied slot 2, bus 0, type DDR4
156932|Info:    [ResourceManager] Detected occupied slot 1, bus 9, type FPM
157061|Info:    [ResourceManager] Detected occupied slot 2, bus 9, type FPM
157061|Info:    ------------------------------------------------------
157061|Info:    |               Detecting I2C PCI devices            |
157061|Info:    ------------------------------------------------------
157064|Info:    ------------------------------------------------------
157064|Info:    |               Detecting HID devices                |
157064|Info:    ------------------------------------------------------
157065|Info:    [HyperX Alloy Origins (HP)] Registering RGB controller
157110|Info:    [Razer Deathadder V2] Registering RGB controller
157162|Info:    [Corsair K65 Mini] Registering RGB controller
157162|Info:    ------------------------------------------------------
157162|Info:    |            Detecting libusb HID devices            |
157162|Info:    ------------------------------------------------------
157288|Info:    ------------------------------------------------------
157288|Info:    |              Detecting other devices               |
157288|Info:    ------------------------------------------------------
157305|Info:    [ResourceManager] Calling Post-detection callbacks
157305|Info:    ------------------------------------------------------
157305|Info:    |                Detection completed                 |
157305|Info:    ------------------------------------------------------
157305|Dialog:  <h2>Some internal devices may not be detected:</h2><p>One or more I2C or SMBus interfaces failed to initialize.</p><p><b>RGB DRAM modules, some motherboards' onboard RGB lighting, and RGB Graphics Cards, will not be available in OpenRGB</b> without I2C or SMBus.</p><h4>How to fix this:</h4><p>On Linux, this is usually because the i2c-dev module is not loaded.</p><p>You must load the i2c-dev module along with the correct i2c driver for your motherboard. This is usually i2c-piix4 for AMD systems and i2c-i801 for Intel systems.</p><p>See <a href='https://help.openrgb.org/'>help.openrgb.org</a> for additional troubleshooting steps if you keep seeing this message.<br></p><h3>If you are not using internal RGB on a desktop this message is not important to you.</h3>
250166|Info:    [ResourceManager] Initializing HID interfaces: Success
250166|Info:    ------------------------------------------------------
250166|Info:    |               Start device detection               |
250166|Info:    ------------------------------------------------------
250182|Info:    ------------------------------------------------------
250182|Info:    |             Detecting I2C interfaces               |
250182|Info:    ------------------------------------------------------
250182|Info:    [ResourceManager] Registering I2C interface: /dev/i2c-3 Device 1022:790B Subsystem: 1025:151E
250182|Info:    [ResourceManager] Registering I2C interface: /dev/i2c-1 Device 1002:1638 Subsystem: 1025:151E
250182|Warning: [i2c_smbus_linux] Failed to read i2c device PCI device ID
250182|Info:    [ResourceManager] Registering I2C interface: /dev/i2c-8 Device 0000:0000 Subsystem: 0000:0000
250182|Info:    [ResourceManager] Registering I2C interface: /dev/i2c-6 Device 10DE:1F9D Subsystem: 1025:151E
250182|Info:    [ResourceManager] Registering I2C interface: /dev/i2c-4 Device 1022:790B Subsystem: 1025:151E
250182|Warning: [i2c_smbus_linux] Failed to read i2c device PCI device ID
250183|Info:    [ResourceManager] Registering I2C interface: /dev/i2c-2 Device 0000:0000 Subsystem: 0000:0000
250183|Info:    [ResourceManager] Registering I2C interface: /dev/i2c-0 Device 0000:0000 Subsystem: 0000:0000
250183|Info:    [ResourceManager] Registering I2C interface: /dev/i2c-ELAN050A:00 Device 0000:0000 Subsystem: 0000:0000
250183|Info:    [ResourceManager] Registering I2C interface: /dev/i2c-7 Device 10DE:1F9D Subsystem: 1025:151E
250183|Info:    [ResourceManager] Registering I2C interface: /dev/i2c-5 Device 1022:790B Subsystem: 1025:151E
250183|Info:    ------------------------------------------------------
250183|Info:    |               Detecting I2C devices                |
250183|Info:    ------------------------------------------------------
251262|Info:    ------------------------------------------------------
251262|Info:    |            Detecting I2C DIMM modules              |
251262|Info:    ------------------------------------------------------
251650|Info:    [ResourceManager] Detected occupied slot 1, bus 0, type DDR4
252297|Info:    [ResourceManager] Detected occupied slot 2, bus 0, type DDR4
252990|Info:    [ResourceManager] Detected occupied slot 1, bus 9, type FPM
253119|Info:    [ResourceManager] Detected occupied slot 2, bus 9, type FPM
253119|Info:    ------------------------------------------------------
253119|Info:    |               Detecting I2C PCI devices            |
253119|Info:    ------------------------------------------------------
253122|Info:    ------------------------------------------------------
253122|Info:    |               Detecting HID devices                |
253122|Info:    ------------------------------------------------------
253154|Info:    [Razer Deathadder V2] Registering RGB controller
253207|Info:    [Corsair K65 Mini] Registering RGB controller
253207|Info:    ------------------------------------------------------
253207|Info:    |            Detecting libusb HID devices            |
253207|Info:    ------------------------------------------------------
253261|Info:    ------------------------------------------------------
253261|Info:    |              Detecting other devices               |
253261|Info:    ------------------------------------------------------
253276|Info:    [ResourceManager] Calling Post-detection callbacks
253276|Info:    ------------------------------------------------------
253276|Info:    |                Detection completed                 |
253276|Info:    ------------------------------------------------------
253276|Dialog:  <h2>Some internal devices may not be detected:</h2><p>One or more I2C or SMBus interfaces failed to initialize.</p><p><b>RGB DRAM modules, some motherboards' onboard RGB lighting, and RGB Graphics Cards, will not be available in OpenRGB</b> without I2C or SMBus.</p><h4>How to fix this:</h4><p>On Linux, this is usually because the i2c-dev module is not loaded.</p><p>You must load the i2c-dev module along with the correct i2c driver for your motherboard. This is usually i2c-piix4 for AMD systems and i2c-i801 for Intel systems.</p><p>See <a href='https://help.openrgb.org/'>help.openrgb.org</a> for additional troubleshooting steps if you keep seeing this message.<br></p><h3>If you are not using internal RGB on a desktop this message is not important to you.</h3>
