    OpenRGB v0.9+ (1.0rc2)
    Commit:  from 
    Launched: 20260203_062439
====================================================================================================

0     |Info:    [ProfileManager] Found file: teste.orp attempting to validate header
0     |Info:    [ProfileManager] Valid v5 profile found for teste
1080  |Info:    [ResourceManager] Initializing HID interfaces: Success
1080  |Info:    ------------------------------------------------------
1080  |Info:    |               Start device detection               |
1080  |Info:    ------------------------------------------------------
1094  |Info:    ------------------------------------------------------
1094  |Info:    |             Detecting I2C interfaces               |
1094  |Info:    ------------------------------------------------------
1094  |Info:    [ResourceManager] Registering I2C interface: /dev/i2c-3 Device 1022:790B Subsystem: 1025:151E
1094  |Info:    [ResourceManager] Registering I2C interface: /dev/i2c-1 Device 1002:1638 Subsystem: 1025:151E
1094  |Warning: [i2c_smbus_linux] Failed to read i2c device PCI device ID
1094  |Info:    [ResourceManager] Registering I2C interface: /dev/i2c-8 Device 0000:0000 Subsystem: 0000:0000
1095  |Info:    [ResourceManager] Registering I2C interface: /dev/i2c-6 Device 10DE:1F9D Subsystem: 1025:151E
1095  |Info:    [ResourceManager] Registering I2C interface: /dev/i2c-4 Device 1022:790B Subsystem: 1025:151E
1095  |Warning: [i2c_smbus_linux] Failed to read i2c device PCI device ID
1095  |Info:    [ResourceManager] Registering I2C interface: /dev/i2c-2 Device 0000:0000 Subsystem: 0000:0000
1095  |Info:    [ResourceManager] Registering I2C interface: /dev/i2c-0 Device 0000:0000 Subsystem: 0000:0000
1095  |Info:    [ResourceManager] Registering I2C interface: /dev/i2c-ELAN050A:00 Device 0000:0000 Subsystem: 0000:0000
1095  |Info:    [ResourceManager] Registering I2C interface: /dev/i2c-7 Device 10DE:1F9D Subsystem: 1025:151E
1095  |Info:    [ResourceManager] Registering I2C interface: /dev/i2c-5 Device 1022:790B Subsystem: 1025:151E
1095  |Info:    ------------------------------------------------------
1095  |Info:    |               Detecting I2C devices                |
1095  |Info:    ------------------------------------------------------
2180  |Info:    ------------------------------------------------------
2180  |Info:    |            Detecting I2C DIMM modules              |
2180  |Info:    ------------------------------------------------------
2567  |Info:    [ResourceManager] Detected occupied slot 1, bus 0, type DDR4
3212  |Info:    [ResourceManager] Detected occupied slot 2, bus 0, type DDR4
3904  |Info:    [ResourceManager] Detected occupied slot 1, bus 9, type FPM
4033  |Info:    [ResourceManager] Detected occupied slot 2, bus 9, type FPM
4033  |Info:    ------------------------------------------------------
4033  |Info:    |               Detecting I2C PCI devices            |
4033  |Info:    ------------------------------------------------------
4034  |Info:    ------------------------------------------------------
4034  |Info:    |               Detecting HID devices                |
4034  |Info:    ------------------------------------------------------
4067  |Info:    [Razer Deathadder V2] Registering RGB controller
4119  |Info:    [Corsair K65 Mini] Registering RGB controller
4119  |Info:    ------------------------------------------------------
4119  |Info:    |            Detecting libusb HID devices            |
4119  |Info:    ------------------------------------------------------
4186  |Info:    ------------------------------------------------------
4186  |Info:    |              Detecting other devices               |
4186  |Info:    ------------------------------------------------------
4227  |Info:    [ResourceManager] Calling Post-detection callbacks
4227  |Info:    ------------------------------------------------------
4227  |Info:    |                Detection completed                 |
4227  |Info:    ------------------------------------------------------
4227  |Dialog:  <h2>Some internal devices may not be detected:</h2><p>One or more I2C or SMBus interfaces failed to initialize.</p><p><b>RGB DRAM modules, some motherboards' onboard RGB lighting, and RGB Graphics Cards, will not be available in OpenRGB</b> without I2C or SMBus.</p><h4>How to fix this:</h4><p>On Linux, this is usually because the i2c-dev module is not loaded.</p><p>You must load the i2c-dev module along with the correct i2c driver for your motherboard. This is usually i2c-piix4 for AMD systems and i2c-i801 for Intel systems.</p><p>See <a href='https://help.openrgb.org/'>help.openrgb.org</a> for additional troubleshooting steps if you keep seeing this message.<br></p><h3>If you are not using internal RGB on a desktop this message is not important to you.</h3>
14126 |Info:    [NetworkServer] Network connection thread started on port 6742
15055 |Info:    [NetworkServer] Network server started
62253 |Info:    [NetworkServer] Closing server connection: 127.0.0.1
62253 |Info:    [NetworkServer] Connection thread closed
62253 |ERROR:   [NetworkServer] recv_select failed receiving magic, closing listener
63017 |ERROR:   [NetworkServer] Could not bind network socket. Is port 6742 already being used?
70389 |ERROR:   [NetworkServer] Could not bind network socket. Is port 6742 already being used?
74780 |ERROR:   [NetworkServer] Could not bind network socket. Is port 6742 already being used?
74971 |ERROR:   [NetworkServer] Could not bind network socket. Is port 6742 already being used?
75156 |ERROR:   [NetworkServer] Could not bind network socket. Is port 6742 already being used?
109738|ERROR:   [NetworkServer] Could not bind network socket. Is port 6742 already being used?
110135|ERROR:   [NetworkServer] Could not bind network socket. Is port 6742 already being used?
110304|ERROR:   [NetworkServer] Could not bind network socket. Is port 6742 already being used?
110482|ERROR:   [NetworkServer] Could not bind network socket. Is port 6742 already being used?
110665|ERROR:   [NetworkServer] Could not bind network socket. Is port 6742 already being used?
