    OpenRGB v0.9+ (1.0rc2)
    Commit:  from 
    Launched: 20260219_223427
====================================================================================================

0     |Info:    [ProfileManager] Found file: teste.orp attempting to validate header
0     |Info:    [ProfileManager] Valid v5 profile found for teste
1063  |Info:    [ResourceManager] Initializing HID interfaces: Success
1063  |Info:    ------------------------------------------------------
1063  |Info:    |               Start device detection               |
1063  |Info:    ------------------------------------------------------
1075  |Info:    ------------------------------------------------------
1075  |Info:    |             Detecting I2C interfaces               |
1075  |Info:    ------------------------------------------------------
1076  |Info:    [ResourceManager] Registering I2C interface: /dev/i2c-3 Device 1002:1638 Subsystem: 1025:151E
1076  |Info:    [ResourceManager] Registering I2C interface: /dev/i2c-1 Device 10DE:1F9D Subsystem: 1025:151E
1076  |Warning: [i2c_smbus_linux] Failed to read i2c device PCI device ID
1076  |Info:    [ResourceManager] Registering I2C interface: /dev/i2c-8 Device 0000:0000 Subsystem: 0000:0000
1076  |Info:    [ResourceManager] Registering I2C interface: /dev/i2c-6 Device 1022:790B Subsystem: 1025:151E
1076  |Warning: [i2c_smbus_linux] Failed to read i2c device PCI device ID
1076  |Info:    [ResourceManager] Registering I2C interface: /dev/i2c-4 Device 0000:0000 Subsystem: 0000:0000
1076  |Info:    [ResourceManager] Registering I2C interface: /dev/i2c-2 Device 10DE:1F9D Subsystem: 1025:151E
1076  |Info:    [ResourceManager] Registering I2C interface: /dev/i2c-0 Device 0000:0000 Subsystem: 0000:0000
1076  |Info:    [ResourceManager] Registering I2C interface: /dev/i2c-ELAN050A:00 Device 0000:0000 Subsystem: 0000:0000
1076  |Info:    [ResourceManager] Registering I2C interface: /dev/i2c-7 Device 1022:790B Subsystem: 1025:151E
1076  |Info:    [ResourceManager] Registering I2C interface: /dev/i2c-5 Device 1022:790B Subsystem: 1025:151E
1076  |Info:    ------------------------------------------------------
1076  |Info:    |               Detecting I2C devices                |
1076  |Info:    ------------------------------------------------------
2152  |Info:    ------------------------------------------------------
2152  |Info:    |            Detecting I2C DIMM modules              |
2152  |Info:    ------------------------------------------------------
2324  |Info:    [ResourceManager] Detected occupied slot 1, bus 8, type FPM
2453  |Info:    [ResourceManager] Detected occupied slot 2, bus 8, type FPM
2841  |Info:    [ResourceManager] Detected occupied slot 1, bus 9, type DDR4
3486  |Info:    [ResourceManager] Detected occupied slot 2, bus 9, type DDR4
4007  |Info:    ------------------------------------------------------
4007  |Info:    |               Detecting I2C PCI devices            |
4007  |Info:    ------------------------------------------------------
4009  |Info:    ------------------------------------------------------
4009  |Info:    |               Detecting HID devices                |
4009  |Info:    ------------------------------------------------------
4037  |Info:    [Razer Deathadder V2] Registering RGB controller
4090  |Info:    [Corsair K65 Mini] Registering RGB controller
4090  |Info:    ------------------------------------------------------
4090  |Info:    |            Detecting libusb HID devices            |
4090  |Info:    ------------------------------------------------------
4191  |Info:    ------------------------------------------------------
4191  |Info:    |              Detecting other devices               |
4191  |Info:    ------------------------------------------------------
4236  |Info:    [ResourceManager] Calling Post-detection callbacks
4236  |Info:    ------------------------------------------------------
4236  |Info:    |                Detection completed                 |
4236  |Info:    ------------------------------------------------------
4236  |Dialog:  <h2>Some internal devices may not be detected:</h2><p>One or more I2C or SMBus interfaces failed to initialize.</p><p><b>RGB DRAM modules, some motherboards' onboard RGB lighting, and RGB Graphics Cards, will not be available in OpenRGB</b> without I2C or SMBus.</p><h4>How to fix this:</h4><p>On Linux, this is usually because the i2c-dev module is not loaded.</p><p>You must load the i2c-dev module along with the correct i2c driver for your motherboard. This is usually i2c-piix4 for AMD systems and i2c-i801 for Intel systems.</p><p>See <a href='https://help.openrgb.org/'>help.openrgb.org</a> for additional troubleshooting steps if you keep seeing this message.<br></p><h3>If you are not using internal RGB on a desktop this message is not important to you.</h3>
4236  |Info:    [ProfileManager] Profile loading: FAILED! for Razer Deathadder V2 @ HID: /dev/hidraw4
4236  |Info:    [ProfileManager] Profile loading: FAILED! for Corsair K65 Mini @ HID: /dev/hidraw2
