    OpenRGB v0.9+ (1.0rc2)
    Commit:  from 
    Launched: 20260209_122631
====================================================================================================

0     |Info:    [ProfileManager] Found file: teste.orp attempting to validate header
0     |Info:    [ProfileManager] Valid v5 profile found for teste
1097  |Info:    [ResourceManager] Initializing HID interfaces: Success
1097  |Info:    ------------------------------------------------------
1097  |Info:    |               Start device detection               |
1097  |Info:    ------------------------------------------------------
1099  |Info:    ------------------------------------------------------
1099  |Info:    |             Detecting I2C interfaces               |
1099  |Info:    ------------------------------------------------------
1100  |Info:    [ResourceManager] Registering I2C interface: /dev/i2c-3 Device 1002:1638 Subsystem: 1025:151E
1100  |Info:    [ResourceManager] Registering I2C interface: /dev/i2c-1 Device 10DE:1F9D Subsystem: 1025:151E
1100  |Info:    [ResourceManager] Registering I2C interface: /dev/i2c-6 Device 1022:790B Subsystem: 1025:151E
1100  |Warning: [i2c_smbus_linux] Failed to read i2c device PCI device ID
1100  |Info:    [ResourceManager] Registering I2C interface: /dev/i2c-4 Device 0000:0000 Subsystem: 0000:0000
1100  |Info:    [ResourceManager] Registering I2C interface: /dev/i2c-2 Device 10DE:1F9D Subsystem: 1025:151E
1101  |Info:    [ResourceManager] Registering I2C interface: /dev/i2c-0 Device 0000:0000 Subsystem: 0000:0000
1101  |Info:    [ResourceManager] Registering I2C interface: /dev/i2c-ELAN050A:00 Device 0000:0000 Subsystem: 0000:0000
1101  |Info:    [ResourceManager] Registering I2C interface: /dev/i2c-7 Device 1022:790B Subsystem: 1025:151E
1101  |Info:    [ResourceManager] Registering I2C interface: /dev/i2c-5 Device 1022:790B Subsystem: 1025:151E
1101  |Info:    ------------------------------------------------------
1101  |Info:    |               Detecting I2C devices                |
1101  |Info:    ------------------------------------------------------
2211  |Info:    ------------------------------------------------------
2211  |Info:    |            Detecting I2C DIMM modules              |
2211  |Info:    ------------------------------------------------------
2389  |Info:    [ResourceManager] Detected occupied slot 1, bus 7, type FPM
2518  |Info:    [ResourceManager] Detected occupied slot 2, bus 7, type FPM
2905  |Info:    [ResourceManager] Detected occupied slot 1, bus 8, type DDR4
3551  |Info:    [ResourceManager] Detected occupied slot 2, bus 8, type DDR4
4071  |Info:    ------------------------------------------------------
4071  |Info:    |               Detecting I2C PCI devices            |
4071  |Info:    ------------------------------------------------------
4072  |Info:    ------------------------------------------------------
4072  |Info:    |               Detecting HID devices                |
4072  |Info:    ------------------------------------------------------
4072  |Info:    ------------------------------------------------------
4072  |Info:    |            Detecting libusb HID devices            |
4072  |Info:    ------------------------------------------------------
4079  |Info:    ------------------------------------------------------
4079  |Info:    |              Detecting other devices               |
4079  |Info:    ------------------------------------------------------
4102  |Info:    [ResourceManager] Calling Post-detection callbacks
4102  |Info:    ------------------------------------------------------
4102  |Info:    |                Detection completed                 |
4102  |Info:    ------------------------------------------------------
4102  |Dialog:  <h2>Some internal devices may not be detected:</h2><p>One or more I2C or SMBus interfaces failed to initialize.</p><p><b>RGB DRAM modules, some motherboards' onboard RGB lighting, and RGB Graphics Cards, will not be available in OpenRGB</b> without I2C or SMBus.</p><h4>How to fix this:</h4><p>On Linux, this is usually because the i2c-dev module is not loaded.</p><p>You must load the i2c-dev module along with the correct i2c driver for your motherboard. This is usually i2c-piix4 for AMD systems and i2c-i801 for Intel systems.</p><p>See <a href='https://help.openrgb.org/'>help.openrgb.org</a> for additional troubleshooting steps if you keep seeing this message.<br></p><h3>If you are not using internal RGB on a desktop this message is not important to you.</h3>
4102  |Info:    [NetworkServer] Network connection thread started on port 6742
5079  |Info:    [NetworkServer] Network server started
