    OpenRGB v0.9+ (1.0rc2)
    Commit:  from 
    Launched: 20260303_183609
====================================================================================================

0     |Info:    [ProfileManager] Found file: teste.orp attempting to validate header
0     |Info:    [ProfileManager] Valid v5 profile found for teste
1079  |Info:    [ResourceManager] Initializing HID interfaces: Success
1079  |Info:    ------------------------------------------------------
1079  |Info:    |               Start device detection               |
1079  |Info:    ------------------------------------------------------
1100  |Info:    ------------------------------------------------------
1100  |Info:    |             Detecting I2C interfaces               |
1100  |Info:    ------------------------------------------------------
1100  |Info:    [ResourceManager] Registering I2C interface: /dev/i2c-3 Device 1002:1638 Subsystem: 1025:151E
1101  |Info:    [ResourceManager] Registering I2C interface: /dev/i2c-1 Device 10DE:1F9D Subsystem: 1025:151E
1101  |Info:    [ResourceManager] Registering I2C interface: /dev/i2c-6 Device 1022:790B Subsystem: 1025:151E
1101  |Warning: [i2c_smbus_linux] Failed to read i2c device PCI device ID
1101  |Info:    [ResourceManager] Registering I2C interface: /dev/i2c-4 Device 0000:0000 Subsystem: 0000:0000
1101  |Info:    [ResourceManager] Registering I2C interface: /dev/i2c-2 Device 10DE:1F9D Subsystem: 1025:151E
1101  |Info:    [ResourceManager] Registering I2C interface: /dev/i2c-0 Device 0000:0000 Subsystem: 0000:0000
1101  |Info:    [ResourceManager] Registering I2C interface: /dev/i2c-ELAN050A:00 Device 0000:0000 Subsystem: 0000:0000
1101  |Info:    [ResourceManager] Registering I2C interface: /dev/i2c-7 Device 1022:790B Subsystem: 1025:151E
1101  |Info:    [ResourceManager] Registering I2C interface: /dev/i2c-5 Device 1022:790B Subsystem: 1025:151E
1101  |Info:    ------------------------------------------------------
1101  |Info:    |               Detecting I2C devices                |
1101  |Info:    ------------------------------------------------------
2202  |Info:    ------------------------------------------------------
2202  |Info:    |            Detecting I2C DIMM modules              |
2202  |Info:    ------------------------------------------------------
2377  |Info:    [ResourceManager] Detected occupied slot 1, bus 7, type FPM
2506  |Info:    [ResourceManager] Detected occupied slot 2, bus 7, type FPM
2893  |Info:    [ResourceManager] Detected occupied slot 1, bus 8, type DDR4
3539  |Info:    [ResourceManager] Detected occupied slot 2, bus 8, type DDR4
4059  |Info:    ------------------------------------------------------
4059  |Info:    |               Detecting I2C PCI devices            |
4059  |Info:    ------------------------------------------------------
4061  |Info:    ------------------------------------------------------
4061  |Info:    |               Detecting HID devices                |
4061  |Info:    ------------------------------------------------------
4113  |Info:    [Corsair K65 Mini] Registering RGB controller
4148  |Info:    [Razer Deathadder V2] Registering RGB controller
4148  |Info:    ------------------------------------------------------
4148  |Info:    |            Detecting libusb HID devices            |
4148  |Info:    ------------------------------------------------------
4203  |Info:    ------------------------------------------------------
4203  |Info:    |              Detecting other devices               |
4203  |Info:    ------------------------------------------------------
4245  |Info:    [ResourceManager] Calling Post-detection callbacks
4245  |Info:    ------------------------------------------------------
4245  |Info:    |                Detection completed                 |
4245  |Info:    ------------------------------------------------------
4245  |Dialog:  <h2>Some internal devices may not be detected:</h2><p>One or more I2C or SMBus interfaces failed to initialize.</p><p><b>RGB DRAM modules, some motherboards' onboard RGB lighting, and RGB Graphics Cards, will not be available in OpenRGB</b> without I2C or SMBus.</p><h4>How to fix this:</h4><p>On Linux, this is usually because the i2c-dev module is not loaded.</p><p>You must load the i2c-dev module along with the correct i2c driver for your motherboard. This is usually i2c-piix4 for AMD systems and i2c-i801 for Intel systems.</p><p>See <a href='https://help.openrgb.org/'>help.openrgb.org</a> for additional troubleshooting steps if you keep seeing this message.<br></p><h3>If you are not using internal RGB on a desktop this message is not important to you.</h3>
19117 |Info:    [ResourceManager] Initializing HID interfaces: Success
19117 |Info:    ------------------------------------------------------
19117 |Info:    |               Start device detection               |
19117 |Info:    ------------------------------------------------------
19140 |Info:    ------------------------------------------------------
19141 |Info:    |             Detecting I2C interfaces               |
19141 |Info:    ------------------------------------------------------
19141 |Info:    [ResourceManager] Registering I2C interface: /dev/i2c-3 Device 1002:1638 Subsystem: 1025:151E
19141 |Info:    [ResourceManager] Registering I2C interface: /dev/i2c-1 Device 10DE:1F9D Subsystem: 1025:151E
19141 |Info:    [ResourceManager] Registering I2C interface: /dev/i2c-6 Device 1022:790B Subsystem: 1025:151E
19141 |Warning: [i2c_smbus_linux] Failed to read i2c device PCI device ID
19141 |Info:    [ResourceManager] Registering I2C interface: /dev/i2c-4 Device 0000:0000 Subsystem: 0000:0000
19141 |Info:    [ResourceManager] Registering I2C interface: /dev/i2c-2 Device 10DE:1F9D Subsystem: 1025:151E
19142 |Info:    [ResourceManager] Registering I2C interface: /dev/i2c-0 Device 0000:0000 Subsystem: 0000:0000
19142 |Info:    [ResourceManager] Registering I2C interface: /dev/i2c-ELAN050A:00 Device 0000:0000 Subsystem: 0000:0000
19142 |Info:    [ResourceManager] Registering I2C interface: /dev/i2c-7 Device 1022:790B Subsystem: 1025:151E
19142 |Info:    [ResourceManager] Registering I2C interface: /dev/i2c-5 Device 1022:790B Subsystem: 1025:151E
19142 |Info:    ------------------------------------------------------
19142 |Info:    |               Detecting I2C devices                |
19142 |Info:    ------------------------------------------------------
20249 |Info:    ------------------------------------------------------
20249 |Info:    |            Detecting I2C DIMM modules              |
20249 |Info:    ------------------------------------------------------
20422 |Info:    [ResourceManager] Detected occupied slot 1, bus 7, type FPM
20551 |Info:    [ResourceManager] Detected occupied slot 2, bus 7, type FPM
20938 |Info:    [ResourceManager] Detected occupied slot 1, bus 8, type DDR4
21586 |Info:    [ResourceManager] Detected occupied slot 2, bus 8, type DDR4
22107 |Info:    ------------------------------------------------------
22107 |Info:    |               Detecting I2C PCI devices            |
22107 |Info:    ------------------------------------------------------
22111 |Info:    ------------------------------------------------------
22111 |Info:    |               Detecting HID devices                |
22111 |Info:    ------------------------------------------------------
22164 |Info:    [Corsair K65 Mini] Registering RGB controller
22198 |Info:    [Razer Deathadder V2] Registering RGB controller
22198 |Info:    ------------------------------------------------------
22198 |Info:    |            Detecting libusb HID devices            |
22198 |Info:    ------------------------------------------------------
22236 |Info:    ------------------------------------------------------
22236 |Info:    |              Detecting other devices               |
22236 |Info:    ------------------------------------------------------
22253 |Info:    [ResourceManager] Calling Post-detection callbacks
22253 |Info:    ------------------------------------------------------
22253 |Info:    |                Detection completed                 |
22253 |Info:    ------------------------------------------------------
22253 |Dialog:  <h2>Some internal devices may not be detected:</h2><p>One or more I2C or SMBus interfaces failed to initialize.</p><p><b>RGB DRAM modules, some motherboards' onboard RGB lighting, and RGB Graphics Cards, will not be available in OpenRGB</b> without I2C or SMBus.</p><h4>How to fix this:</h4><p>On Linux, this is usually because the i2c-dev module is not loaded.</p><p>You must load the i2c-dev module along with the correct i2c driver for your motherboard. This is usually i2c-piix4 for AMD systems and i2c-i801 for Intel systems.</p><p>See <a href='https://help.openrgb.org/'>help.openrgb.org</a> for additional troubleshooting steps if you keep seeing this message.<br></p><h3>If you are not using internal RGB on a desktop this message is not important to you.</h3>
