    OpenRGB v0.9+ (1.0rc2)
    Commit:  from 
    Launched: 20260301_202341
====================================================================================================

0     |Info:    [ProfileManager] Found file: teste.orp attempting to validate header
0     |Info:    [ProfileManager] Valid v5 profile found for teste
1059  |Info:    [ResourceManager] Initializing HID interfaces: Success
1059  |Info:    ------------------------------------------------------
1059  |Info:    |               Start device detection               |
1059  |Info:    ------------------------------------------------------
1079  |Info:    ------------------------------------------------------
1079  |Info:    |             Detecting I2C interfaces               |
1079  |Info:    ------------------------------------------------------
1080  |Info:    [ResourceManager] Registering I2C interface: /dev/i2c-3 Device 1002:1638 Subsystem: 1025:151E
1080  |Info:    [ResourceManager] Registering I2C interface: /dev/i2c-1 Device 10DE:1F9D Subsystem: 1025:151E
1080  |Warning: [i2c_smbus_linux] Failed to read i2c device PCI device ID
1080  |Info:    [ResourceManager] Registering I2C interface: /dev/i2c-8 Device 0000:0000 Subsystem: 0000:0000
1080  |Info:    [ResourceManager] Registering I2C interface: /dev/i2c-6 Device 1022:790B Subsystem: 1025:151E
1080  |Warning: [i2c_smbus_linux] Failed to read i2c device PCI device ID
1080  |Info:    [ResourceManager] Registering I2C interface: /dev/i2c-4 Device 0000:0000 Subsystem: 0000:0000
1080  |Info:    [ResourceManager] Registering I2C interface: /dev/i2c-2 Device 10DE:1F9D Subsystem: 1025:151E
1080  |Info:    [ResourceManager] Registering I2C interface: /dev/i2c-0 Device 0000:0000 Subsystem: 0000:0000
1080  |Info:    [ResourceManager] Registering I2C interface: /dev/i2c-ELAN050A:00 Device 0000:0000 Subsystem: 0000:0000
1080  |Info:    [ResourceManager] Registering I2C interface: /dev/i2c-7 Device 1022:790B Subsystem: 1025:151E
1080  |Info:    [ResourceManager] Registering I2C interface: /dev/i2c-5 Device 1022:790B Subsystem: 1025:151E
1080  |Info:    ------------------------------------------------------
1080  |Info:    |               Detecting I2C devices                |
1080  |Info:    ------------------------------------------------------
2165  |Info:    ------------------------------------------------------
2165  |Info:    |            Detecting I2C DIMM modules              |
2165  |Info:    ------------------------------------------------------
2342  |Info:    [ResourceManager] Detected occupied slot 1, bus 8, type FPM
2471  |Info:    [ResourceManager] Detected occupied slot 2, bus 8, type FPM
3239  |Info:    [ResourceManager] Detected occupied slot 1, bus 9, type DDR4
4521  |Info:    [ResourceManager] Detected occupied slot 2, bus 9, type DDR4
5550  |Info:    ------------------------------------------------------
5550  |Info:    |               Detecting I2C PCI devices            |
5550  |Info:    ------------------------------------------------------
5552  |Info:    ------------------------------------------------------
5552  |Info:    |               Detecting HID devices                |
5552  |Info:    ------------------------------------------------------
5581  |Info:    [Razer Deathadder V2] Registering RGB controller
5634  |Info:    [Corsair K65 Mini] Registering RGB controller
5634  |Info:    ------------------------------------------------------
5634  |Info:    |            Detecting libusb HID devices            |
5634  |Info:    ------------------------------------------------------
5704  |Info:    ------------------------------------------------------
5704  |Info:    |              Detecting other devices               |
5704  |Info:    ------------------------------------------------------
5742  |Info:    [ResourceManager] Calling Post-detection callbacks
5742  |Info:    ------------------------------------------------------
5742  |Info:    |                Detection completed                 |
5742  |Info:    ------------------------------------------------------
5742  |Dialog:  <h2>Some internal devices may not be detected:</h2><p>One or more I2C or SMBus interfaces failed to initialize.</p><p><b>RGB DRAM modules, some motherboards' onboard RGB lighting, and RGB Graphics Cards, will not be available in OpenRGB</b> without I2C or SMBus.</p><h4>How to fix this:</h4><p>On Linux, this is usually because the i2c-dev module is not loaded.</p><p>You must load the i2c-dev module along with the correct i2c driver for your motherboard. This is usually i2c-piix4 for AMD systems and i2c-i801 for Intel systems.</p><p>See <a href='https://help.openrgb.org/'>help.openrgb.org</a> for additional troubleshooting steps if you keep seeing this message.<br></p><h3>If you are not using internal RGB on a desktop this message is not important to you.</h3>
20636 |Info:    [ResourceManager] Initializing HID interfaces: Success
20636 |Info:    ------------------------------------------------------
20636 |Info:    |               Start device detection               |
20636 |Info:    ------------------------------------------------------
20650 |Info:    ------------------------------------------------------
20650 |Info:    |             Detecting I2C interfaces               |
20650 |Info:    ------------------------------------------------------
20650 |Info:    [ResourceManager] Registering I2C interface: /dev/i2c-3 Device 1002:1638 Subsystem: 1025:151E
20650 |Info:    [ResourceManager] Registering I2C interface: /dev/i2c-1 Device 10DE:1F9D Subsystem: 1025:151E
20650 |Warning: [i2c_smbus_linux] Failed to read i2c device PCI device ID
20650 |Info:    [ResourceManager] Registering I2C interface: /dev/i2c-8 Device 0000:0000 Subsystem: 0000:0000
20650 |Info:    [ResourceManager] Registering I2C interface: /dev/i2c-6 Device 1022:790B Subsystem: 1025:151E
20650 |Warning: [i2c_smbus_linux] Failed to read i2c device PCI device ID
20650 |Info:    [ResourceManager] Registering I2C interface: /dev/i2c-4 Device 0000:0000 Subsystem: 0000:0000
20650 |Info:    [ResourceManager] Registering I2C interface: /dev/i2c-2 Device 10DE:1F9D Subsystem: 1025:151E
20650 |Info:    [ResourceManager] Registering I2C interface: /dev/i2c-0 Device 0000:0000 Subsystem: 0000:0000
20650 |Info:    [ResourceManager] Registering I2C interface: /dev/i2c-ELAN050A:00 Device 0000:0000 Subsystem: 0000:0000
20651 |Info:    [ResourceManager] Registering I2C interface: /dev/i2c-7 Device 1022:790B Subsystem: 1025:151E
20651 |Info:    [ResourceManager] Registering I2C interface: /dev/i2c-5 Device 1022:790B Subsystem: 1025:151E
20651 |Info:    ------------------------------------------------------
20651 |Info:    |               Detecting I2C devices                |
20651 |Info:    ------------------------------------------------------
21727 |Info:    ------------------------------------------------------
21727 |Info:    |            Detecting I2C DIMM modules              |
21727 |Info:    ------------------------------------------------------
21901 |Info:    [ResourceManager] Detected occupied slot 1, bus 8, type FPM
22031 |Info:    [ResourceManager] Detected occupied slot 2, bus 8, type FPM
22801 |Info:    [ResourceManager] Detected occupied slot 1, bus 9, type DDR4
24082 |Info:    [ResourceManager] Detected occupied slot 2, bus 9, type DDR4
25110 |Info:    ------------------------------------------------------
25110 |Info:    |               Detecting I2C PCI devices            |
25110 |Info:    ------------------------------------------------------
25112 |Info:    ------------------------------------------------------
25112 |Info:    |               Detecting HID devices                |
25112 |Info:    ------------------------------------------------------
25145 |Info:    [Razer Deathadder V2] Registering RGB controller
25198 |Info:    [Corsair K65 Mini] Registering RGB controller
25198 |Info:    ------------------------------------------------------
25198 |Info:    |            Detecting libusb HID devices            |
25198 |Info:    ------------------------------------------------------
25253 |Info:    ------------------------------------------------------
25253 |Info:    |              Detecting other devices               |
25253 |Info:    ------------------------------------------------------
25268 |Info:    [ResourceManager] Calling Post-detection callbacks
25268 |Info:    ------------------------------------------------------
25268 |Info:    |                Detection completed                 |
25268 |Info:    ------------------------------------------------------
25268 |Dialog:  <h2>Some internal devices may not be detected:</h2><p>One or more I2C or SMBus interfaces failed to initialize.</p><p><b>RGB DRAM modules, some motherboards' onboard RGB lighting, and RGB Graphics Cards, will not be available in OpenRGB</b> without I2C or SMBus.</p><h4>How to fix this:</h4><p>On Linux, this is usually because the i2c-dev module is not loaded.</p><p>You must load the i2c-dev module along with the correct i2c driver for your motherboard. This is usually i2c-piix4 for AMD systems and i2c-i801 for Intel systems.</p><p>See <a href='https://help.openrgb.org/'>help.openrgb.org</a> for additional troubleshooting steps if you keep seeing this message.<br></p><h3>If you are not using internal RGB on a desktop this message is not important to you.</h3>
