    OpenRGB v0.9+ (1.0rc2)
    Commit:  from 
    Launched: 20260301_173722
====================================================================================================

0     |Info:    [ProfileManager] Found file: teste.orp attempting to validate header
0     |Info:    [ProfileManager] Valid v5 profile found for teste
1060  |Info:    [ResourceManager] Initializing HID interfaces: Success
1060  |Info:    ------------------------------------------------------
1060  |Info:    |               Start device detection               |
1060  |Info:    ------------------------------------------------------
1075  |Info:    ------------------------------------------------------
1075  |Info:    |             Detecting I2C interfaces               |
1075  |Info:    ------------------------------------------------------
1075  |Info:    [ResourceManager] Registering I2C interface: /dev/i2c-3 Device 1002:1638 Subsystem: 1025:151E
1075  |Info:    [ResourceManager] Registering I2C interface: /dev/i2c-1 Device 10DE:1F9D Subsystem: 1025:151E
1075  |Warning: [i2c_smbus_linux] Failed to read i2c device PCI device ID
1076  |Info:    [ResourceManager] Registering I2C interface: /dev/i2c-8 Device 0000:0000 Subsystem: 0000:0000
1076  |Info:    [ResourceManager] Registering I2C interface: /dev/i2c-6 Device 1022:790B Subsystem: 1025:151E
1076  |Warning: [i2c_smbus_linux] Failed to read i2c device PCI device ID
1076  |Info:    [ResourceManager] Registering I2C interface: /dev/i2c-4 Device 0000:0000 Subsystem: 0000:0000
1076  |Info:    [ResourceManager] Registering I2C interface: /dev/i2c-2 Device 10DE:1F9D Subsystem: 1025:151E
1076  |Info:    [ResourceManager] Registering I2C interface: /dev/i2c-0 Device 0000:0000 Subsystem: 0000:0000
1076  |Info:    [ResourceManager] Registering I2C interface: /dev/i2c-ELAN050A:00 Device 0000:0000 Subsystem: 0000:0000
1076  |Info:    [ResourceManager] Registering I2C interface: /dev/i2c-7 Device 1022:790B Subsystem: 1025:151E
1076  |Info:    [ResourceManager] Registering I2C interface: /dev/i2c-5 Device 1022:790B Subsystem: 1025:151E
1076  |Info:    ------------------------------------------------------
1076  |Info:    |               Detecting I2C devices                |
1076  |Info:    ------------------------------------------------------
2152  |Info:    ------------------------------------------------------
2152  |Info:    |            Detecting I2C DIMM modules              |
2152  |Info:    ------------------------------------------------------
2324  |Info:    [ResourceManager] Detected occupied slot 1, bus 8, type FPM
2453  |Info:    [ResourceManager] Detected occupied slot 2, bus 8, type FPM
2839  |Info:    [ResourceManager] Detected occupied slot 1, bus 9, type DDR4
3495  |Info:    [ResourceManager] Detected occupied slot 2, bus 9, type DDR4
4035  |Info:    ------------------------------------------------------
4035  |Info:    |               Detecting I2C PCI devices            |
4035  |Info:    ------------------------------------------------------
4036  |Info:    ------------------------------------------------------
4036  |Info:    |               Detecting HID devices                |
4036  |Info:    ------------------------------------------------------
4069  |Info:    [Razer Deathadder V2] Registering RGB controller
4122  |Info:    [Corsair K65 Mini] Registering RGB controller
4122  |Info:    ------------------------------------------------------
4122  |Info:    |            Detecting libusb HID devices            |
4122  |Info:    ------------------------------------------------------
4191  |Info:    ------------------------------------------------------
4191  |Info:    |              Detecting other devices               |
4191  |Info:    ------------------------------------------------------
4247  |Info:    [ResourceManager] Calling Post-detection callbacks
4247  |Info:    ------------------------------------------------------
4247  |Info:    |                Detection completed                 |
4247  |Info:    ------------------------------------------------------
4247  |Dialog:  <h2>Some internal devices may not be detected:</h2><p>One or more I2C or SMBus interfaces failed to initialize.</p><p><b>RGB DRAM modules, some motherboards' onboard RGB lighting, and RGB Graphics Cards, will not be available in OpenRGB</b> without I2C or SMBus.</p><h4>How to fix this:</h4><p>On Linux, this is usually because the i2c-dev module is not loaded.</p><p>You must load the i2c-dev module along with the correct i2c driver for your motherboard. This is usually i2c-piix4 for AMD systems and i2c-i801 for Intel systems.</p><p>See <a href='https://help.openrgb.org/'>help.openrgb.org</a> for additional troubleshooting steps if you keep seeing this message.<br></p><h3>If you are not using internal RGB on a desktop this message is not important to you.</h3>
13124 |Info:    [ResourceManager] Initializing HID interfaces: Success
13124 |Info:    ------------------------------------------------------
13124 |Info:    |               Start device detection               |
13124 |Info:    ------------------------------------------------------
13137 |Info:    ------------------------------------------------------
13137 |Info:    |             Detecting I2C interfaces               |
13137 |Info:    ------------------------------------------------------
13137 |Info:    [ResourceManager] Registering I2C interface: /dev/i2c-3 Device 1002:1638 Subsystem: 1025:151E
13137 |Info:    [ResourceManager] Registering I2C interface: /dev/i2c-1 Device 10DE:1F9D Subsystem: 1025:151E
13137 |Warning: [i2c_smbus_linux] Failed to read i2c device PCI device ID
13137 |Info:    [ResourceManager] Registering I2C interface: /dev/i2c-8 Device 0000:0000 Subsystem: 0000:0000
13138 |Info:    [ResourceManager] Registering I2C interface: /dev/i2c-6 Device 1022:790B Subsystem: 1025:151E
13138 |Warning: [i2c_smbus_linux] Failed to read i2c device PCI device ID
13138 |Info:    [ResourceManager] Registering I2C interface: /dev/i2c-4 Device 0000:0000 Subsystem: 0000:0000
13138 |Info:    [ResourceManager] Registering I2C interface: /dev/i2c-2 Device 10DE:1F9D Subsystem: 1025:151E
13138 |Info:    [ResourceManager] Registering I2C interface: /dev/i2c-0 Device 0000:0000 Subsystem: 0000:0000
13138 |Info:    [ResourceManager] Registering I2C interface: /dev/i2c-ELAN050A:00 Device 0000:0000 Subsystem: 0000:0000
13138 |Info:    [ResourceManager] Registering I2C interface: /dev/i2c-7 Device 1022:790B Subsystem: 1025:151E
13138 |Info:    [ResourceManager] Registering I2C interface: /dev/i2c-5 Device 1022:790B Subsystem: 1025:151E
13138 |Info:    ------------------------------------------------------
13138 |Info:    |               Detecting I2C devices                |
13138 |Info:    ------------------------------------------------------
14211 |Info:    ------------------------------------------------------
14211 |Info:    |            Detecting I2C DIMM modules              |
14211 |Info:    ------------------------------------------------------
14382 |Info:    [ResourceManager] Detected occupied slot 1, bus 8, type FPM
14513 |Info:    [ResourceManager] Detected occupied slot 2, bus 8, type FPM
14901 |Info:    [ResourceManager] Detected occupied slot 1, bus 9, type DDR4
15548 |Info:    [ResourceManager] Detected occupied slot 2, bus 9, type DDR4
16067 |Info:    ------------------------------------------------------
16067 |Info:    |               Detecting I2C PCI devices            |
16067 |Info:    ------------------------------------------------------
16069 |Info:    ------------------------------------------------------
16069 |Info:    |               Detecting HID devices                |
16069 |Info:    ------------------------------------------------------
16100 |Info:    [Razer Deathadder V2] Registering RGB controller
16152 |Info:    [Corsair K65 Mini] Registering RGB controller
16152 |Info:    ------------------------------------------------------
16152 |Info:    |            Detecting libusb HID devices            |
16152 |Info:    ------------------------------------------------------
16206 |Info:    ------------------------------------------------------
16206 |Info:    |              Detecting other devices               |
16206 |Info:    ------------------------------------------------------
16221 |Info:    [ResourceManager] Calling Post-detection callbacks
16221 |Info:    ------------------------------------------------------
16221 |Info:    |                Detection completed                 |
16221 |Info:    ------------------------------------------------------
16221 |Dialog:  <h2>Some internal devices may not be detected:</h2><p>One or more I2C or SMBus interfaces failed to initialize.</p><p><b>RGB DRAM modules, some motherboards' onboard RGB lighting, and RGB Graphics Cards, will not be available in OpenRGB</b> without I2C or SMBus.</p><h4>How to fix this:</h4><p>On Linux, this is usually because the i2c-dev module is not loaded.</p><p>You must load the i2c-dev module along with the correct i2c driver for your motherboard. This is usually i2c-piix4 for AMD systems and i2c-i801 for Intel systems.</p><p>See <a href='https://help.openrgb.org/'>help.openrgb.org</a> for additional troubleshooting steps if you keep seeing this message.<br></p><h3>If you are not using internal RGB on a desktop this message is not important to you.</h3>
