    OpenRGB v0.9+ (1.0rc2)
    Commit:  from 
    Launched: 20260310_142509
====================================================================================================

0     |Info:    [ProfileManager] Found file: teste.orp attempting to validate header
0     |Info:    [ProfileManager] Valid v5 profile found for teste
1060  |Info:    [ResourceManager] Initializing HID interfaces: Success
1060  |Info:    ------------------------------------------------------
1060  |Info:    |               Start device detection               |
1060  |Info:    ------------------------------------------------------
1074  |Info:    ------------------------------------------------------
1074  |Info:    |             Detecting I2C interfaces               |
1074  |Info:    ------------------------------------------------------
1074  |Info:    [ResourceManager] Registering I2C interface: /dev/i2c-3 Device 1002:1638 Subsystem: 1025:151E
1074  |Info:    [ResourceManager] Registering I2C interface: /dev/i2c-1 Device 10DE:1F9D Subsystem: 1025:151E
1074  |Warning: [i2c_smbus_linux] Failed to read i2c device PCI device ID
1074  |Info:    [ResourceManager] Registering I2C interface: /dev/i2c-8 Device 0000:0000 Subsystem: 0000:0000
1074  |Info:    [ResourceManager] Registering I2C interface: /dev/i2c-6 Device 1022:790B Subsystem: 1025:151E
1074  |Warning: [i2c_smbus_linux] Failed to read i2c device PCI device ID
1074  |Info:    [ResourceManager] Registering I2C interface: /dev/i2c-4 Device 0000:0000 Subsystem: 0000:0000
1074  |Info:    [ResourceManager] Registering I2C interface: /dev/i2c-2 Device 10DE:1F9D Subsystem: 1025:151E
1074  |Info:    [ResourceManager] Registering I2C interface: /dev/i2c-0 Device 0000:0000 Subsystem: 0000:0000
1074  |Info:    [ResourceManager] Registering I2C interface: /dev/i2c-ELAN050A:00 Device 0000:0000 Subsystem: 0000:0000
1074  |Info:    [ResourceManager] Registering I2C interface: /dev/i2c-7 Device 1022:790B Subsystem: 1025:151E
1074  |Info:    [ResourceManager] Registering I2C interface: /dev/i2c-5 Device 1022:790B Subsystem: 1025:151E
1074  |Info:    ------------------------------------------------------
1074  |Info:    |               Detecting I2C devices                |
1074  |Info:    ------------------------------------------------------
2149  |Info:    ------------------------------------------------------
2149  |Info:    |            Detecting I2C DIMM modules              |
2149  |Info:    ------------------------------------------------------
2319  |Info:    [ResourceManager] Detected occupied slot 1, bus 8, type FPM
2449  |Info:    [ResourceManager] Detected occupied slot 2, bus 8, type FPM
2838  |Info:    [ResourceManager] Detected occupied slot 1, bus 9, type DDR4
3496  |Info:    [ResourceManager] Detected occupied slot 2, bus 9, type DDR4
4015  |Info:    ------------------------------------------------------
4015  |Info:    |               Detecting I2C PCI devices            |
4015  |Info:    ------------------------------------------------------
4016  |Info:    ------------------------------------------------------
4016  |Info:    |               Detecting HID devices                |
4016  |Info:    ------------------------------------------------------
4048  |Info:    [Razer Deathadder V2] Registering RGB controller
4100  |Info:    [Corsair K65 Mini] Registering RGB controller
4100  |Info:    ------------------------------------------------------
4100  |Info:    |            Detecting libusb HID devices            |
4100  |Info:    ------------------------------------------------------
4167  |Info:    ------------------------------------------------------
4167  |Info:    |              Detecting other devices               |
4167  |Info:    ------------------------------------------------------
4213  |Info:    [ResourceManager] Calling Post-detection callbacks
4213  |Info:    ------------------------------------------------------
4213  |Info:    |                Detection completed                 |
4213  |Info:    ------------------------------------------------------
4213  |Dialog:  <h2>Some internal devices may not be detected:</h2><p>One or more I2C or SMBus interfaces failed to initialize.</p><p><b>RGB DRAM modules, some motherboards' onboard RGB lighting, and RGB Graphics Cards, will not be available in OpenRGB</b> without I2C or SMBus.</p><h4>How to fix this:</h4><p>On Linux, this is usually because the i2c-dev module is not loaded.</p><p>You must load the i2c-dev module along with the correct i2c driver for your motherboard. This is usually i2c-piix4 for AMD systems and i2c-i801 for Intel systems.</p><p>See <a href='https://help.openrgb.org/'>help.openrgb.org</a> for additional troubleshooting steps if you keep seeing this message.<br></p><h3>If you are not using internal RGB on a desktop this message is not important to you.</h3>
16101 |Info:    [ResourceManager] Initializing HID interfaces: Success
16101 |Info:    ------------------------------------------------------
16101 |Info:    |               Start device detection               |
16101 |Info:    ------------------------------------------------------
16115 |Info:    ------------------------------------------------------
16115 |Info:    |             Detecting I2C interfaces               |
16115 |Info:    ------------------------------------------------------
16115 |Info:    [ResourceManager] Registering I2C interface: /dev/i2c-3 Device 1002:1638 Subsystem: 1025:151E
16116 |Info:    [ResourceManager] Registering I2C interface: /dev/i2c-1 Device 10DE:1F9D Subsystem: 1025:151E
16116 |Warning: [i2c_smbus_linux] Failed to read i2c device PCI device ID
16116 |Info:    [ResourceManager] Registering I2C interface: /dev/i2c-8 Device 0000:0000 Subsystem: 0000:0000
16116 |Info:    [ResourceManager] Registering I2C interface: /dev/i2c-6 Device 1022:790B Subsystem: 1025:151E
16116 |Warning: [i2c_smbus_linux] Failed to read i2c device PCI device ID
16116 |Info:    [ResourceManager] Registering I2C interface: /dev/i2c-4 Device 0000:0000 Subsystem: 0000:0000
16116 |Info:    [ResourceManager] Registering I2C interface: /dev/i2c-2 Device 10DE:1F9D Subsystem: 1025:151E
16116 |Info:    [ResourceManager] Registering I2C interface: /dev/i2c-0 Device 0000:0000 Subsystem: 0000:0000
16116 |Info:    [ResourceManager] Registering I2C interface: /dev/i2c-ELAN050A:00 Device 0000:0000 Subsystem: 0000:0000
16116 |Info:    [ResourceManager] Registering I2C interface: /dev/i2c-7 Device 1022:790B Subsystem: 1025:151E
16116 |Info:    [ResourceManager] Registering I2C interface: /dev/i2c-5 Device 1022:790B Subsystem: 1025:151E
16116 |Info:    ------------------------------------------------------
16116 |Info:    |               Detecting I2C devices                |
16116 |Info:    ------------------------------------------------------
17190 |Info:    ------------------------------------------------------
17190 |Info:    |            Detecting I2C DIMM modules              |
17190 |Info:    ------------------------------------------------------
17361 |Info:    [ResourceManager] Detected occupied slot 1, bus 8, type FPM
17490 |Info:    [ResourceManager] Detected occupied slot 2, bus 8, type FPM
17878 |Info:    [ResourceManager] Detected occupied slot 1, bus 9, type DDR4
18524 |Info:    [ResourceManager] Detected occupied slot 2, bus 9, type DDR4
19052 |Info:    ------------------------------------------------------
19052 |Info:    |               Detecting I2C PCI devices            |
19052 |Info:    ------------------------------------------------------
19054 |Info:    ------------------------------------------------------
19054 |Info:    |               Detecting HID devices                |
19054 |Info:    ------------------------------------------------------
19083 |Info:    [Razer Deathadder V2] Registering RGB controller
19136 |Info:    [Corsair K65 Mini] Registering RGB controller
19136 |Info:    ------------------------------------------------------
19136 |Info:    |            Detecting libusb HID devices            |
19136 |Info:    ------------------------------------------------------
19190 |Info:    ------------------------------------------------------
19190 |Info:    |              Detecting other devices               |
19190 |Info:    ------------------------------------------------------
19204 |Info:    [ResourceManager] Calling Post-detection callbacks
19204 |Info:    ------------------------------------------------------
19204 |Info:    |                Detection completed                 |
19204 |Info:    ------------------------------------------------------
19204 |Dialog:  <h2>Some internal devices may not be detected:</h2><p>One or more I2C or SMBus interfaces failed to initialize.</p><p><b>RGB DRAM modules, some motherboards' onboard RGB lighting, and RGB Graphics Cards, will not be available in OpenRGB</b> without I2C or SMBus.</p><h4>How to fix this:</h4><p>On Linux, this is usually because the i2c-dev module is not loaded.</p><p>You must load the i2c-dev module along with the correct i2c driver for your motherboard. This is usually i2c-piix4 for AMD systems and i2c-i801 for Intel systems.</p><p>See <a href='https://help.openrgb.org/'>help.openrgb.org</a> for additional troubleshooting steps if you keep seeing this message.<br></p><h3>If you are not using internal RGB on a desktop this message is not important to you.</h3>
