    OpenRGB v0.9+ (1.0rc2)
    Commit:  from 
    Launched: 20260201_114819
====================================================================================================

1060  |Info:    [ResourceManager] Initializing HID interfaces: Success
1060  |Info:    ------------------------------------------------------
1060  |Info:    |               Start device detection               |
1060  |Info:    ------------------------------------------------------
1075  |Info:    ------------------------------------------------------
1075  |Info:    |             Detecting I2C interfaces               |
1075  |Info:    ------------------------------------------------------
1075  |Info:    [ResourceManager] Registering I2C interface: /dev/i2c-3 Device 1022:790B Subsystem: 1025:151E
1075  |Info:    [ResourceManager] Registering I2C interface: /dev/i2c-1 Device 1002:1638 Subsystem: 1025:151E
1075  |Warning: [i2c_smbus_linux] Failed to read i2c device PCI device ID
1075  |Info:    [ResourceManager] Registering I2C interface: /dev/i2c-8 Device 0000:0000 Subsystem: 0000:0000
1075  |Info:    [ResourceManager] Registering I2C interface: /dev/i2c-6 Device 10DE:1F9D Subsystem: 1025:151E
1075  |Info:    [ResourceManager] Registering I2C interface: /dev/i2c-4 Device 1022:790B Subsystem: 1025:151E
1075  |Warning: [i2c_smbus_linux] Failed to read i2c device PCI device ID
1075  |Info:    [ResourceManager] Registering I2C interface: /dev/i2c-2 Device 0000:0000 Subsystem: 0000:0000
1075  |Info:    [ResourceManager] Registering I2C interface: /dev/i2c-0 Device 0000:0000 Subsystem: 0000:0000
1075  |Info:    [ResourceManager] Registering I2C interface: /dev/i2c-ELAN050A:00 Device 0000:0000 Subsystem: 0000:0000
1075  |Info:    [ResourceManager] Registering I2C interface: /dev/i2c-7 Device 10DE:1F9D Subsystem: 1025:151E
1075  |Info:    [ResourceManager] Registering I2C interface: /dev/i2c-5 Device 1022:790B Subsystem: 1025:151E
1075  |Info:    ------------------------------------------------------
1075  |Info:    |               Detecting I2C devices                |
1075  |Info:    ------------------------------------------------------
2151  |Info:    ------------------------------------------------------
2151  |Info:    |            Detecting I2C DIMM modules              |
2151  |Info:    ------------------------------------------------------
2539  |Info:    [ResourceManager] Detected occupied slot 1, bus 0, type DDR4
3184  |Info:    [ResourceManager] Detected occupied slot 2, bus 0, type DDR4
3874  |Info:    [ResourceManager] Detected occupied slot 1, bus 9, type FPM
4003  |Info:    [ResourceManager] Detected occupied slot 2, bus 9, type FPM
4003  |Info:    ------------------------------------------------------
4003  |Info:    |               Detecting I2C PCI devices            |
4003  |Info:    ------------------------------------------------------
4005  |Info:    ------------------------------------------------------
4005  |Info:    |               Detecting HID devices                |
4005  |Info:    ------------------------------------------------------
4034  |Info:    [Razer Deathadder V2] Registering RGB controller
4087  |Info:    [Corsair K65 Mini] Registering RGB controller
4087  |Info:    ------------------------------------------------------
4087  |Info:    |            Detecting libusb HID devices            |
4087  |Info:    ------------------------------------------------------
4156  |Info:    ------------------------------------------------------
4156  |Info:    |              Detecting other devices               |
4156  |Info:    ------------------------------------------------------
4197  |Info:    [ResourceManager] Calling Post-detection callbacks
4197  |Info:    ------------------------------------------------------
4197  |Info:    |                Detection completed                 |
4197  |Info:    ------------------------------------------------------
4197  |Dialog:  <h2>Some internal devices may not be detected:</h2><p>One or more I2C or SMBus interfaces failed to initialize.</p><p><b>RGB DRAM modules, some motherboards' onboard RGB lighting, and RGB Graphics Cards, will not be available in OpenRGB</b> without I2C or SMBus.</p><h4>How to fix this:</h4><p>On Linux, this is usually because the i2c-dev module is not loaded.</p><p>You must load the i2c-dev module along with the correct i2c driver for your motherboard. This is usually i2c-piix4 for AMD systems and i2c-i801 for Intel systems.</p><p>See <a href='https://help.openrgb.org/'>help.openrgb.org</a> for additional troubleshooting steps if you keep seeing this message.<br></p><h3>If you are not using internal RGB on a desktop this message is not important to you.</h3>
4205  |Warning: [PluginManager] Checking remove 0, "/home/tanaka/.config/OpenRGB/plugins/OpenRGBVisualMapPlugin_1.0rc2_Linux_amd64_320420d.so"
4205  |Warning: [PluginManager] Plugin /home/tanaka/.config/OpenRGB/plugins/OpenRGBVisualMapPlugin_1.0rc2_Linux_amd64_320420d.so cannot be loaded: The shared library was not found.
4205  |Warning: [PluginManager] Plugin /home/tanaka/.config/OpenRGB/plugins/OpenRGBVisualMapPlugin_1.0rc2_Linux_amd64_320420d.so cannot be instantiated.
