    OpenRGB v0.9+ (1.0rc2)
    Commit:  from 
    Launched: 20260317_165508
====================================================================================================

0     |Info:    [ProfileManager] Found file: teste.orp attempting to validate header
0     |Info:    [ProfileManager] Valid v5 profile found for teste
1061  |Info:    [ResourceManager] Initializing HID interfaces: Success
1061  |Info:    ------------------------------------------------------
1061  |Info:    |               Start device detection               |
1061  |Info:    ------------------------------------------------------
1076  |Info:    ------------------------------------------------------
1076  |Info:    |             Detecting I2C interfaces               |
1076  |Info:    ------------------------------------------------------
1076  |Info:    [ResourceManager] Registering I2C interface: /dev/i2c-3 Device 1002:1638 Subsystem: 1025:151E
1076  |Info:    [ResourceManager] Registering I2C interface: /dev/i2c-1 Device 10DE:1F9D Subsystem: 1025:151E
1076  |Warning: [i2c_smbus_linux] Failed to read i2c device PCI device ID
1076  |Info:    [ResourceManager] Registering I2C interface: /dev/i2c-8 Device 0000:0000 Subsystem: 0000:0000
1077  |Info:    [ResourceManager] Registering I2C interface: /dev/i2c-6 Device 1022:790B Subsystem: 1025:151E
1077  |Warning: [i2c_smbus_linux] Failed to read i2c device PCI device ID
1077  |Info:    [ResourceManager] Registering I2C interface: /dev/i2c-4 Device 0000:0000 Subsystem: 0000:0000
1077  |Info:    [ResourceManager] Registering I2C interface: /dev/i2c-2 Device 10DE:1F9D Subsystem: 1025:151E
1077  |Info:    [ResourceManager] Registering I2C interface: /dev/i2c-0 Device 0000:0000 Subsystem: 0000:0000
1077  |Info:    [ResourceManager] Registering I2C interface: /dev/i2c-ELAN050A:00 Device 0000:0000 Subsystem: 0000:0000
1077  |Info:    [ResourceManager] Registering I2C interface: /dev/i2c-7 Device 1022:790B Subsystem: 1025:151E
1077  |Info:    [ResourceManager] Registering I2C interface: /dev/i2c-5 Device 1022:790B Subsystem: 1025:151E
1077  |Info:    ------------------------------------------------------
1077  |Info:    |               Detecting I2C devices                |
1077  |Info:    ------------------------------------------------------
2244  |Info:    ------------------------------------------------------
2244  |Info:    |            Detecting I2C DIMM modules              |
2244  |Info:    ------------------------------------------------------
2545  |Info:    [ResourceManager] Detected occupied slot 1, bus 8, type FPM
2804  |Info:    [ResourceManager] Detected occupied slot 2, bus 8, type FPM
3580  |Info:    [ResourceManager] Detected occupied slot 1, bus 9, type DDR4
5003  |Info:    [ResourceManager] Detected occupied slot 2, bus 9, type DDR4
5918  |Info:    ------------------------------------------------------
5918  |Info:    |               Detecting I2C PCI devices            |
5918  |Info:    ------------------------------------------------------
5920  |Info:    ------------------------------------------------------
5920  |Info:    |               Detecting HID devices                |
5920  |Info:    ------------------------------------------------------
5954  |Info:    [Razer Deathadder V2] Registering RGB controller
5955  |Info:    [Corsair K65 Mini] Registering RGB controller
5956  |Info:    ------------------------------------------------------
5956  |Info:    |            Detecting libusb HID devices            |
5956  |Info:    ------------------------------------------------------
6022  |Info:    ------------------------------------------------------
6022  |Info:    |              Detecting other devices               |
6022  |Info:    ------------------------------------------------------
6049  |Info:    [ResourceManager] Calling Post-detection callbacks
6049  |Info:    ------------------------------------------------------
6049  |Info:    |                Detection completed                 |
6049  |Info:    ------------------------------------------------------
6049  |Dialog:  <h2>Some internal devices may not be detected:</h2><p>One or more I2C or SMBus interfaces failed to initialize.</p><p><b>RGB DRAM modules, some motherboards' onboard RGB lighting, and RGB Graphics Cards, will not be available in OpenRGB</b> without I2C or SMBus.</p><h4>How to fix this:</h4><p>On Linux, this is usually because the i2c-dev module is not loaded.</p><p>You must load the i2c-dev module along with the correct i2c driver for your motherboard. This is usually i2c-piix4 for AMD systems and i2c-i801 for Intel systems.</p><p>See <a href='https://help.openrgb.org/'>help.openrgb.org</a> for additional troubleshooting steps if you keep seeing this message.<br></p><h3>If you are not using internal RGB on a desktop this message is not important to you.</h3>
6049  |Info:    [NetworkServer] Network connection thread started on port 6742
6054  |Info:    [NetworkServer] Network server started
6054  |Info:    [NetworkServer] Network server started
8618  |ERROR:   [NetworkServer] recv_select failed receiving magic, closing listener
8618  |Info:    [NetworkServer] Closing server connection: 127.0.0.1
7120113|Info:    [ResourceManager] Initializing HID interfaces: Success
7120113|Warning: [ResourceManager] Detection coroutine: assigned a new coroutine when one was already scheduled - probably two rescan events sent at once
7120114|Info:    ------------------------------------------------------
7120114|Info:    |               Start device detection               |
7120114|Info:    ------------------------------------------------------
7120141|Info:    ------------------------------------------------------
7120141|Info:    |             Detecting I2C interfaces               |
7120141|Info:    ------------------------------------------------------
7120141|Info:    [ResourceManager] Registering I2C interface: /dev/i2c-3 Device 1002:1638 Subsystem: 1025:151E
7120141|Info:    [ResourceManager] Registering I2C interface: /dev/i2c-1 Device 10DE:1F9D Subsystem: 1025:151E
7120141|Warning: [i2c_smbus_linux] Failed to read i2c device PCI device ID
7120141|Info:    [ResourceManager] Registering I2C interface: /dev/i2c-8 Device 0000:0000 Subsystem: 0000:0000
7120141|Info:    [ResourceManager] Registering I2C interface: /dev/i2c-6 Device 1022:790B Subsystem: 1025:151E
7120141|Warning: [i2c_smbus_linux] Failed to read i2c device PCI device ID
7120141|Info:    [ResourceManager] Registering I2C interface: /dev/i2c-4 Device 0000:0000 Subsystem: 0000:0000
7120141|Info:    [ResourceManager] Registering I2C interface: /dev/i2c-2 Device 10DE:1F9D Subsystem: 1025:151E
7120141|Info:    [ResourceManager] Registering I2C interface: /dev/i2c-0 Device 0000:0000 Subsystem: 0000:0000
7120141|Info:    [ResourceManager] Registering I2C interface: /dev/i2c-ELAN050A:00 Device 0000:0000 Subsystem: 0000:0000
7120142|Info:    [ResourceManager] Registering I2C interface: /dev/i2c-7 Device 1022:790B Subsystem: 1025:151E
7120142|Info:    [ResourceManager] Registering I2C interface: /dev/i2c-5 Device 1022:790B Subsystem: 1025:151E
7120142|Info:    ------------------------------------------------------
7120142|Info:    |               Detecting I2C devices                |
7120142|Info:    ------------------------------------------------------
7121224|Info:    ------------------------------------------------------
7121224|Info:    |            Detecting I2C DIMM modules              |
7121224|Info:    ------------------------------------------------------
7121400|Info:    [ResourceManager] Detected occupied slot 1, bus 8, type FPM
7121529|Info:    [ResourceManager] Detected occupied slot 2, bus 8, type FPM
7122300|Info:    [ResourceManager] Detected occupied slot 1, bus 9, type DDR4
7123580|Info:    [ResourceManager] Detected occupied slot 2, bus 9, type DDR4
7124608|Info:    ------------------------------------------------------
7124609|Info:    |               Detecting I2C PCI devices            |
7124609|Info:    ------------------------------------------------------
7124611|Info:    ------------------------------------------------------
7124611|Info:    |               Detecting HID devices                |
7124611|Info:    ------------------------------------------------------
7124642|Info:    [Razer Deathadder V2] Registering RGB controller
7124694|Info:    [Corsair K65 Mini] Registering RGB controller
7124694|Info:    ------------------------------------------------------
7124694|Info:    |            Detecting libusb HID devices            |
7124694|Info:    ------------------------------------------------------
7124748|Info:    ------------------------------------------------------
7124748|Info:    |              Detecting other devices               |
7124748|Info:    ------------------------------------------------------
7124765|Info:    [ResourceManager] Calling Post-detection callbacks
7124765|Info:    ------------------------------------------------------
7124765|Info:    |                Detection completed                 |
7124765|Info:    ------------------------------------------------------
7124765|Dialog:  <h2>Some internal devices may not be detected:</h2><p>One or more I2C or SMBus interfaces failed to initialize.</p><p><b>RGB DRAM modules, some motherboards' onboard RGB lighting, and RGB Graphics Cards, will not be available in OpenRGB</b> without I2C or SMBus.</p><h4>How to fix this:</h4><p>On Linux, this is usually because the i2c-dev module is not loaded.</p><p>You must load the i2c-dev module along with the correct i2c driver for your motherboard. This is usually i2c-piix4 for AMD systems and i2c-i801 for Intel systems.</p><p>See <a href='https://help.openrgb.org/'>help.openrgb.org</a> for additional troubleshooting steps if you keep seeing this message.<br></p><h3>If you are not using internal RGB on a desktop this message is not important to you.</h3>
7154696|Info:    [ResourceManager] Initializing HID interfaces: Success
7154696|Info:    ------------------------------------------------------
7154696|Info:    |               Start device detection               |
7154696|Info:    ------------------------------------------------------
7154712|Info:    ------------------------------------------------------
7154712|Info:    |             Detecting I2C interfaces               |
7154712|Info:    ------------------------------------------------------
7154712|Info:    [ResourceManager] Registering I2C interface: /dev/i2c-3 Device 1002:1638 Subsystem: 1025:151E
7154712|Info:    [ResourceManager] Registering I2C interface: /dev/i2c-1 Device 10DE:1F9D Subsystem: 1025:151E
7154712|Warning: [i2c_smbus_linux] Failed to read i2c device PCI device ID
7154712|Info:    [ResourceManager] Registering I2C interface: /dev/i2c-8 Device 0000:0000 Subsystem: 0000:0000
7154712|Info:    [ResourceManager] Registering I2C interface: /dev/i2c-6 Device 1022:790B Subsystem: 1025:151E
7154712|Warning: [i2c_smbus_linux] Failed to read i2c device PCI device ID
7154712|Info:    [ResourceManager] Registering I2C interface: /dev/i2c-4 Device 0000:0000 Subsystem: 0000:0000
7154712|Info:    [ResourceManager] Registering I2C interface: /dev/i2c-2 Device 10DE:1F9D Subsystem: 1025:151E
7154712|Info:    [ResourceManager] Registering I2C interface: /dev/i2c-0 Device 0000:0000 Subsystem: 0000:0000
7154712|Info:    [ResourceManager] Registering I2C interface: /dev/i2c-ELAN050A:00 Device 0000:0000 Subsystem: 0000:0000
7154712|Info:    [ResourceManager] Registering I2C interface: /dev/i2c-7 Device 1022:790B Subsystem: 1025:151E
7154712|Info:    [ResourceManager] Registering I2C interface: /dev/i2c-5 Device 1022:790B Subsystem: 1025:151E
7154712|Info:    ------------------------------------------------------
7154712|Info:    |               Detecting I2C devices                |
7154712|Info:    ------------------------------------------------------
7155796|Info:    ------------------------------------------------------
7155796|Info:    |            Detecting I2C DIMM modules              |
7155796|Info:    ------------------------------------------------------
7155971|Info:    [ResourceManager] Detected occupied slot 1, bus 8, type FPM
7156100|Info:    [ResourceManager] Detected occupied slot 2, bus 8, type FPM
7156869|Info:    [ResourceManager] Detected occupied slot 1, bus 9, type DDR4
7158152|Info:    [ResourceManager] Detected occupied slot 2, bus 9, type DDR4
7159182|Info:    ------------------------------------------------------
7159182|Info:    |               Detecting I2C PCI devices            |
7159182|Info:    ------------------------------------------------------
7159184|Info:    ------------------------------------------------------
7159184|Info:    |               Detecting HID devices                |
7159184|Info:    ------------------------------------------------------
7159216|Info:    [Razer Deathadder V2] Registering RGB controller
7159269|Info:    [Corsair K65 Mini] Registering RGB controller
7159269|Info:    ------------------------------------------------------
7159269|Info:    |            Detecting libusb HID devices            |
7159269|Info:    ------------------------------------------------------
7159323|Info:    ------------------------------------------------------
7159323|Info:    |              Detecting other devices               |
7159323|Info:    ------------------------------------------------------
7159339|Info:    [ResourceManager] Calling Post-detection callbacks
7159339|Info:    ------------------------------------------------------
7159339|Info:    |                Detection completed                 |
7159339|Info:    ------------------------------------------------------
7159339|Dialog:  <h2>Some internal devices may not be detected:</h2><p>One or more I2C or SMBus interfaces failed to initialize.</p><p><b>RGB DRAM modules, some motherboards' onboard RGB lighting, and RGB Graphics Cards, will not be available in OpenRGB</b> without I2C or SMBus.</p><h4>How to fix this:</h4><p>On Linux, this is usually because the i2c-dev module is not loaded.</p><p>You must load the i2c-dev module along with the correct i2c driver for your motherboard. This is usually i2c-piix4 for AMD systems and i2c-i801 for Intel systems.</p><p>See <a href='https://help.openrgb.org/'>help.openrgb.org</a> for additional troubleshooting steps if you keep seeing this message.<br></p><h3>If you are not using internal RGB on a desktop this message is not important to you.</h3>
