    OpenRGB v0.9+ (1.0rc2)
    Commit:  from 
    Launched: 20260227_151628
====================================================================================================

0     |Info:    [ProfileManager] Found file: teste.orp attempting to validate header
0     |Info:    [ProfileManager] Valid v5 profile found for teste
1054  |Info:    [ResourceManager] Initializing HID interfaces: Success
1054  |Info:    ------------------------------------------------------
1054  |Info:    |               Start device detection               |
1054  |Info:    ------------------------------------------------------
1068  |Info:    ------------------------------------------------------
1068  |Info:    |             Detecting I2C interfaces               |
1068  |Info:    ------------------------------------------------------
1068  |Info:    [ResourceManager] Registering I2C interface: /dev/i2c-3 Device 1002:1638 Subsystem: 1025:151E
1068  |Info:    [ResourceManager] Registering I2C interface: /dev/i2c-1 Device 10DE:1F9D Subsystem: 1025:151E
1068  |Warning: [i2c_smbus_linux] Failed to read i2c device PCI device ID
1068  |Info:    [ResourceManager] Registering I2C interface: /dev/i2c-8 Device 0000:0000 Subsystem: 0000:0000
1068  |Info:    [ResourceManager] Registering I2C interface: /dev/i2c-6 Device 1022:790B Subsystem: 1025:151E
1068  |Warning: [i2c_smbus_linux] Failed to read i2c device PCI device ID
1068  |Info:    [ResourceManager] Registering I2C interface: /dev/i2c-4 Device 0000:0000 Subsystem: 0000:0000
1068  |Info:    [ResourceManager] Registering I2C interface: /dev/i2c-2 Device 10DE:1F9D Subsystem: 1025:151E
1068  |Info:    [ResourceManager] Registering I2C interface: /dev/i2c-0 Device 0000:0000 Subsystem: 0000:0000
1069  |Info:    [ResourceManager] Registering I2C interface: /dev/i2c-ELAN050A:00 Device 0000:0000 Subsystem: 0000:0000
1069  |Info:    [ResourceManager] Registering I2C interface: /dev/i2c-7 Device 1022:790B Subsystem: 1025:151E
1069  |Info:    [ResourceManager] Registering I2C interface: /dev/i2c-5 Device 1022:790B Subsystem: 1025:151E
1069  |Info:    ------------------------------------------------------
1069  |Info:    |               Detecting I2C devices                |
1069  |Info:    ------------------------------------------------------
2137  |Info:    ------------------------------------------------------
2137  |Info:    |            Detecting I2C DIMM modules              |
2137  |Info:    ------------------------------------------------------
2307  |Info:    [ResourceManager] Detected occupied slot 1, bus 8, type FPM
2436  |Info:    [ResourceManager] Detected occupied slot 2, bus 8, type FPM
2825  |Info:    [ResourceManager] Detected occupied slot 1, bus 9, type DDR4
3474  |Info:    [ResourceManager] Detected occupied slot 2, bus 9, type DDR4
3995  |Info:    ------------------------------------------------------
3995  |Info:    |               Detecting I2C PCI devices            |
3995  |Info:    ------------------------------------------------------
3997  |Info:    ------------------------------------------------------
3997  |Info:    |               Detecting HID devices                |
3997  |Info:    ------------------------------------------------------
4030  |Info:    [Razer Deathadder V2] Registering RGB controller
4082  |Info:    [Corsair K65 Mini] Registering RGB controller
4082  |Info:    ------------------------------------------------------
4082  |Info:    |            Detecting libusb HID devices            |
4082  |Info:    ------------------------------------------------------
4178  |Info:    ------------------------------------------------------
4178  |Info:    |              Detecting other devices               |
4178  |Info:    ------------------------------------------------------
4209  |Info:    [ResourceManager] Calling Post-detection callbacks
4209  |Info:    ------------------------------------------------------
4209  |Info:    |                Detection completed                 |
4209  |Info:    ------------------------------------------------------
4209  |Dialog:  <h2>Some internal devices may not be detected:</h2><p>One or more I2C or SMBus interfaces failed to initialize.</p><p><b>RGB DRAM modules, some motherboards' onboard RGB lighting, and RGB Graphics Cards, will not be available in OpenRGB</b> without I2C or SMBus.</p><h4>How to fix this:</h4><p>On Linux, this is usually because the i2c-dev module is not loaded.</p><p>You must load the i2c-dev module along with the correct i2c driver for your motherboard. This is usually i2c-piix4 for AMD systems and i2c-i801 for Intel systems.</p><p>See <a href='https://help.openrgb.org/'>help.openrgb.org</a> for additional troubleshooting steps if you keep seeing this message.<br></p><h3>If you are not using internal RGB on a desktop this message is not important to you.</h3>
10083 |Info:    [ResourceManager] Initializing HID interfaces: Success
10083 |Info:    ------------------------------------------------------
10083 |Info:    |               Start device detection               |
10083 |Info:    ------------------------------------------------------
10097 |Info:    ------------------------------------------------------
10097 |Info:    |             Detecting I2C interfaces               |
10097 |Info:    ------------------------------------------------------
10098 |Info:    [ResourceManager] Registering I2C interface: /dev/i2c-3 Device 1002:1638 Subsystem: 1025:151E
10098 |Info:    [ResourceManager] Registering I2C interface: /dev/i2c-1 Device 10DE:1F9D Subsystem: 1025:151E
10098 |Warning: [i2c_smbus_linux] Failed to read i2c device PCI device ID
10098 |Info:    [ResourceManager] Registering I2C interface: /dev/i2c-8 Device 0000:0000 Subsystem: 0000:0000
10098 |Info:    [ResourceManager] Registering I2C interface: /dev/i2c-6 Device 1022:790B Subsystem: 1025:151E
10098 |Warning: [i2c_smbus_linux] Failed to read i2c device PCI device ID
10098 |Info:    [ResourceManager] Registering I2C interface: /dev/i2c-4 Device 0000:0000 Subsystem: 0000:0000
10098 |Info:    [ResourceManager] Registering I2C interface: /dev/i2c-2 Device 10DE:1F9D Subsystem: 1025:151E
10098 |Info:    [ResourceManager] Registering I2C interface: /dev/i2c-0 Device 0000:0000 Subsystem: 0000:0000
10098 |Info:    [ResourceManager] Registering I2C interface: /dev/i2c-ELAN050A:00 Device 0000:0000 Subsystem: 0000:0000
10098 |Info:    [ResourceManager] Registering I2C interface: /dev/i2c-7 Device 1022:790B Subsystem: 1025:151E
10098 |Info:    [ResourceManager] Registering I2C interface: /dev/i2c-5 Device 1022:790B Subsystem: 1025:151E
10098 |Info:    ------------------------------------------------------
10098 |Info:    |               Detecting I2C devices                |
10098 |Info:    ------------------------------------------------------
11168 |Info:    ------------------------------------------------------
11168 |Info:    |            Detecting I2C DIMM modules              |
11168 |Info:    ------------------------------------------------------
11336 |Info:    [ResourceManager] Detected occupied slot 1, bus 8, type FPM
11466 |Info:    [ResourceManager] Detected occupied slot 2, bus 8, type FPM
11856 |Info:    [ResourceManager] Detected occupied slot 1, bus 9, type DDR4
12503 |Info:    [ResourceManager] Detected occupied slot 2, bus 9, type DDR4
13025 |Info:    ------------------------------------------------------
13025 |Info:    |               Detecting I2C PCI devices            |
13025 |Info:    ------------------------------------------------------
13028 |Info:    ------------------------------------------------------
13028 |Info:    |               Detecting HID devices                |
13028 |Info:    ------------------------------------------------------
13061 |Info:    [Razer Deathadder V2] Registering RGB controller
13113 |Info:    [Corsair K65 Mini] Registering RGB controller
13113 |Info:    ------------------------------------------------------
13113 |Info:    |            Detecting libusb HID devices            |
13113 |Info:    ------------------------------------------------------
13194 |Info:    ------------------------------------------------------
13194 |Info:    |              Detecting other devices               |
13194 |Info:    ------------------------------------------------------
13208 |Info:    [ResourceManager] Calling Post-detection callbacks
13208 |Info:    ------------------------------------------------------
13208 |Info:    |                Detection completed                 |
13208 |Info:    ------------------------------------------------------
13208 |Dialog:  <h2>Some internal devices may not be detected:</h2><p>One or more I2C or SMBus interfaces failed to initialize.</p><p><b>RGB DRAM modules, some motherboards' onboard RGB lighting, and RGB Graphics Cards, will not be available in OpenRGB</b> without I2C or SMBus.</p><h4>How to fix this:</h4><p>On Linux, this is usually because the i2c-dev module is not loaded.</p><p>You must load the i2c-dev module along with the correct i2c driver for your motherboard. This is usually i2c-piix4 for AMD systems and i2c-i801 for Intel systems.</p><p>See <a href='https://help.openrgb.org/'>help.openrgb.org</a> for additional troubleshooting steps if you keep seeing this message.<br></p><h3>If you are not using internal RGB on a desktop this message is not important to you.</h3>
16114 |Info:    [ResourceManager] Initializing HID interfaces: Success
16114 |Info:    ------------------------------------------------------
16114 |Info:    |               Start device detection               |
16114 |Info:    ------------------------------------------------------
16130 |Info:    ------------------------------------------------------
16130 |Info:    |             Detecting I2C interfaces               |
16130 |Info:    ------------------------------------------------------
16130 |Info:    [ResourceManager] Registering I2C interface: /dev/i2c-3 Device 1002:1638 Subsystem: 1025:151E
16130 |Info:    [ResourceManager] Registering I2C interface: /dev/i2c-1 Device 10DE:1F9D Subsystem: 1025:151E
16130 |Warning: [i2c_smbus_linux] Failed to read i2c device PCI device ID
16130 |Info:    [ResourceManager] Registering I2C interface: /dev/i2c-8 Device 0000:0000 Subsystem: 0000:0000
16130 |Info:    [ResourceManager] Registering I2C interface: /dev/i2c-6 Device 1022:790B Subsystem: 1025:151E
16130 |Warning: [i2c_smbus_linux] Failed to read i2c device PCI device ID
16130 |Info:    [ResourceManager] Registering I2C interface: /dev/i2c-4 Device 0000:0000 Subsystem: 0000:0000
16130 |Info:    [ResourceManager] Registering I2C interface: /dev/i2c-2 Device 10DE:1F9D Subsystem: 1025:151E
16131 |Info:    [ResourceManager] Registering I2C interface: /dev/i2c-0 Device 0000:0000 Subsystem: 0000:0000
16131 |Info:    [ResourceManager] Registering I2C interface: /dev/i2c-ELAN050A:00 Device 0000:0000 Subsystem: 0000:0000
16131 |Info:    [ResourceManager] Registering I2C interface: /dev/i2c-7 Device 1022:790B Subsystem: 1025:151E
16131 |Info:    [ResourceManager] Registering I2C interface: /dev/i2c-5 Device 1022:790B Subsystem: 1025:151E
16131 |Info:    ------------------------------------------------------
16131 |Info:    |               Detecting I2C devices                |
16131 |Info:    ------------------------------------------------------
17198 |Info:    ------------------------------------------------------
17198 |Info:    |            Detecting I2C DIMM modules              |
17198 |Info:    ------------------------------------------------------
17369 |Info:    [ResourceManager] Detected occupied slot 1, bus 8, type FPM
17498 |Info:    [ResourceManager] Detected occupied slot 2, bus 8, type FPM
17886 |Info:    [ResourceManager] Detected occupied slot 1, bus 9, type DDR4
18539 |Info:    [ResourceManager] Detected occupied slot 2, bus 9, type DDR4
19059 |Info:    ------------------------------------------------------
19059 |Info:    |               Detecting I2C PCI devices            |
19059 |Info:    ------------------------------------------------------
19061 |Info:    ------------------------------------------------------
19061 |Info:    |               Detecting HID devices                |
19061 |Info:    ------------------------------------------------------
19095 |Info:    [Razer Deathadder V2] Registering RGB controller
19147 |Info:    [Corsair K65 Mini] Registering RGB controller
19147 |Info:    ------------------------------------------------------
19147 |Info:    |            Detecting libusb HID devices            |
19147 |Info:    ------------------------------------------------------
19228 |Info:    ------------------------------------------------------
19228 |Info:    |              Detecting other devices               |
19228 |Info:    ------------------------------------------------------
19242 |Info:    [ResourceManager] Calling Post-detection callbacks
19242 |Info:    ------------------------------------------------------
19242 |Info:    |                Detection completed                 |
19242 |Info:    ------------------------------------------------------
19242 |Dialog:  <h2>Some internal devices may not be detected:</h2><p>One or more I2C or SMBus interfaces failed to initialize.</p><p><b>RGB DRAM modules, some motherboards' onboard RGB lighting, and RGB Graphics Cards, will not be available in OpenRGB</b> without I2C or SMBus.</p><h4>How to fix this:</h4><p>On Linux, this is usually because the i2c-dev module is not loaded.</p><p>You must load the i2c-dev module along with the correct i2c driver for your motherboard. This is usually i2c-piix4 for AMD systems and i2c-i801 for Intel systems.</p><p>See <a href='https://help.openrgb.org/'>help.openrgb.org</a> for additional troubleshooting steps if you keep seeing this message.<br></p><h3>If you are not using internal RGB on a desktop this message is not important to you.</h3>
