    OpenRGB v0.9+ (1.0rc2)
    Commit:  from 
    Launched: 20260201_095129
====================================================================================================

1     |Info:    [ProfileManager] Found file: teste.orp attempting to validate header
1     |Info:    [ProfileManager] Valid v5 profile found for teste
73    |Info:    [ResourceManager] Initializing HID interfaces: Success
73    |Info:    ------------------------------------------------------
73    |Info:    |               Start device detection               |
73    |Info:    ------------------------------------------------------
85    |Info:    ------------------------------------------------------
85    |Info:    |             Detecting I2C interfaces               |
85    |Info:    ------------------------------------------------------
85    |Info:    [ResourceManager] Registering I2C interface: /dev/i2c-3 Device 1022:790B Subsystem: 1025:151E
86    |Info:    [ResourceManager] Registering I2C interface: /dev/i2c-1 Device 1002:1638 Subsystem: 1025:151E
86    |Warning: [i2c_smbus_linux] Failed to read i2c device PCI device ID
86    |Info:    [ResourceManager] Registering I2C interface: /dev/i2c-8 Device 0000:0000 Subsystem: 0000:0000
86    |Info:    [ResourceManager] Registering I2C interface: /dev/i2c-6 Device 10DE:1F9D Subsystem: 1025:151E
86    |Info:    [ResourceManager] Registering I2C interface: /dev/i2c-4 Device 1022:790B Subsystem: 1025:151E
86    |Warning: [i2c_smbus_linux] Failed to read i2c device PCI device ID
86    |Info:    [ResourceManager] Registering I2C interface: /dev/i2c-2 Device 0000:0000 Subsystem: 0000:0000
86    |Info:    [ResourceManager] Registering I2C interface: /dev/i2c-0 Device 0000:0000 Subsystem: 0000:0000
86    |Info:    [ResourceManager] Registering I2C interface: /dev/i2c-ELAN050A:00 Device 0000:0000 Subsystem: 0000:0000
86    |Info:    [ResourceManager] Registering I2C interface: /dev/i2c-7 Device 10DE:1F9D Subsystem: 1025:151E
86    |Info:    [ResourceManager] Registering I2C interface: /dev/i2c-5 Device 1022:790B Subsystem: 1025:151E
86    |Info:    ------------------------------------------------------
86    |Info:    |               Detecting I2C devices                |
86    |Info:    ------------------------------------------------------
1172  |Info:    ------------------------------------------------------
1172  |Info:    |            Detecting I2C DIMM modules              |
1172  |Info:    ------------------------------------------------------
1569  |Info:    [ResourceManager] Detected occupied slot 1, bus 0, type DDR4
2224  |Info:    [ResourceManager] Detected occupied slot 2, bus 0, type DDR4
2924  |Info:    [ResourceManager] Detected occupied slot 1, bus 9, type FPM
3054  |Info:    [ResourceManager] Detected occupied slot 2, bus 9, type FPM
3054  |Info:    ------------------------------------------------------
3054  |Info:    |               Detecting I2C PCI devices            |
3054  |Info:    ------------------------------------------------------
3055  |Info:    ------------------------------------------------------
3055  |Info:    |               Detecting HID devices                |
3055  |Info:    ------------------------------------------------------
3093  |Info:    [Razer Deathadder V2] Registering RGB controller
3094  |Info:    ------------------------------------------------------
3094  |Info:    |            Detecting libusb HID devices            |
3094  |Info:    ------------------------------------------------------
3157  |Info:    ------------------------------------------------------
3158  |Info:    |              Detecting other devices               |
3158  |Info:    ------------------------------------------------------
3216  |Info:    [ResourceManager] Calling Post-detection callbacks
3216  |Info:    ------------------------------------------------------
3216  |Info:    |                Detection completed                 |
3216  |Info:    ------------------------------------------------------
3216  |Dialog:  <h2>Some internal devices may not be detected:</h2><p>One or more I2C or SMBus interfaces failed to initialize.</p><p><b>RGB DRAM modules, some motherboards' onboard RGB lighting, and RGB Graphics Cards, will not be available in OpenRGB</b> without I2C or SMBus.</p><h4>How to fix this:</h4><p>On Linux, this is usually because the i2c-dev module is not loaded.</p><p>You must load the i2c-dev module along with the correct i2c driver for your motherboard. This is usually i2c-piix4 for AMD systems and i2c-i801 for Intel systems.</p><p>See <a href='https://help.openrgb.org/'>help.openrgb.org</a> for additional troubleshooting steps if you keep seeing this message.<br></p><h3>If you are not using internal RGB on a desktop this message is not important to you.</h3>
24204 |Info:    [ResourceManager] Initializing HID interfaces: Success
24204 |Info:    ------------------------------------------------------
24204 |Info:    |               Start device detection               |
24204 |Info:    ------------------------------------------------------
24216 |Info:    ------------------------------------------------------
24216 |Info:    |             Detecting I2C interfaces               |
24216 |Info:    ------------------------------------------------------
24216 |Info:    [ResourceManager] Registering I2C interface: /dev/i2c-3 Device 1022:790B Subsystem: 1025:151E
24216 |Info:    [ResourceManager] Registering I2C interface: /dev/i2c-1 Device 1002:1638 Subsystem: 1025:151E
24217 |Warning: [i2c_smbus_linux] Failed to read i2c device PCI device ID
24217 |Info:    [ResourceManager] Registering I2C interface: /dev/i2c-8 Device 0000:0000 Subsystem: 0000:0000
24217 |Info:    [ResourceManager] Registering I2C interface: /dev/i2c-6 Device 10DE:1F9D Subsystem: 1025:151E
24217 |Info:    [ResourceManager] Registering I2C interface: /dev/i2c-4 Device 1022:790B Subsystem: 1025:151E
24217 |Warning: [i2c_smbus_linux] Failed to read i2c device PCI device ID
24217 |Info:    [ResourceManager] Registering I2C interface: /dev/i2c-2 Device 0000:0000 Subsystem: 0000:0000
24217 |Info:    [ResourceManager] Registering I2C interface: /dev/i2c-0 Device 0000:0000 Subsystem: 0000:0000
24217 |Info:    [ResourceManager] Registering I2C interface: /dev/i2c-ELAN050A:00 Device 0000:0000 Subsystem: 0000:0000
24217 |Info:    [ResourceManager] Registering I2C interface: /dev/i2c-7 Device 10DE:1F9D Subsystem: 1025:151E
24217 |Info:    [ResourceManager] Registering I2C interface: /dev/i2c-5 Device 1022:790B Subsystem: 1025:151E
24217 |Info:    ------------------------------------------------------
24217 |Info:    |               Detecting I2C devices                |
24217 |Info:    ------------------------------------------------------
25308 |Info:    ------------------------------------------------------
25308 |Info:    |            Detecting I2C DIMM modules              |
25308 |Info:    ------------------------------------------------------
25701 |Info:    [ResourceManager] Detected occupied slot 1, bus 0, type DDR4
26355 |Info:    [ResourceManager] Detected occupied slot 2, bus 0, type DDR4
27062 |Info:    [ResourceManager] Detected occupied slot 1, bus 9, type FPM
27191 |Info:    [ResourceManager] Detected occupied slot 2, bus 9, type FPM
27191 |Info:    ------------------------------------------------------
27191 |Info:    |               Detecting I2C PCI devices            |
27191 |Info:    ------------------------------------------------------
27194 |Info:    ------------------------------------------------------
27194 |Info:    |               Detecting HID devices                |
27194 |Info:    ------------------------------------------------------
27225 |Info:    [Razer Deathadder V2] Registering RGB controller
27225 |Info:    ------------------------------------------------------
27225 |Info:    |            Detecting libusb HID devices            |
27225 |Info:    ------------------------------------------------------
27275 |Info:    ------------------------------------------------------
27275 |Info:    |              Detecting other devices               |
27275 |Info:    ------------------------------------------------------
27290 |Info:    [ResourceManager] Calling Post-detection callbacks
27290 |Info:    ------------------------------------------------------
27290 |Info:    |                Detection completed                 |
27290 |Info:    ------------------------------------------------------
27290 |Dialog:  <h2>Some internal devices may not be detected:</h2><p>One or more I2C or SMBus interfaces failed to initialize.</p><p><b>RGB DRAM modules, some motherboards' onboard RGB lighting, and RGB Graphics Cards, will not be available in OpenRGB</b> without I2C or SMBus.</p><h4>How to fix this:</h4><p>On Linux, this is usually because the i2c-dev module is not loaded.</p><p>You must load the i2c-dev module along with the correct i2c driver for your motherboard. This is usually i2c-piix4 for AMD systems and i2c-i801 for Intel systems.</p><p>See <a href='https://help.openrgb.org/'>help.openrgb.org</a> for additional troubleshooting steps if you keep seeing this message.<br></p><h3>If you are not using internal RGB on a desktop this message is not important to you.</h3>
35471 |Info:    [ProfileManager] Profile loading: Succeeded for Razer Deathadder V2 @ HID: /dev/hidraw2
