    OpenRGB v0.9+ (1.0rc2)
    Commit:  from 
    Launched: 20260317_102807
====================================================================================================

0     |Info:    [ProfileManager] Found file: teste.orp attempting to validate header
0     |Info:    [ProfileManager] Valid v5 profile found for teste
1066  |Info:    [ResourceManager] Initializing HID interfaces: Success
1066  |Info:    ------------------------------------------------------
1066  |Info:    |               Start device detection               |
1066  |Info:    ------------------------------------------------------
1086  |Info:    ------------------------------------------------------
1086  |Info:    |             Detecting I2C interfaces               |
1086  |Info:    ------------------------------------------------------
1086  |Info:    [ResourceManager] Registering I2C interface: /dev/i2c-3 Device 1002:1638 Subsystem: 1025:151E
1086  |Info:    [ResourceManager] Registering I2C interface: /dev/i2c-1 Device 10DE:1F9D Subsystem: 1025:151E
1086  |Warning: [i2c_smbus_linux] Failed to read i2c device PCI device ID
1086  |Info:    [ResourceManager] Registering I2C interface: /dev/i2c-8 Device 0000:0000 Subsystem: 0000:0000
1086  |Info:    [ResourceManager] Registering I2C interface: /dev/i2c-6 Device 1022:790B Subsystem: 1025:151E
1086  |Warning: [i2c_smbus_linux] Failed to read i2c device PCI device ID
1087  |Info:    [ResourceManager] Registering I2C interface: /dev/i2c-4 Device 0000:0000 Subsystem: 0000:0000
1087  |Info:    [ResourceManager] Registering I2C interface: /dev/i2c-2 Device 10DE:1F9D Subsystem: 1025:151E
1087  |Info:    [ResourceManager] Registering I2C interface: /dev/i2c-0 Device 0000:0000 Subsystem: 0000:0000
1087  |Info:    [ResourceManager] Registering I2C interface: /dev/i2c-ELAN050A:00 Device 0000:0000 Subsystem: 0000:0000
1087  |Info:    [ResourceManager] Registering I2C interface: /dev/i2c-7 Device 1022:790B Subsystem: 1025:151E
1087  |Info:    [ResourceManager] Registering I2C interface: /dev/i2c-5 Device 1022:790B Subsystem: 1025:151E
1087  |Info:    ------------------------------------------------------
1087  |Info:    |               Detecting I2C devices                |
1087  |Info:    ------------------------------------------------------
2270  |Info:    ------------------------------------------------------
2270  |Info:    |            Detecting I2C DIMM modules              |
2270  |Info:    ------------------------------------------------------
2558  |Info:    [ResourceManager] Detected occupied slot 1, bus 8, type FPM
2827  |Info:    [ResourceManager] Detected occupied slot 2, bus 8, type FPM
3732  |Info:    [ResourceManager] Detected occupied slot 1, bus 9, type DDR4
5025  |Info:    [ResourceManager] Detected occupied slot 2, bus 9, type DDR4
5927  |Info:    ------------------------------------------------------
5927  |Info:    |               Detecting I2C PCI devices            |
5927  |Info:    ------------------------------------------------------
5929  |Info:    ------------------------------------------------------
5929  |Info:    |               Detecting HID devices                |
5929  |Info:    ------------------------------------------------------
5963  |Info:    [Razer Deathadder V2] Registering RGB controller
5965  |Info:    [Corsair K65 Mini] Registering RGB controller
5965  |Info:    ------------------------------------------------------
5965  |Info:    |            Detecting libusb HID devices            |
5965  |Info:    ------------------------------------------------------
6035  |Info:    ------------------------------------------------------
6035  |Info:    |              Detecting other devices               |
6035  |Info:    ------------------------------------------------------
6077  |Info:    [ResourceManager] Calling Post-detection callbacks
6077  |Info:    ------------------------------------------------------
6077  |Info:    |                Detection completed                 |
6077  |Info:    ------------------------------------------------------
6077  |Dialog:  <h2>Some internal devices may not be detected:</h2><p>One or more I2C or SMBus interfaces failed to initialize.</p><p><b>RGB DRAM modules, some motherboards' onboard RGB lighting, and RGB Graphics Cards, will not be available in OpenRGB</b> without I2C or SMBus.</p><h4>How to fix this:</h4><p>On Linux, this is usually because the i2c-dev module is not loaded.</p><p>You must load the i2c-dev module along with the correct i2c driver for your motherboard. This is usually i2c-piix4 for AMD systems and i2c-i801 for Intel systems.</p><p>See <a href='https://help.openrgb.org/'>help.openrgb.org</a> for additional troubleshooting steps if you keep seeing this message.<br></p><h3>If you are not using internal RGB on a desktop this message is not important to you.</h3>
6077  |Info:    [NetworkServer] Network connection thread started on port 6742
7054  |Info:    [NetworkServer] Network server started
7054  |Info:    [NetworkServer] Network server started
8762  |ERROR:   [NetworkServer] recv_select failed receiving magic, closing listener
8766  |Info:    [NetworkServer] Closing server connection: 127.0.0.1
