    OpenRGB v0.9+ (1.0rc2)
    Commit:  from 
    Launched: 20260323_170445
====================================================================================================

0     |Info:    [ProfileManager] Found file: teste.orp attempting to validate header
0     |Info:    [ProfileManager] Valid v5 profile found for teste
1059  |Info:    [ResourceManager] Initializing HID interfaces: Success
1059  |Info:    ------------------------------------------------------
1059  |Info:    |               Start device detection               |
1059  |Info:    ------------------------------------------------------
1061  |Info:    ------------------------------------------------------
1061  |Info:    |             Detecting I2C interfaces               |
1061  |Info:    ------------------------------------------------------
1061  |Info:    [ResourceManager] Registering I2C interface: /dev/i2c-3 Device 1002:1638 Subsystem: 1025:151E
1061  |Info:    [ResourceManager] Registering I2C interface: /dev/i2c-1 Device 10DE:1F9D Subsystem: 1025:151E
1061  |Info:    [ResourceManager] Registering I2C interface: /dev/i2c-6 Device 1022:790B Subsystem: 1025:151E
1061  |Warning: [i2c_smbus_linux] Failed to read i2c device PCI device ID
1061  |Info:    [ResourceManager] Registering I2C interface: /dev/i2c-4 Device 0000:0000 Subsystem: 0000:0000
1061  |Info:    [ResourceManager] Registering I2C interface: /dev/i2c-2 Device 10DE:1F9D Subsystem: 1025:151E
1061  |Info:    [ResourceManager] Registering I2C interface: /dev/i2c-0 Device 0000:0000 Subsystem: 0000:0000
1062  |Info:    [ResourceManager] Registering I2C interface: /dev/i2c-ELAN050A:00 Device 0000:0000 Subsystem: 0000:0000
1062  |Info:    [ResourceManager] Registering I2C interface: /dev/i2c-7 Device 1022:790B Subsystem: 1025:151E
1062  |Info:    [ResourceManager] Registering I2C interface: /dev/i2c-5 Device 1022:790B Subsystem: 1025:151E
1062  |Info:    ------------------------------------------------------
1062  |Info:    |               Detecting I2C devices                |
1062  |Info:    ------------------------------------------------------
2226  |Info:    ------------------------------------------------------
2226  |Info:    |            Detecting I2C DIMM modules              |
2226  |Info:    ------------------------------------------------------
2657  |Info:    [ResourceManager] Detected occupied slot 1, bus 7, type FPM
3046  |Info:    [ResourceManager] Detected occupied slot 2, bus 7, type FPM
3823  |Info:    [ResourceManager] Detected occupied slot 1, bus 8, type DDR4
4990  |Info:    [ResourceManager] Detected occupied slot 2, bus 8, type DDR4
5902  |Info:    ------------------------------------------------------
5902  |Info:    |               Detecting I2C PCI devices            |
5902  |Info:    ------------------------------------------------------
5903  |Info:    ------------------------------------------------------
5903  |Info:    |               Detecting HID devices                |
5903  |Info:    ------------------------------------------------------
5904  |Info:    ------------------------------------------------------
5904  |Info:    |            Detecting libusb HID devices            |
5904  |Info:    ------------------------------------------------------
5908  |Info:    ------------------------------------------------------
5908  |Info:    |              Detecting other devices               |
5908  |Info:    ------------------------------------------------------
5920  |Info:    [ResourceManager] Calling Post-detection callbacks
5920  |Info:    ------------------------------------------------------
5920  |Info:    |                Detection completed                 |
5920  |Info:    ------------------------------------------------------
5920  |Dialog:  <h2>Some internal devices may not be detected:</h2><p>One or more I2C or SMBus interfaces failed to initialize.</p><p><b>RGB DRAM modules, some motherboards' onboard RGB lighting, and RGB Graphics Cards, will not be available in OpenRGB</b> without I2C or SMBus.</p><h4>How to fix this:</h4><p>On Linux, this is usually because the i2c-dev module is not loaded.</p><p>You must load the i2c-dev module along with the correct i2c driver for your motherboard. This is usually i2c-piix4 for AMD systems and i2c-i801 for Intel systems.</p><p>See <a href='https://help.openrgb.org/'>help.openrgb.org</a> for additional troubleshooting steps if you keep seeing this message.<br></p><h3>If you are not using internal RGB on a desktop this message is not important to you.</h3>
5920  |Info:    [NetworkServer] Network connection thread started on port 6742
6053  |Info:    [NetworkServer] Network server started
6053  |Info:    [NetworkServer] Network server started
6678  |ERROR:   [NetworkServer] recv_select failed receiving magic, closing listener
6681  |Info:    [NetworkServer] Closing server connection: 127.0.0.1
