    OpenRGB v0.9+ (1.0rc2)
    Commit:  from 
    Launched: 20260131_104113
====================================================================================================

53    |Info:    [ResourceManager] Saving detector settings
54    |Info:    [ResourceManager] Initializing HID interfaces: Success
54    |Info:    ------------------------------------------------------
54    |Info:    |               Start device detection               |
54    |Info:    ------------------------------------------------------
68    |Info:    ------------------------------------------------------
68    |Info:    |             Detecting I2C interfaces               |
68    |Info:    ------------------------------------------------------
68    |Info:    [ResourceManager] Registering I2C interface: /dev/i2c-3 Device 1022:790B Subsystem: 1025:151E
68    |Info:    [ResourceManager] Registering I2C interface: /dev/i2c-1 Device 1002:1638 Subsystem: 1025:151E
68    |Warning: [i2c_smbus_linux] Failed to read i2c device PCI device ID
68    |Info:    [ResourceManager] Registering I2C interface: /dev/i2c-8 Device 0000:0000 Subsystem: 0000:0000
69    |Info:    [ResourceManager] Registering I2C interface: /dev/i2c-6 Device 10DE:1F9D Subsystem: 1025:151E
69    |Info:    [ResourceManager] Registering I2C interface: /dev/i2c-4 Device 1022:790B Subsystem: 1025:151E
69    |Warning: [i2c_smbus_linux] Failed to read i2c device PCI device ID
69    |Info:    [ResourceManager] Registering I2C interface: /dev/i2c-2 Device 0000:0000 Subsystem: 0000:0000
69    |Info:    [ResourceManager] Registering I2C interface: /dev/i2c-0 Device 0000:0000 Subsystem: 0000:0000
69    |Info:    [ResourceManager] Registering I2C interface: /dev/i2c-ELAN050A:00 Device 0000:0000 Subsystem: 0000:0000
69    |Info:    [ResourceManager] Registering I2C interface: /dev/i2c-7 Device 10DE:1F9D Subsystem: 1025:151E
69    |Info:    [ResourceManager] Registering I2C interface: /dev/i2c-5 Device 1022:790B Subsystem: 1025:151E
69    |Info:    ------------------------------------------------------
69    |Info:    |               Detecting I2C devices                |
69    |Info:    ------------------------------------------------------
1151  |Info:    ------------------------------------------------------
1151  |Info:    |            Detecting I2C DIMM modules              |
1151  |Info:    ------------------------------------------------------
1539  |Info:    [ResourceManager] Detected occupied slot 1, bus 0, type DDR4
2186  |Info:    [ResourceManager] Detected occupied slot 2, bus 0, type DDR4
2878  |Info:    [ResourceManager] Detected occupied slot 1, bus 9, type FPM
3008  |Info:    [ResourceManager] Detected occupied slot 2, bus 9, type FPM
3008  |Info:    ------------------------------------------------------
3008  |Info:    |               Detecting I2C PCI devices            |
3008  |Info:    ------------------------------------------------------
3010  |Info:    ------------------------------------------------------
3010  |Info:    |               Detecting HID devices                |
3010  |Info:    ------------------------------------------------------
3042  |Info:    [Razer Deathadder V2] Registering RGB controller
3094  |Info:    [Corsair K65 Mini] Registering RGB controller
3094  |Info:    ------------------------------------------------------
3094  |Info:    |            Detecting libusb HID devices            |
3094  |Info:    ------------------------------------------------------
3164  |Info:    ------------------------------------------------------
3164  |Info:    |              Detecting other devices               |
3164  |Info:    ------------------------------------------------------
3236  |Info:    [ResourceManager] Calling Post-detection callbacks
3236  |Info:    ------------------------------------------------------
3236  |Info:    |                Detection completed                 |
3236  |Info:    ------------------------------------------------------
3236  |Dialog:  <h2>Some internal devices may not be detected:</h2><p>One or more I2C or SMBus interfaces failed to initialize.</p><p><b>RGB DRAM modules, some motherboards' onboard RGB lighting, and RGB Graphics Cards, will not be available in OpenRGB</b> without I2C or SMBus.</p><h4>How to fix this:</h4><p>On Linux, this is usually because the i2c-dev module is not loaded.</p><p>You must load the i2c-dev module along with the correct i2c driver for your motherboard. This is usually i2c-piix4 for AMD systems and i2c-i801 for Intel systems.</p><p>See <a href='https://help.openrgb.org/'>help.openrgb.org</a> for additional troubleshooting steps if you keep seeing this message.<br></p><h3>If you are not using internal RGB on a desktop this message is not important to you.</h3>
